2019-04-30 00:11:46,491 - error - url->http://localhost:3000/cms/admin/authority
2019-04-30 00:14:43,536 - error - url->http://localhost:3000/cms/admin/authority
2019-04-30 00:16:39,384 - error - url->http://localhost:3000/cms/admin/authority
2019-04-30 11:23:46,835 - error - url->http://localhost:3000/cms/admin/authority
2019-04-30 11:23:50,905 - error - url->http://localhost:3000/cms/user/login
2019-04-30 11:23:53,110 - error - url->http://localhost:3000/cms/admin/authority
2019-04-30 11:45:43,093 - error - url->http://localhost:3000/cms/admin/authority
2019-04-30 11:46:22,023 - error - url->http://localhost:3000/cms/admin/authority
2019-04-30 11:47:42,304 - error - url->http://localhost:3000/cms/admin/authority
2019-04-30 11:51:18,164 - error - url->http://localhost:3000/cms/admin/authority
2019-04-30 11:52:49,368 - error - url->http://localhost:3000/cms/admin/authority
2019-04-30 12:45:45,631 - error - url->http://localhost:3000/cms/admin/authority
2019-04-30 12:45:50,135 - error - url->http://localhost:3000/cms/user/login
2019-04-30 12:45:52,368 - error - url->http://localhost:3000/cms/admin/authority
2019-04-30 12:57:20,758 - error - url->http://localhost:3000/cms/admin/authority
2019-04-30 12:58:18,798 - error - url->http://localhost:3000/cms/admin/authority
2019-04-30 12:58:48,646 - error - url->http://localhost:3000/cms/admin/authority
2019-04-30 13:01:00,019 - error - url->http://localhost:3000/cms/admin/authority
2019-04-30 13:07:16,776 - error - url->http://localhost:3000/cms/admin/authority
2019-04-30 17:51:41,124 - logExceptions - Unknown column 'admin' in 'where clause'
2019-04-30 17:51:41,134 - error - -------------------------------------------------
2019-04-30 17:51:41,134 - error - org.springframework.dao.InvalidDataAccessResourceUsageException: could not extract ResultSet; SQL [n/a]; nested exception is org.hibernate.exception.SQLGrammarException: could not extract ResultSet
2019-04-30 17:51:41,134 - error - -------------------------------------------------
2019-04-30 18:05:46,763 - error - -------------------------------------------------
2019-04-30 18:05:46,764 - error - org.springframework.orm.jpa.JpaObjectRetrievalFailureException: Unable to find com.example.core.bean.db.Group with id 2; nested exception is javax.persistence.EntityNotFoundException: Unable to find com.example.core.bean.db.Group with id 2
2019-04-30 18:05:46,764 - error - -------------------------------------------------
