2019-04-30 00:01:21,283 -- run - HikariPool-1 - Thread starvation or clock leap detected (housekeeper delta=55s897ms575µs510ns).
2019-04-30 00:11:39,644 -- logStarting - Starting AppApplication on DESKTOP-2RE8KLJ with PID 6532 (E:\Tools\Java\WorkSpace\Shadow\app\target\classes started by HyZhan in E:\Tools\Java\WorkSpace\Shadow)
2019-04-30 00:11:39,647 -- logStartupProfileInfo - The following profiles are active: dev
2019-04-30 00:11:40,369 -- registerRepositoriesIn - Bootstrapping Spring Data repositories in DEFAULT mode.
2019-04-30 00:11:40,469 -- registerRepositoriesIn - Finished Spring Data repository scanning in 94ms. Found 6 repository interfaces.
2019-04-30 00:11:40,758 -- postProcessAfterInitialization - Bean 'org.springframework.transaction.annotation.ProxyTransactionManagementConfiguration' of type [org.springframework.transaction.annotation.ProxyTransactionManagementConfiguration$$EnhancerBySpringCGLIB$$e6a63be] is not eligible for getting processed by all BeanPostProcessors (for example: not eligible for auto-proxying)
2019-04-30 00:11:41,037 -- initialize - Tomcat initialized with port(s): 3000 (http)
2019-04-30 00:11:41,051 -- log - Initializing ProtocolHandler ["http-nio-3000"]
2019-04-30 00:11:41,058 -- log - Starting service [Tomcat]
2019-04-30 00:11:41,058 -- log - Starting Servlet engine: [Apache Tomcat/9.0.17]
2019-04-30 00:11:41,161 -- log - Initializing Spring embedded WebApplicationContext
2019-04-30 00:11:41,162 -- prepareWebApplicationContext - Root WebApplicationContext: initialization completed in 1433 ms
2019-04-30 00:11:41,329 -- getConnection - HikariPool-1 - Starting...
2019-04-30 00:11:41,487 -- getConnection - HikariPool-1 - Start completed.
2019-04-30 00:11:41,538 -- logPersistenceUnitInformation - HHH000204: Processing PersistenceUnitInfo [
	name: default
	...]
2019-04-30 00:11:41,590 -- logVersion - HHH000412: Hibernate Core {5.3.9.Final}
2019-04-30 00:11:41,592 -- <clinit> - HHH000206: hibernate.properties not found
2019-04-30 00:11:41,710 -- <clinit> - HCANN000001: Hibernate Commons Annotations {5.0.4.Final}
2019-04-30 00:11:41,847 -- <init> - HHH000400: Using dialect: org.hibernate.dialect.MySQL5Dialect
2019-04-30 00:11:42,559 -- buildNativeEntityManagerFactory - Initialized JPA EntityManagerFactory for persistence unit 'default'
2019-04-30 00:11:43,181 -- initialize - Initializing ExecutorService 'applicationTaskExecutor'
2019-04-30 00:11:43,220 -- openEntityManagerInViewInterceptor - spring.jpa.open-in-view is enabled by default. Therefore, database queries may be performed during view rendering. Explicitly configure spring.jpa.open-in-view to disable this warning
2019-04-30 00:11:43,331 -- <init> - Adding welcome page: class path resource [doc/index.html]
2019-04-30 00:11:43,419 -- log - Starting ProtocolHandler ["http-nio-3000"]
2019-04-30 00:11:43,441 -- start - Tomcat started on port(s): 3000 (http) with context path ''
2019-04-30 00:11:43,443 -- logStarted - Started AppApplication in 4.482 seconds (JVM running for 5.092)
2019-04-30 00:11:46,467 -- log - Initializing Spring DispatcherServlet 'dispatcherServlet'
2019-04-30 00:11:46,468 -- initServletBean - Initializing Servlet 'dispatcherServlet'
2019-04-30 00:11:46,477 -- initServletBean - Completed initialization in 9 ms
2019-04-30 00:14:36,889 -- logStarting - Starting AppApplication on DESKTOP-2RE8KLJ with PID 5616 (E:\Tools\Java\WorkSpace\Shadow\app\target\classes started by HyZhan in E:\Tools\Java\WorkSpace\Shadow)
2019-04-30 00:14:36,894 -- logStartupProfileInfo - The following profiles are active: dev
2019-04-30 00:14:37,612 -- registerRepositoriesIn - Bootstrapping Spring Data repositories in DEFAULT mode.
2019-04-30 00:14:37,712 -- registerRepositoriesIn - Finished Spring Data repository scanning in 93ms. Found 6 repository interfaces.
2019-04-30 00:14:38,004 -- postProcessAfterInitialization - Bean 'org.springframework.transaction.annotation.ProxyTransactionManagementConfiguration' of type [org.springframework.transaction.annotation.ProxyTransactionManagementConfiguration$$EnhancerBySpringCGLIB$$fa56a535] is not eligible for getting processed by all BeanPostProcessors (for example: not eligible for auto-proxying)
2019-04-30 00:14:38,283 -- initialize - Tomcat initialized with port(s): 3000 (http)
2019-04-30 00:14:38,296 -- log - Initializing ProtocolHandler ["http-nio-3000"]
2019-04-30 00:14:38,305 -- log - Starting service [Tomcat]
2019-04-30 00:14:38,305 -- log - Starting Servlet engine: [Apache Tomcat/9.0.17]
2019-04-30 00:14:38,417 -- log - Initializing Spring embedded WebApplicationContext
2019-04-30 00:14:38,417 -- prepareWebApplicationContext - Root WebApplicationContext: initialization completed in 1448 ms
2019-04-30 00:14:38,568 -- getConnection - HikariPool-1 - Starting...
2019-04-30 00:14:38,725 -- getConnection - HikariPool-1 - Start completed.
2019-04-30 00:14:38,778 -- logPersistenceUnitInformation - HHH000204: Processing PersistenceUnitInfo [
	name: default
	...]
2019-04-30 00:14:38,830 -- logVersion - HHH000412: Hibernate Core {5.3.9.Final}
2019-04-30 00:14:38,832 -- <clinit> - HHH000206: hibernate.properties not found
2019-04-30 00:14:38,945 -- <clinit> - HCANN000001: Hibernate Commons Annotations {5.0.4.Final}
2019-04-30 00:14:39,081 -- <init> - HHH000400: Using dialect: org.hibernate.dialect.MySQL5Dialect
2019-04-30 00:14:39,790 -- buildNativeEntityManagerFactory - Initialized JPA EntityManagerFactory for persistence unit 'default'
2019-04-30 00:14:40,397 -- initialize - Initializing ExecutorService 'applicationTaskExecutor'
2019-04-30 00:14:40,439 -- openEntityManagerInViewInterceptor - spring.jpa.open-in-view is enabled by default. Therefore, database queries may be performed during view rendering. Explicitly configure spring.jpa.open-in-view to disable this warning
2019-04-30 00:14:40,547 -- <init> - Adding welcome page: class path resource [doc/index.html]
2019-04-30 00:14:40,634 -- log - Starting ProtocolHandler ["http-nio-3000"]
2019-04-30 00:14:40,655 -- start - Tomcat started on port(s): 3000 (http) with context path ''
2019-04-30 00:14:40,657 -- logStarted - Started AppApplication in 4.416 seconds (JVM running for 4.981)
2019-04-30 00:14:43,516 -- log - Initializing Spring DispatcherServlet 'dispatcherServlet'
2019-04-30 00:14:43,516 -- initServletBean - Initializing Servlet 'dispatcherServlet'
2019-04-30 00:14:43,524 -- initServletBean - Completed initialization in 8 ms
2019-04-30 00:16:30,962 -- logStarting - Starting AppApplication on DESKTOP-2RE8KLJ with PID 5352 (E:\Tools\Java\WorkSpace\Shadow\app\target\classes started by HyZhan in E:\Tools\Java\WorkSpace\Shadow)
2019-04-30 00:16:30,965 -- logStartupProfileInfo - The following profiles are active: dev
2019-04-30 00:16:31,790 -- registerRepositoriesIn - Bootstrapping Spring Data repositories in DEFAULT mode.
2019-04-30 00:16:31,915 -- registerRepositoriesIn - Finished Spring Data repository scanning in 118ms. Found 6 repository interfaces.
2019-04-30 00:16:32,283 -- postProcessAfterInitialization - Bean 'org.springframework.transaction.annotation.ProxyTransactionManagementConfiguration' of type [org.springframework.transaction.annotation.ProxyTransactionManagementConfiguration$$EnhancerBySpringCGLIB$$d253046c] is not eligible for getting processed by all BeanPostProcessors (for example: not eligible for auto-proxying)
2019-04-30 00:16:32,618 -- initialize - Tomcat initialized with port(s): 3000 (http)
2019-04-30 00:16:32,632 -- log - Initializing ProtocolHandler ["http-nio-3000"]
2019-04-30 00:16:32,641 -- log - Starting service [Tomcat]
2019-04-30 00:16:32,641 -- log - Starting Servlet engine: [Apache Tomcat/9.0.17]
2019-04-30 00:16:32,774 -- log - Initializing Spring embedded WebApplicationContext
2019-04-30 00:16:32,775 -- prepareWebApplicationContext - Root WebApplicationContext: initialization completed in 1654 ms
2019-04-30 00:16:32,944 -- getConnection - HikariPool-1 - Starting...
2019-04-30 00:16:33,115 -- getConnection - HikariPool-1 - Start completed.
2019-04-30 00:16:33,175 -- logPersistenceUnitInformation - HHH000204: Processing PersistenceUnitInfo [
	name: default
	...]
2019-04-30 00:16:33,248 -- logVersion - HHH000412: Hibernate Core {5.3.9.Final}
2019-04-30 00:16:33,250 -- <clinit> - HHH000206: hibernate.properties not found
2019-04-30 00:16:33,406 -- <clinit> - HCANN000001: Hibernate Commons Annotations {5.0.4.Final}
2019-04-30 00:16:33,584 -- <init> - HHH000400: Using dialect: org.hibernate.dialect.MySQL5Dialect
2019-04-30 00:16:34,458 -- buildNativeEntityManagerFactory - Initialized JPA EntityManagerFactory for persistence unit 'default'
2019-04-30 00:16:35,212 -- initialize - Initializing ExecutorService 'applicationTaskExecutor'
2019-04-30 00:16:35,260 -- openEntityManagerInViewInterceptor - spring.jpa.open-in-view is enabled by default. Therefore, database queries may be performed during view rendering. Explicitly configure spring.jpa.open-in-view to disable this warning
2019-04-30 00:16:35,388 -- <init> - Adding welcome page: class path resource [doc/index.html]
2019-04-30 00:16:35,495 -- log - Starting ProtocolHandler ["http-nio-3000"]
2019-04-30 00:16:35,528 -- start - Tomcat started on port(s): 3000 (http) with context path ''
2019-04-30 00:16:35,530 -- logStarted - Started AppApplication in 5.301 seconds (JVM running for 6.033)
2019-04-30 00:16:39,357 -- log - Initializing Spring DispatcherServlet 'dispatcherServlet'
2019-04-30 00:16:39,357 -- initServletBean - Initializing Servlet 'dispatcherServlet'
2019-04-30 00:16:39,367 -- initServletBean - Completed initialization in 10 ms
2019-04-30 11:23:36,340 -- logStarting - Starting AppApplication on DESKTOP-2RE8KLJ with PID 6284 (E:\Tools\Java\WorkSpace\Shadow\app\target\classes started by HyZhan in E:\Tools\Java\WorkSpace\Shadow)
2019-04-30 11:23:36,390 -- logStartupProfileInfo - The following profiles are active: dev
2019-04-30 11:23:38,226 -- registerRepositoriesIn - Bootstrapping Spring Data repositories in DEFAULT mode.
2019-04-30 11:23:38,344 -- registerRepositoriesIn - Finished Spring Data repository scanning in 110ms. Found 6 repository interfaces.
2019-04-30 11:23:38,687 -- postProcessAfterInitialization - Bean 'org.springframework.transaction.annotation.ProxyTransactionManagementConfiguration' of type [org.springframework.transaction.annotation.ProxyTransactionManagementConfiguration$$EnhancerBySpringCGLIB$$2af6922a] is not eligible for getting processed by all BeanPostProcessors (for example: not eligible for auto-proxying)
2019-04-30 11:23:39,142 -- initialize - Tomcat initialized with port(s): 3000 (http)
2019-04-30 11:23:39,162 -- log - Initializing ProtocolHandler ["http-nio-3000"]
2019-04-30 11:23:39,170 -- log - Starting service [Tomcat]
2019-04-30 11:23:39,171 -- log - Starting Servlet engine: [Apache Tomcat/9.0.17]
2019-04-30 11:23:39,288 -- log - Initializing Spring embedded WebApplicationContext
2019-04-30 11:23:39,288 -- prepareWebApplicationContext - Root WebApplicationContext: initialization completed in 2788 ms
2019-04-30 11:23:39,475 -- getConnection - HikariPool-1 - Starting...
2019-04-30 11:23:39,724 -- getConnection - HikariPool-1 - Start completed.
2019-04-30 11:23:39,808 -- logPersistenceUnitInformation - HHH000204: Processing PersistenceUnitInfo [
	name: default
	...]
2019-04-30 11:23:39,904 -- logVersion - HHH000412: Hibernate Core {5.3.9.Final}
2019-04-30 11:23:39,905 -- <clinit> - HHH000206: hibernate.properties not found
2019-04-30 11:23:40,112 -- <clinit> - HCANN000001: Hibernate Commons Annotations {5.0.4.Final}
2019-04-30 11:23:40,318 -- <init> - HHH000400: Using dialect: org.hibernate.dialect.MySQL5Dialect
2019-04-30 11:23:41,782 -- buildNativeEntityManagerFactory - Initialized JPA EntityManagerFactory for persistence unit 'default'
2019-04-30 11:23:42,507 -- initialize - Initializing ExecutorService 'applicationTaskExecutor'
2019-04-30 11:23:42,550 -- openEntityManagerInViewInterceptor - spring.jpa.open-in-view is enabled by default. Therefore, database queries may be performed during view rendering. Explicitly configure spring.jpa.open-in-view to disable this warning
2019-04-30 11:23:42,659 -- <init> - Adding welcome page: class path resource [doc/index.html]
2019-04-30 11:23:42,765 -- log - Starting ProtocolHandler ["http-nio-3000"]
2019-04-30 11:23:42,787 -- start - Tomcat started on port(s): 3000 (http) with context path ''
2019-04-30 11:23:42,788 -- logStarted - Started AppApplication in 8.74 seconds (JVM running for 12.013)
2019-04-30 11:23:46,812 -- log - Initializing Spring DispatcherServlet 'dispatcherServlet'
2019-04-30 11:23:46,814 -- initServletBean - Initializing Servlet 'dispatcherServlet'
2019-04-30 11:23:46,821 -- initServletBean - Completed initialization in 7 ms
2019-04-30 11:23:51,028 -- initiateService - HHH000397: Using ASTQueryTranslatorFactory
2019-04-30 11:45:34,026 -- logStarting - Starting AppApplication on DESKTOP-2RE8KLJ with PID 1904 (E:\Tools\Java\WorkSpace\Shadow\app\target\classes started by HyZhan in E:\Tools\Java\WorkSpace\Shadow)
2019-04-30 11:45:34,030 -- logStartupProfileInfo - The following profiles are active: dev
2019-04-30 11:45:34,873 -- registerRepositoriesIn - Bootstrapping Spring Data repositories in DEFAULT mode.
2019-04-30 11:45:34,975 -- registerRepositoriesIn - Finished Spring Data repository scanning in 96ms. Found 6 repository interfaces.
2019-04-30 11:45:35,288 -- postProcessAfterInitialization - Bean 'org.springframework.transaction.annotation.ProxyTransactionManagementConfiguration' of type [org.springframework.transaction.annotation.ProxyTransactionManagementConfiguration$$EnhancerBySpringCGLIB$$3474c06e] is not eligible for getting processed by all BeanPostProcessors (for example: not eligible for auto-proxying)
2019-04-30 11:45:35,592 -- initialize - Tomcat initialized with port(s): 3000 (http)
2019-04-30 11:45:35,606 -- log - Initializing ProtocolHandler ["http-nio-3000"]
2019-04-30 11:45:35,613 -- log - Starting service [Tomcat]
2019-04-30 11:45:35,613 -- log - Starting Servlet engine: [Apache Tomcat/9.0.17]
2019-04-30 11:45:35,721 -- log - Initializing Spring embedded WebApplicationContext
2019-04-30 11:45:35,722 -- prepareWebApplicationContext - Root WebApplicationContext: initialization completed in 1622 ms
2019-04-30 11:45:35,881 -- getConnection - HikariPool-1 - Starting...
2019-04-30 11:45:36,061 -- getConnection - HikariPool-1 - Start completed.
2019-04-30 11:45:36,116 -- logPersistenceUnitInformation - HHH000204: Processing PersistenceUnitInfo [
	name: default
	...]
2019-04-30 11:45:36,174 -- logVersion - HHH000412: Hibernate Core {5.3.9.Final}
2019-04-30 11:45:36,176 -- <clinit> - HHH000206: hibernate.properties not found
2019-04-30 11:45:36,291 -- <clinit> - HCANN000001: Hibernate Commons Annotations {5.0.4.Final}
2019-04-30 11:45:36,434 -- <init> - HHH000400: Using dialect: org.hibernate.dialect.MySQL5Dialect
2019-04-30 11:45:37,160 -- buildNativeEntityManagerFactory - Initialized JPA EntityManagerFactory for persistence unit 'default'
2019-04-30 11:45:37,781 -- initialize - Initializing ExecutorService 'applicationTaskExecutor'
2019-04-30 11:45:37,821 -- openEntityManagerInViewInterceptor - spring.jpa.open-in-view is enabled by default. Therefore, database queries may be performed during view rendering. Explicitly configure spring.jpa.open-in-view to disable this warning
2019-04-30 11:45:37,928 -- <init> - Adding welcome page: class path resource [doc/index.html]
2019-04-30 11:45:38,014 -- log - Starting ProtocolHandler ["http-nio-3000"]
2019-04-30 11:45:38,055 -- start - Tomcat started on port(s): 3000 (http) with context path ''
2019-04-30 11:45:38,060 -- logStarted - Started AppApplication in 4.687 seconds (JVM running for 5.317)
2019-04-30 11:45:43,073 -- log - Initializing Spring DispatcherServlet 'dispatcherServlet'
2019-04-30 11:45:43,073 -- initServletBean - Initializing Servlet 'dispatcherServlet'
2019-04-30 11:45:43,081 -- initServletBean - Completed initialization in 8 ms
2019-04-30 11:46:14,989 -- logStarting - Starting AppApplication on DESKTOP-2RE8KLJ with PID 4684 (E:\Tools\Java\WorkSpace\Shadow\app\target\classes started by HyZhan in E:\Tools\Java\WorkSpace\Shadow)
2019-04-30 11:46:14,993 -- logStartupProfileInfo - The following profiles are active: dev
2019-04-30 11:46:15,918 -- registerRepositoriesIn - Bootstrapping Spring Data repositories in DEFAULT mode.
2019-04-30 11:46:16,019 -- registerRepositoriesIn - Finished Spring Data repository scanning in 93ms. Found 6 repository interfaces.
2019-04-30 11:46:16,508 -- postProcessAfterInitialization - Bean 'org.springframework.transaction.annotation.ProxyTransactionManagementConfiguration' of type [org.springframework.transaction.annotation.ProxyTransactionManagementConfiguration$$EnhancerBySpringCGLIB$$8c53c712] is not eligible for getting processed by all BeanPostProcessors (for example: not eligible for auto-proxying)
2019-04-30 11:46:16,805 -- initialize - Tomcat initialized with port(s): 3000 (http)
2019-04-30 11:46:16,817 -- log - Initializing ProtocolHandler ["http-nio-3000"]
2019-04-30 11:46:16,825 -- log - Starting service [Tomcat]
2019-04-30 11:46:16,825 -- log - Starting Servlet engine: [Apache Tomcat/9.0.17]
2019-04-30 11:46:16,937 -- log - Initializing Spring embedded WebApplicationContext
2019-04-30 11:46:16,938 -- prepareWebApplicationContext - Root WebApplicationContext: initialization completed in 1893 ms
2019-04-30 11:46:17,105 -- getConnection - HikariPool-1 - Starting...
2019-04-30 11:46:17,278 -- getConnection - HikariPool-1 - Start completed.
2019-04-30 11:46:17,333 -- logPersistenceUnitInformation - HHH000204: Processing PersistenceUnitInfo [
	name: default
	...]
2019-04-30 11:46:17,395 -- logVersion - HHH000412: Hibernate Core {5.3.9.Final}
2019-04-30 11:46:17,398 -- <clinit> - HHH000206: hibernate.properties not found
2019-04-30 11:46:17,515 -- <clinit> - HCANN000001: Hibernate Commons Annotations {5.0.4.Final}
2019-04-30 11:46:17,668 -- <init> - HHH000400: Using dialect: org.hibernate.dialect.MySQL5Dialect
2019-04-30 11:46:18,396 -- buildNativeEntityManagerFactory - Initialized JPA EntityManagerFactory for persistence unit 'default'
2019-04-30 11:46:19,027 -- initialize - Initializing ExecutorService 'applicationTaskExecutor'
2019-04-30 11:46:19,064 -- openEntityManagerInViewInterceptor - spring.jpa.open-in-view is enabled by default. Therefore, database queries may be performed during view rendering. Explicitly configure spring.jpa.open-in-view to disable this warning
2019-04-30 11:46:19,171 -- <init> - Adding welcome page: class path resource [doc/index.html]
2019-04-30 11:46:19,260 -- log - Starting ProtocolHandler ["http-nio-3000"]
2019-04-30 11:46:19,286 -- start - Tomcat started on port(s): 3000 (http) with context path ''
2019-04-30 11:46:19,288 -- logStarted - Started AppApplication in 4.965 seconds (JVM running for 5.627)
2019-04-30 11:46:22,001 -- log - Initializing Spring DispatcherServlet 'dispatcherServlet'
2019-04-30 11:46:22,001 -- initServletBean - Initializing Servlet 'dispatcherServlet'
2019-04-30 11:46:22,009 -- initServletBean - Completed initialization in 8 ms
2019-04-30 11:47:34,884 -- logStarting - Starting AppApplication on DESKTOP-2RE8KLJ with PID 2116 (E:\Tools\Java\WorkSpace\Shadow\app\target\classes started by HyZhan in E:\Tools\Java\WorkSpace\Shadow)
2019-04-30 11:47:34,887 -- logStartupProfileInfo - The following profiles are active: dev
2019-04-30 11:47:35,803 -- registerRepositoriesIn - Bootstrapping Spring Data repositories in DEFAULT mode.
2019-04-30 11:47:35,909 -- registerRepositoriesIn - Finished Spring Data repository scanning in 99ms. Found 6 repository interfaces.
2019-04-30 11:47:36,216 -- postProcessAfterInitialization - Bean 'org.springframework.transaction.annotation.ProxyTransactionManagementConfiguration' of type [org.springframework.transaction.annotation.ProxyTransactionManagementConfiguration$$EnhancerBySpringCGLIB$$31ebdcdf] is not eligible for getting processed by all BeanPostProcessors (for example: not eligible for auto-proxying)
2019-04-30 11:47:36,506 -- initialize - Tomcat initialized with port(s): 3000 (http)
2019-04-30 11:47:36,519 -- log - Initializing ProtocolHandler ["http-nio-3000"]
2019-04-30 11:47:36,527 -- log - Starting service [Tomcat]
2019-04-30 11:47:36,528 -- log - Starting Servlet engine: [Apache Tomcat/9.0.17]
2019-04-30 11:47:36,638 -- log - Initializing Spring embedded WebApplicationContext
2019-04-30 11:47:36,639 -- prepareWebApplicationContext - Root WebApplicationContext: initialization completed in 1658 ms
2019-04-30 11:47:36,796 -- getConnection - HikariPool-1 - Starting...
2019-04-30 11:47:36,977 -- getConnection - HikariPool-1 - Start completed.
2019-04-30 11:47:37,035 -- logPersistenceUnitInformation - HHH000204: Processing PersistenceUnitInfo [
	name: default
	...]
2019-04-30 11:47:37,093 -- logVersion - HHH000412: Hibernate Core {5.3.9.Final}
2019-04-30 11:47:37,095 -- <clinit> - HHH000206: hibernate.properties not found
2019-04-30 11:47:37,216 -- <clinit> - HCANN000001: Hibernate Commons Annotations {5.0.4.Final}
2019-04-30 11:47:37,369 -- <init> - HHH000400: Using dialect: org.hibernate.dialect.MySQL5Dialect
2019-04-30 11:47:38,133 -- buildNativeEntityManagerFactory - Initialized JPA EntityManagerFactory for persistence unit 'default'
2019-04-30 11:47:38,861 -- initialize - Initializing ExecutorService 'applicationTaskExecutor'
2019-04-30 11:47:38,938 -- openEntityManagerInViewInterceptor - spring.jpa.open-in-view is enabled by default. Therefore, database queries may be performed during view rendering. Explicitly configure spring.jpa.open-in-view to disable this warning
2019-04-30 11:47:39,111 -- <init> - Adding welcome page: class path resource [doc/index.html]
2019-04-30 11:47:39,192 -- log - Starting ProtocolHandler ["http-nio-3000"]
2019-04-30 11:47:39,213 -- start - Tomcat started on port(s): 3000 (http) with context path ''
2019-04-30 11:47:39,215 -- logStarted - Started AppApplication in 4.931 seconds (JVM running for 5.541)
2019-04-30 11:47:42,275 -- log - Initializing Spring DispatcherServlet 'dispatcherServlet'
2019-04-30 11:47:42,276 -- initServletBean - Initializing Servlet 'dispatcherServlet'
2019-04-30 11:47:42,288 -- initServletBean - Completed initialization in 11 ms
2019-04-30 11:51:00,200 -- logStarting - Starting AppApplication on DESKTOP-2RE8KLJ with PID 9920 (E:\Tools\Java\WorkSpace\Shadow\app\target\classes started by HyZhan in E:\Tools\Java\WorkSpace\Shadow)
2019-04-30 11:51:00,203 -- logStartupProfileInfo - The following profiles are active: dev
2019-04-30 11:51:00,977 -- registerRepositoriesIn - Bootstrapping Spring Data repositories in DEFAULT mode.
2019-04-30 11:51:01,076 -- registerRepositoriesIn - Finished Spring Data repository scanning in 93ms. Found 6 repository interfaces.
2019-04-30 11:51:01,372 -- postProcessAfterInitialization - Bean 'org.springframework.transaction.annotation.ProxyTransactionManagementConfiguration' of type [org.springframework.transaction.annotation.ProxyTransactionManagementConfiguration$$EnhancerBySpringCGLIB$$390f7e7e] is not eligible for getting processed by all BeanPostProcessors (for example: not eligible for auto-proxying)
2019-04-30 11:51:01,659 -- initialize - Tomcat initialized with port(s): 3000 (http)
2019-04-30 11:51:01,673 -- log - Initializing ProtocolHandler ["http-nio-3000"]
2019-04-30 11:51:01,680 -- log - Starting service [Tomcat]
2019-04-30 11:51:01,680 -- log - Starting Servlet engine: [Apache Tomcat/9.0.17]
2019-04-30 11:51:01,793 -- log - Initializing Spring embedded WebApplicationContext
2019-04-30 11:51:01,794 -- prepareWebApplicationContext - Root WebApplicationContext: initialization completed in 1546 ms
2019-04-30 11:51:01,957 -- getConnection - HikariPool-1 - Starting...
2019-04-30 11:51:02,117 -- getConnection - HikariPool-1 - Start completed.
2019-04-30 11:51:02,172 -- logPersistenceUnitInformation - HHH000204: Processing PersistenceUnitInfo [
	name: default
	...]
2019-04-30 11:51:02,236 -- logVersion - HHH000412: Hibernate Core {5.3.9.Final}
2019-04-30 11:51:02,238 -- <clinit> - HHH000206: hibernate.properties not found
2019-04-30 11:51:02,349 -- <clinit> - HCANN000001: Hibernate Commons Annotations {5.0.4.Final}
2019-04-30 11:51:02,503 -- <init> - HHH000400: Using dialect: org.hibernate.dialect.MySQL5Dialect
2019-04-30 11:51:03,271 -- buildNativeEntityManagerFactory - Initialized JPA EntityManagerFactory for persistence unit 'default'
2019-04-30 11:51:03,949 -- initialize - Initializing ExecutorService 'applicationTaskExecutor'
2019-04-30 11:51:03,990 -- openEntityManagerInViewInterceptor - spring.jpa.open-in-view is enabled by default. Therefore, database queries may be performed during view rendering. Explicitly configure spring.jpa.open-in-view to disable this warning
2019-04-30 11:51:04,099 -- <init> - Adding welcome page: class path resource [doc/index.html]
2019-04-30 11:51:04,196 -- log - Starting ProtocolHandler ["http-nio-3000"]
2019-04-30 11:51:04,220 -- start - Tomcat started on port(s): 3000 (http) with context path ''
2019-04-30 11:51:04,222 -- logStarted - Started AppApplication in 4.626 seconds (JVM running for 5.226)
2019-04-30 11:51:18,141 -- log - Initializing Spring DispatcherServlet 'dispatcherServlet'
2019-04-30 11:51:18,141 -- initServletBean - Initializing Servlet 'dispatcherServlet'
2019-04-30 11:51:18,149 -- initServletBean - Completed initialization in 8 ms
2019-04-30 11:52:41,628 -- logStarting - Starting AppApplication on DESKTOP-2RE8KLJ with PID 7900 (E:\Tools\Java\WorkSpace\Shadow\app\target\classes started by HyZhan in E:\Tools\Java\WorkSpace\Shadow)
2019-04-30 11:52:41,631 -- logStartupProfileInfo - The following profiles are active: dev
2019-04-30 11:52:42,416 -- registerRepositoriesIn - Bootstrapping Spring Data repositories in DEFAULT mode.
2019-04-30 11:52:42,521 -- registerRepositoriesIn - Finished Spring Data repository scanning in 98ms. Found 6 repository interfaces.
2019-04-30 11:52:42,816 -- postProcessAfterInitialization - Bean 'org.springframework.transaction.annotation.ProxyTransactionManagementConfiguration' of type [org.springframework.transaction.annotation.ProxyTransactionManagementConfiguration$$EnhancerBySpringCGLIB$$b3a8a581] is not eligible for getting processed by all BeanPostProcessors (for example: not eligible for auto-proxying)
2019-04-30 11:52:43,103 -- initialize - Tomcat initialized with port(s): 3000 (http)
2019-04-30 11:52:43,116 -- log - Initializing ProtocolHandler ["http-nio-3000"]
2019-04-30 11:52:43,125 -- log - Starting service [Tomcat]
2019-04-30 11:52:43,125 -- log - Starting Servlet engine: [Apache Tomcat/9.0.17]
2019-04-30 11:52:43,230 -- log - Initializing Spring embedded WebApplicationContext
2019-04-30 11:52:43,230 -- prepareWebApplicationContext - Root WebApplicationContext: initialization completed in 1512 ms
2019-04-30 11:52:43,387 -- getConnection - HikariPool-1 - Starting...
2019-04-30 11:52:43,551 -- getConnection - HikariPool-1 - Start completed.
2019-04-30 11:52:43,603 -- logPersistenceUnitInformation - HHH000204: Processing PersistenceUnitInfo [
	name: default
	...]
2019-04-30 11:52:43,661 -- logVersion - HHH000412: Hibernate Core {5.3.9.Final}
2019-04-30 11:52:43,663 -- <clinit> - HHH000206: hibernate.properties not found
2019-04-30 11:52:43,773 -- <clinit> - HCANN000001: Hibernate Commons Annotations {5.0.4.Final}
2019-04-30 11:52:43,921 -- <init> - HHH000400: Using dialect: org.hibernate.dialect.MySQL5Dialect
2019-04-30 11:52:44,664 -- buildNativeEntityManagerFactory - Initialized JPA EntityManagerFactory for persistence unit 'default'
2019-04-30 11:52:45,291 -- initialize - Initializing ExecutorService 'applicationTaskExecutor'
2019-04-30 11:52:45,331 -- openEntityManagerInViewInterceptor - spring.jpa.open-in-view is enabled by default. Therefore, database queries may be performed during view rendering. Explicitly configure spring.jpa.open-in-view to disable this warning
2019-04-30 11:52:45,435 -- <init> - Adding welcome page: class path resource [doc/index.html]
2019-04-30 11:52:45,520 -- log - Starting ProtocolHandler ["http-nio-3000"]
2019-04-30 11:52:45,544 -- start - Tomcat started on port(s): 3000 (http) with context path ''
2019-04-30 11:52:45,546 -- logStarted - Started AppApplication in 4.544 seconds (JVM running for 5.148)
2019-04-30 11:52:49,347 -- log - Initializing Spring DispatcherServlet 'dispatcherServlet'
2019-04-30 11:52:49,347 -- initServletBean - Initializing Servlet 'dispatcherServlet'
2019-04-30 11:52:49,354 -- initServletBean - Completed initialization in 7 ms
2019-04-30 12:45:39,130 -- logStarting - Starting AppApplication on DESKTOP-2RE8KLJ with PID 1332 (E:\Tools\Java\WorkSpace\Shadow\app\target\classes started by HyZhan in E:\Tools\Java\WorkSpace\Shadow)
2019-04-30 12:45:39,133 -- logStartupProfileInfo - The following profiles are active: dev
2019-04-30 12:45:40,047 -- registerRepositoriesIn - Bootstrapping Spring Data repositories in DEFAULT mode.
2019-04-30 12:45:40,149 -- registerRepositoriesIn - Finished Spring Data repository scanning in 95ms. Found 6 repository interfaces.
2019-04-30 12:45:40,448 -- postProcessAfterInitialization - Bean 'org.springframework.transaction.annotation.ProxyTransactionManagementConfiguration' of type [org.springframework.transaction.annotation.ProxyTransactionManagementConfiguration$$EnhancerBySpringCGLIB$$83a4fed3] is not eligible for getting processed by all BeanPostProcessors (for example: not eligible for auto-proxying)
2019-04-30 12:45:40,751 -- initialize - Tomcat initialized with port(s): 3000 (http)
2019-04-30 12:45:40,766 -- log - Initializing ProtocolHandler ["http-nio-3000"]
2019-04-30 12:45:40,774 -- log - Starting service [Tomcat]
2019-04-30 12:45:40,774 -- log - Starting Servlet engine: [Apache Tomcat/9.0.17]
2019-04-30 12:45:40,879 -- log - Initializing Spring embedded WebApplicationContext
2019-04-30 12:45:40,880 -- prepareWebApplicationContext - Root WebApplicationContext: initialization completed in 1676 ms
2019-04-30 12:45:41,052 -- getConnection - HikariPool-1 - Starting...
2019-04-30 12:45:41,228 -- getConnection - HikariPool-1 - Start completed.
2019-04-30 12:45:41,283 -- logPersistenceUnitInformation - HHH000204: Processing PersistenceUnitInfo [
	name: default
	...]
2019-04-30 12:45:41,353 -- logVersion - HHH000412: Hibernate Core {5.3.9.Final}
2019-04-30 12:45:41,356 -- <clinit> - HHH000206: hibernate.properties not found
2019-04-30 12:45:41,467 -- <clinit> - HCANN000001: Hibernate Commons Annotations {5.0.4.Final}
2019-04-30 12:45:41,622 -- <init> - HHH000400: Using dialect: org.hibernate.dialect.MySQL5Dialect
2019-04-30 12:45:42,398 -- buildNativeEntityManagerFactory - Initialized JPA EntityManagerFactory for persistence unit 'default'
2019-04-30 12:45:43,105 -- initialize - Initializing ExecutorService 'applicationTaskExecutor'
2019-04-30 12:45:43,145 -- openEntityManagerInViewInterceptor - spring.jpa.open-in-view is enabled by default. Therefore, database queries may be performed during view rendering. Explicitly configure spring.jpa.open-in-view to disable this warning
2019-04-30 12:45:43,260 -- <init> - Adding welcome page: class path resource [doc/index.html]
2019-04-30 12:45:43,353 -- log - Starting ProtocolHandler ["http-nio-3000"]
2019-04-30 12:45:43,376 -- start - Tomcat started on port(s): 3000 (http) with context path ''
2019-04-30 12:45:43,378 -- logStarted - Started AppApplication in 4.923 seconds (JVM running for 5.505)
2019-04-30 12:45:45,608 -- log - Initializing Spring DispatcherServlet 'dispatcherServlet'
2019-04-30 12:45:45,608 -- initServletBean - Initializing Servlet 'dispatcherServlet'
2019-04-30 12:45:45,615 -- initServletBean - Completed initialization in 7 ms
2019-04-30 12:45:50,240 -- initiateService - HHH000397: Using ASTQueryTranslatorFactory
2019-04-30 12:48:33,222 -- logStarting - Starting AppApplication on DESKTOP-2RE8KLJ with PID 680 (E:\Tools\Java\WorkSpace\Shadow\app\target\classes started by HyZhan in E:\Tools\Java\WorkSpace\Shadow)
2019-04-30 12:48:33,226 -- logStartupProfileInfo - The following profiles are active: dev
2019-04-30 12:48:34,025 -- registerRepositoriesIn - Bootstrapping Spring Data repositories in DEFAULT mode.
2019-04-30 12:48:34,141 -- registerRepositoriesIn - Finished Spring Data repository scanning in 108ms. Found 6 repository interfaces.
2019-04-30 12:48:34,517 -- postProcessAfterInitialization - Bean 'org.springframework.transaction.annotation.ProxyTransactionManagementConfiguration' of type [org.springframework.transaction.annotation.ProxyTransactionManagementConfiguration$$EnhancerBySpringCGLIB$$2e988060] is not eligible for getting processed by all BeanPostProcessors (for example: not eligible for auto-proxying)
2019-04-30 12:48:34,989 -- initialize - Tomcat initialized with port(s): 3000 (http)
2019-04-30 12:48:35,005 -- log - Initializing ProtocolHandler ["http-nio-3000"]
2019-04-30 12:48:35,016 -- log - Starting service [Tomcat]
2019-04-30 12:48:35,016 -- log - Starting Servlet engine: [Apache Tomcat/9.0.17]
2019-04-30 12:48:35,144 -- log - Initializing Spring embedded WebApplicationContext
2019-04-30 12:48:35,144 -- prepareWebApplicationContext - Root WebApplicationContext: initialization completed in 1839 ms
2019-04-30 12:48:35,352 -- getConnection - HikariPool-1 - Starting...
2019-04-30 12:48:35,541 -- getConnection - HikariPool-1 - Start completed.
2019-04-30 12:48:35,605 -- logPersistenceUnitInformation - HHH000204: Processing PersistenceUnitInfo [
	name: default
	...]
2019-04-30 12:48:35,677 -- logVersion - HHH000412: Hibernate Core {5.3.9.Final}
2019-04-30 12:48:35,679 -- <clinit> - HHH000206: hibernate.properties not found
2019-04-30 12:48:35,832 -- <clinit> - HCANN000001: Hibernate Commons Annotations {5.0.4.Final}
2019-04-30 12:48:36,019 -- <init> - HHH000400: Using dialect: org.hibernate.dialect.MySQL5Dialect
2019-04-30 12:48:36,981 -- buildNativeEntityManagerFactory - Initialized JPA EntityManagerFactory for persistence unit 'default'
2019-04-30 12:50:41,109 -- run - HikariPool-1 - Thread starvation or clock leap detected (housekeeper delta=1m30s161ms841µs441ns).
2019-04-30 12:50:41,476 -- initialize - Initializing ExecutorService 'applicationTaskExecutor'
2019-04-30 12:50:41,527 -- openEntityManagerInViewInterceptor - spring.jpa.open-in-view is enabled by default. Therefore, database queries may be performed during view rendering. Explicitly configure spring.jpa.open-in-view to disable this warning
2019-04-30 12:50:41,657 -- <init> - Adding welcome page: class path resource [doc/index.html]
2019-04-30 12:50:41,759 -- log - Starting ProtocolHandler ["http-nio-3000"]
2019-04-30 12:50:41,789 -- start - Tomcat started on port(s): 3000 (http) with context path ''
2019-04-30 12:50:41,792 -- logStarted - Started AppApplication in 129.157 seconds (JVM running for 130.865)
2019-04-30 12:50:51,672 -- logStarting - Starting AppApplication on DESKTOP-2RE8KLJ with PID 12848 (E:\Tools\Java\WorkSpace\Shadow\app\target\classes started by HyZhan in E:\Tools\Java\WorkSpace\Shadow)
2019-04-30 12:50:51,676 -- logStartupProfileInfo - The following profiles are active: dev
2019-04-30 12:50:52,488 -- registerRepositoriesIn - Bootstrapping Spring Data repositories in DEFAULT mode.
2019-04-30 12:50:52,607 -- registerRepositoriesIn - Finished Spring Data repository scanning in 111ms. Found 6 repository interfaces.
2019-04-30 12:50:52,986 -- postProcessAfterInitialization - Bean 'org.springframework.transaction.annotation.ProxyTransactionManagementConfiguration' of type [org.springframework.transaction.annotation.ProxyTransactionManagementConfiguration$$EnhancerBySpringCGLIB$$2d134814] is not eligible for getting processed by all BeanPostProcessors (for example: not eligible for auto-proxying)
2019-04-30 12:50:53,336 -- initialize - Tomcat initialized with port(s): 3000 (http)
2019-04-30 12:50:53,364 -- log - Initializing ProtocolHandler ["http-nio-3000"]
2019-04-30 12:50:53,375 -- log - Starting service [Tomcat]
2019-04-30 12:50:53,376 -- log - Starting Servlet engine: [Apache Tomcat/9.0.17]
2019-04-30 12:50:53,520 -- log - Initializing Spring embedded WebApplicationContext
2019-04-30 12:50:53,521 -- prepareWebApplicationContext - Root WebApplicationContext: initialization completed in 1708 ms
2019-04-30 12:50:53,726 -- getConnection - HikariPool-1 - Starting...
2019-04-30 12:50:53,891 -- getConnection - HikariPool-1 - Start completed.
2019-04-30 12:50:53,951 -- logPersistenceUnitInformation - HHH000204: Processing PersistenceUnitInfo [
	name: default
	...]
2019-04-30 12:50:54,029 -- logVersion - HHH000412: Hibernate Core {5.3.9.Final}
2019-04-30 12:50:54,031 -- <clinit> - HHH000206: hibernate.properties not found
2019-04-30 12:50:54,176 -- <clinit> - HCANN000001: Hibernate Commons Annotations {5.0.4.Final}
2019-04-30 12:50:54,373 -- <init> - HHH000400: Using dialect: org.hibernate.dialect.MySQL5Dialect
2019-04-30 12:50:55,297 -- buildNativeEntityManagerFactory - Initialized JPA EntityManagerFactory for persistence unit 'default'
2019-04-30 12:57:11,633 -- logStarting - Starting AppApplication on DESKTOP-2RE8KLJ with PID 5852 (E:\Tools\Java\WorkSpace\Shadow\app\target\classes started by HyZhan in E:\Tools\Java\WorkSpace\Shadow)
2019-04-30 12:57:11,637 -- logStartupProfileInfo - The following profiles are active: dev
2019-04-30 12:57:12,524 -- registerRepositoriesIn - Bootstrapping Spring Data repositories in DEFAULT mode.
2019-04-30 12:57:12,621 -- registerRepositoriesIn - Finished Spring Data repository scanning in 91ms. Found 6 repository interfaces.
2019-04-30 12:57:12,925 -- postProcessAfterInitialization - Bean 'org.springframework.transaction.annotation.ProxyTransactionManagementConfiguration' of type [org.springframework.transaction.annotation.ProxyTransactionManagementConfiguration$$EnhancerBySpringCGLIB$$94cb51c9] is not eligible for getting processed by all BeanPostProcessors (for example: not eligible for auto-proxying)
2019-04-30 12:57:13,212 -- initialize - Tomcat initialized with port(s): 3000 (http)
2019-04-30 12:57:13,226 -- log - Initializing ProtocolHandler ["http-nio-3000"]
2019-04-30 12:57:13,235 -- log - Starting service [Tomcat]
2019-04-30 12:57:13,235 -- log - Starting Servlet engine: [Apache Tomcat/9.0.17]
2019-04-30 12:57:13,360 -- log - Initializing Spring embedded WebApplicationContext
2019-04-30 12:57:13,360 -- prepareWebApplicationContext - Root WebApplicationContext: initialization completed in 1646 ms
2019-04-30 12:57:13,521 -- getConnection - HikariPool-1 - Starting...
2019-04-30 12:57:13,690 -- getConnection - HikariPool-1 - Start completed.
2019-04-30 12:57:13,744 -- logPersistenceUnitInformation - HHH000204: Processing PersistenceUnitInfo [
	name: default
	...]
2019-04-30 12:57:13,813 -- logVersion - HHH000412: Hibernate Core {5.3.9.Final}
2019-04-30 12:57:13,815 -- <clinit> - HHH000206: hibernate.properties not found
2019-04-30 12:57:13,935 -- <clinit> - HCANN000001: Hibernate Commons Annotations {5.0.4.Final}
2019-04-30 12:57:14,097 -- <init> - HHH000400: Using dialect: org.hibernate.dialect.MySQL5Dialect
2019-04-30 12:57:14,844 -- buildNativeEntityManagerFactory - Initialized JPA EntityManagerFactory for persistence unit 'default'
2019-04-30 12:57:15,539 -- initialize - Initializing ExecutorService 'applicationTaskExecutor'
2019-04-30 12:57:15,579 -- openEntityManagerInViewInterceptor - spring.jpa.open-in-view is enabled by default. Therefore, database queries may be performed during view rendering. Explicitly configure spring.jpa.open-in-view to disable this warning
2019-04-30 12:57:15,688 -- <init> - Adding welcome page: class path resource [doc/index.html]
2019-04-30 12:57:15,780 -- log - Starting ProtocolHandler ["http-nio-3000"]
2019-04-30 12:57:15,804 -- start - Tomcat started on port(s): 3000 (http) with context path ''
2019-04-30 12:57:15,806 -- logStarted - Started AppApplication in 4.738 seconds (JVM running for 5.332)
2019-04-30 12:57:20,737 -- log - Initializing Spring DispatcherServlet 'dispatcherServlet'
2019-04-30 12:57:20,737 -- initServletBean - Initializing Servlet 'dispatcherServlet'
2019-04-30 12:57:20,744 -- initServletBean - Completed initialization in 7 ms
2019-04-30 12:58:11,870 -- logStarting - Starting AppApplication on DESKTOP-2RE8KLJ with PID 9300 (E:\Tools\Java\WorkSpace\Shadow\app\target\classes started by HyZhan in E:\Tools\Java\WorkSpace\Shadow)
2019-04-30 12:58:11,877 -- logStartupProfileInfo - The following profiles are active: dev
2019-04-30 12:58:12,739 -- registerRepositoriesIn - Bootstrapping Spring Data repositories in DEFAULT mode.
2019-04-30 12:58:12,838 -- registerRepositoriesIn - Finished Spring Data repository scanning in 92ms. Found 6 repository interfaces.
2019-04-30 12:58:13,133 -- postProcessAfterInitialization - Bean 'org.springframework.transaction.annotation.ProxyTransactionManagementConfiguration' of type [org.springframework.transaction.annotation.ProxyTransactionManagementConfiguration$$EnhancerBySpringCGLIB$$5fa57716] is not eligible for getting processed by all BeanPostProcessors (for example: not eligible for auto-proxying)
2019-04-30 12:58:13,412 -- initialize - Tomcat initialized with port(s): 3000 (http)
2019-04-30 12:58:13,425 -- log - Initializing ProtocolHandler ["http-nio-3000"]
2019-04-30 12:58:13,433 -- log - Starting service [Tomcat]
2019-04-30 12:58:13,433 -- log - Starting Servlet engine: [Apache Tomcat/9.0.17]
2019-04-30 12:58:13,538 -- log - Initializing Spring embedded WebApplicationContext
2019-04-30 12:58:13,538 -- prepareWebApplicationContext - Root WebApplicationContext: initialization completed in 1613 ms
2019-04-30 12:58:13,689 -- getConnection - HikariPool-1 - Starting...
2019-04-30 12:58:13,858 -- getConnection - HikariPool-1 - Start completed.
2019-04-30 12:58:13,911 -- logPersistenceUnitInformation - HHH000204: Processing PersistenceUnitInfo [
	name: default
	...]
2019-04-30 12:58:13,969 -- logVersion - HHH000412: Hibernate Core {5.3.9.Final}
2019-04-30 12:58:13,971 -- <clinit> - HHH000206: hibernate.properties not found
2019-04-30 12:58:14,081 -- <clinit> - HCANN000001: Hibernate Commons Annotations {5.0.4.Final}
2019-04-30 12:58:14,227 -- <init> - HHH000400: Using dialect: org.hibernate.dialect.MySQL5Dialect
2019-04-30 12:58:14,959 -- buildNativeEntityManagerFactory - Initialized JPA EntityManagerFactory for persistence unit 'default'
2019-04-30 12:58:15,605 -- initialize - Initializing ExecutorService 'applicationTaskExecutor'
2019-04-30 12:58:15,642 -- openEntityManagerInViewInterceptor - spring.jpa.open-in-view is enabled by default. Therefore, database queries may be performed during view rendering. Explicitly configure spring.jpa.open-in-view to disable this warning
2019-04-30 12:58:15,748 -- <init> - Adding welcome page: class path resource [doc/index.html]
2019-04-30 12:58:15,830 -- log - Starting ProtocolHandler ["http-nio-3000"]
2019-04-30 12:58:15,855 -- start - Tomcat started on port(s): 3000 (http) with context path ''
2019-04-30 12:58:15,857 -- logStarted - Started AppApplication in 4.572 seconds (JVM running for 5.129)
2019-04-30 12:58:18,777 -- log - Initializing Spring DispatcherServlet 'dispatcherServlet'
2019-04-30 12:58:18,777 -- initServletBean - Initializing Servlet 'dispatcherServlet'
2019-04-30 12:58:18,785 -- initServletBean - Completed initialization in 8 ms
2019-04-30 12:58:41,267 -- logStarting - Starting AppApplication on DESKTOP-2RE8KLJ with PID 5592 (E:\Tools\Java\WorkSpace\Shadow\app\target\classes started by HyZhan in E:\Tools\Java\WorkSpace\Shadow)
2019-04-30 12:58:41,271 -- logStartupProfileInfo - The following profiles are active: dev
2019-04-30 12:58:42,231 -- registerRepositoriesIn - Bootstrapping Spring Data repositories in DEFAULT mode.
2019-04-30 12:58:42,334 -- registerRepositoriesIn - Finished Spring Data repository scanning in 96ms. Found 6 repository interfaces.
2019-04-30 12:58:42,635 -- postProcessAfterInitialization - Bean 'org.springframework.transaction.annotation.ProxyTransactionManagementConfiguration' of type [org.springframework.transaction.annotation.ProxyTransactionManagementConfiguration$$EnhancerBySpringCGLIB$$36aced5a] is not eligible for getting processed by all BeanPostProcessors (for example: not eligible for auto-proxying)
2019-04-30 12:58:42,958 -- initialize - Tomcat initialized with port(s): 3000 (http)
2019-04-30 12:58:42,972 -- log - Initializing ProtocolHandler ["http-nio-3000"]
2019-04-30 12:58:42,982 -- log - Starting service [Tomcat]
2019-04-30 12:58:42,982 -- log - Starting Servlet engine: [Apache Tomcat/9.0.17]
2019-04-30 12:58:43,091 -- log - Initializing Spring embedded WebApplicationContext
2019-04-30 12:58:43,091 -- prepareWebApplicationContext - Root WebApplicationContext: initialization completed in 1775 ms
2019-04-30 12:58:43,240 -- getConnection - HikariPool-1 - Starting...
2019-04-30 12:58:43,401 -- getConnection - HikariPool-1 - Start completed.
2019-04-30 12:58:43,456 -- logPersistenceUnitInformation - HHH000204: Processing PersistenceUnitInfo [
	name: default
	...]
2019-04-30 12:58:43,519 -- logVersion - HHH000412: Hibernate Core {5.3.9.Final}
2019-04-30 12:58:43,522 -- <clinit> - HHH000206: hibernate.properties not found
2019-04-30 12:58:43,670 -- <clinit> - HCANN000001: Hibernate Commons Annotations {5.0.4.Final}
2019-04-30 12:58:43,801 -- <init> - HHH000400: Using dialect: org.hibernate.dialect.MySQL5Dialect
2019-04-30 12:58:44,492 -- buildNativeEntityManagerFactory - Initialized JPA EntityManagerFactory for persistence unit 'default'
2019-04-30 12:58:45,102 -- initialize - Initializing ExecutorService 'applicationTaskExecutor'
2019-04-30 12:58:45,140 -- openEntityManagerInViewInterceptor - spring.jpa.open-in-view is enabled by default. Therefore, database queries may be performed during view rendering. Explicitly configure spring.jpa.open-in-view to disable this warning
2019-04-30 12:58:45,244 -- <init> - Adding welcome page: class path resource [doc/index.html]
2019-04-30 12:58:45,327 -- log - Starting ProtocolHandler ["http-nio-3000"]
2019-04-30 12:58:45,349 -- start - Tomcat started on port(s): 3000 (http) with context path ''
2019-04-30 12:58:45,351 -- logStarted - Started AppApplication in 4.745 seconds (JVM running for 5.356)
2019-04-30 12:58:48,620 -- log - Initializing Spring DispatcherServlet 'dispatcherServlet'
2019-04-30 12:58:48,620 -- initServletBean - Initializing Servlet 'dispatcherServlet'
2019-04-30 12:58:48,632 -- initServletBean - Completed initialization in 12 ms
2019-04-30 12:58:56,531 -- logStarting - Starting AppApplication on DESKTOP-2RE8KLJ with PID 6492 (E:\Tools\Java\WorkSpace\Shadow\app\target\classes started by HyZhan in E:\Tools\Java\WorkSpace\Shadow)
2019-04-30 12:58:56,534 -- logStartupProfileInfo - The following profiles are active: dev
2019-04-30 12:58:57,479 -- registerRepositoriesIn - Bootstrapping Spring Data repositories in DEFAULT mode.
2019-04-30 12:58:57,602 -- registerRepositoriesIn - Finished Spring Data repository scanning in 115ms. Found 6 repository interfaces.
2019-04-30 12:58:57,982 -- postProcessAfterInitialization - Bean 'org.springframework.transaction.annotation.ProxyTransactionManagementConfiguration' of type [org.springframework.transaction.annotation.ProxyTransactionManagementConfiguration$$EnhancerBySpringCGLIB$$55b0e701] is not eligible for getting processed by all BeanPostProcessors (for example: not eligible for auto-proxying)
2019-04-30 12:58:58,338 -- initialize - Tomcat initialized with port(s): 3000 (http)
2019-04-30 12:58:58,356 -- log - Initializing ProtocolHandler ["http-nio-3000"]
2019-04-30 12:58:58,365 -- log - Starting service [Tomcat]
2019-04-30 12:58:58,365 -- log - Starting Servlet engine: [Apache Tomcat/9.0.17]
2019-04-30 12:58:58,489 -- log - Initializing Spring embedded WebApplicationContext
2019-04-30 12:58:58,489 -- prepareWebApplicationContext - Root WebApplicationContext: initialization completed in 1831 ms
2019-04-30 12:58:58,683 -- getConnection - HikariPool-1 - Starting...
2019-04-30 12:58:58,868 -- getConnection - HikariPool-1 - Start completed.
2019-04-30 12:58:58,934 -- logPersistenceUnitInformation - HHH000204: Processing PersistenceUnitInfo [
	name: default
	...]
2019-04-30 12:58:59,020 -- logVersion - HHH000412: Hibernate Core {5.3.9.Final}
2019-04-30 12:58:59,022 -- <clinit> - HHH000206: hibernate.properties not found
2019-04-30 12:58:59,171 -- <clinit> - HCANN000001: Hibernate Commons Annotations {5.0.4.Final}
2019-04-30 12:58:59,352 -- <init> - HHH000400: Using dialect: org.hibernate.dialect.MySQL5Dialect
2019-04-30 12:59:00,267 -- buildNativeEntityManagerFactory - Initialized JPA EntityManagerFactory for persistence unit 'default'
2019-04-30 13:00:38,748 -- logStarting - Starting AppApplication on DESKTOP-2RE8KLJ with PID 2344 (E:\Tools\Java\WorkSpace\Shadow\app\target\classes started by HyZhan in E:\Tools\Java\WorkSpace\Shadow)
2019-04-30 13:00:38,751 -- logStartupProfileInfo - The following profiles are active: dev
2019-04-30 13:00:39,560 -- registerRepositoriesIn - Bootstrapping Spring Data repositories in DEFAULT mode.
2019-04-30 13:00:39,663 -- registerRepositoriesIn - Finished Spring Data repository scanning in 96ms. Found 6 repository interfaces.
2019-04-30 13:00:39,961 -- postProcessAfterInitialization - Bean 'org.springframework.transaction.annotation.ProxyTransactionManagementConfiguration' of type [org.springframework.transaction.annotation.ProxyTransactionManagementConfiguration$$EnhancerBySpringCGLIB$$390f7e7e] is not eligible for getting processed by all BeanPostProcessors (for example: not eligible for auto-proxying)
2019-04-30 13:00:40,246 -- initialize - Tomcat initialized with port(s): 3000 (http)
2019-04-30 13:00:40,259 -- log - Initializing ProtocolHandler ["http-nio-3000"]
2019-04-30 13:00:40,268 -- log - Starting service [Tomcat]
2019-04-30 13:00:40,268 -- log - Starting Servlet engine: [Apache Tomcat/9.0.17]
2019-04-30 13:00:40,370 -- log - Initializing Spring embedded WebApplicationContext
2019-04-30 13:00:40,371 -- prepareWebApplicationContext - Root WebApplicationContext: initialization completed in 1552 ms
2019-04-30 13:00:40,522 -- getConnection - HikariPool-1 - Starting...
2019-04-30 13:00:40,691 -- getConnection - HikariPool-1 - Start completed.
2019-04-30 13:00:40,746 -- logPersistenceUnitInformation - HHH000204: Processing PersistenceUnitInfo [
	name: default
	...]
2019-04-30 13:00:40,813 -- logVersion - HHH000412: Hibernate Core {5.3.9.Final}
2019-04-30 13:00:40,815 -- <clinit> - HHH000206: hibernate.properties not found
2019-04-30 13:00:40,931 -- <clinit> - HCANN000001: Hibernate Commons Annotations {5.0.4.Final}
2019-04-30 13:00:41,097 -- <init> - HHH000400: Using dialect: org.hibernate.dialect.MySQL5Dialect
2019-04-30 13:00:41,828 -- buildNativeEntityManagerFactory - Initialized JPA EntityManagerFactory for persistence unit 'default'
2019-04-30 13:00:42,486 -- initialize - Initializing ExecutorService 'applicationTaskExecutor'
2019-04-30 13:00:42,525 -- openEntityManagerInViewInterceptor - spring.jpa.open-in-view is enabled by default. Therefore, database queries may be performed during view rendering. Explicitly configure spring.jpa.open-in-view to disable this warning
2019-04-30 13:00:42,630 -- <init> - Adding welcome page: class path resource [doc/index.html]
2019-04-30 13:00:42,715 -- log - Starting ProtocolHandler ["http-nio-3000"]
2019-04-30 13:00:42,741 -- start - Tomcat started on port(s): 3000 (http) with context path ''
2019-04-30 13:00:42,743 -- logStarted - Started AppApplication in 4.592 seconds (JVM running for 5.158)
2019-04-30 13:00:59,998 -- log - Initializing Spring DispatcherServlet 'dispatcherServlet'
2019-04-30 13:00:59,998 -- initServletBean - Initializing Servlet 'dispatcherServlet'
2019-04-30 13:01:00,006 -- initServletBean - Completed initialization in 8 ms
2019-04-30 13:07:09,110 -- logStarting - Starting AppApplication on DESKTOP-2RE8KLJ with PID 8580 (E:\Tools\Java\WorkSpace\Shadow\app\target\classes started by HyZhan in E:\Tools\Java\WorkSpace\Shadow)
2019-04-30 13:07:09,114 -- logStartupProfileInfo - The following profiles are active: dev
2019-04-30 13:07:10,034 -- registerRepositoriesIn - Bootstrapping Spring Data repositories in DEFAULT mode.
2019-04-30 13:07:10,134 -- registerRepositoriesIn - Finished Spring Data repository scanning in 94ms. Found 6 repository interfaces.
2019-04-30 13:07:10,456 -- postProcessAfterInitialization - Bean 'org.springframework.transaction.annotation.ProxyTransactionManagementConfiguration' of type [org.springframework.transaction.annotation.ProxyTransactionManagementConfiguration$$EnhancerBySpringCGLIB$$ff3517f0] is not eligible for getting processed by all BeanPostProcessors (for example: not eligible for auto-proxying)
2019-04-30 13:07:10,742 -- initialize - Tomcat initialized with port(s): 3000 (http)
2019-04-30 13:07:10,754 -- log - Initializing ProtocolHandler ["http-nio-3000"]
2019-04-30 13:07:10,763 -- log - Starting service [Tomcat]
2019-04-30 13:07:10,763 -- log - Starting Servlet engine: [Apache Tomcat/9.0.17]
2019-04-30 13:07:10,873 -- log - Initializing Spring embedded WebApplicationContext
2019-04-30 13:07:10,874 -- prepareWebApplicationContext - Root WebApplicationContext: initialization completed in 1709 ms
2019-04-30 13:07:11,038 -- getConnection - HikariPool-1 - Starting...
2019-04-30 13:07:11,202 -- getConnection - HikariPool-1 - Start completed.
2019-04-30 13:07:11,253 -- logPersistenceUnitInformation - HHH000204: Processing PersistenceUnitInfo [
	name: default
	...]
2019-04-30 13:07:11,311 -- logVersion - HHH000412: Hibernate Core {5.3.9.Final}
2019-04-30 13:07:11,313 -- <clinit> - HHH000206: hibernate.properties not found
2019-04-30 13:07:11,428 -- <clinit> - HCANN000001: Hibernate Commons Annotations {5.0.4.Final}
2019-04-30 13:07:11,576 -- <init> - HHH000400: Using dialect: org.hibernate.dialect.MySQL5Dialect
2019-04-30 13:07:12,335 -- buildNativeEntityManagerFactory - Initialized JPA EntityManagerFactory for persistence unit 'default'
2019-04-30 13:07:12,970 -- initialize - Initializing ExecutorService 'applicationTaskExecutor'
2019-04-30 13:07:13,009 -- openEntityManagerInViewInterceptor - spring.jpa.open-in-view is enabled by default. Therefore, database queries may be performed during view rendering. Explicitly configure spring.jpa.open-in-view to disable this warning
2019-04-30 13:07:13,119 -- <init> - Adding welcome page: class path resource [doc/index.html]
2019-04-30 13:07:13,206 -- log - Starting ProtocolHandler ["http-nio-3000"]
2019-04-30 13:07:13,230 -- start - Tomcat started on port(s): 3000 (http) with context path ''
2019-04-30 13:07:13,232 -- logStarted - Started AppApplication in 4.753 seconds (JVM running for 5.331)
2019-04-30 13:07:16,754 -- log - Initializing Spring DispatcherServlet 'dispatcherServlet'
2019-04-30 13:07:16,755 -- initServletBean - Initializing Servlet 'dispatcherServlet'
2019-04-30 13:07:16,764 -- initServletBean - Completed initialization in 9 ms
