2019-04-18 16:00:05,369 - error - 拦截器执行啦~~~~~~~~
2019-04-18 16:00:05,370 - error - url->http://localhost:3000/user/test3
2019-04-18 16:02:28,529 - reportFailure - Application run failed
java.lang.IllegalStateException: Logback configuration error detected: 
ERROR in ch.qos.logback.core.pattern.parser.Compiler@4135c3b - There is no conversion class registered for composite conversion word [clr]
ERROR in ch.qos.logback.core.pattern.parser.Compiler@4135c3b - Failed to create converter for [%clr] keyword
ERROR in ch.qos.logback.core.pattern.parser.Compiler@4135c3b - There is no conversion class registered for composite conversion word [clr]
ERROR in ch.qos.logback.core.pattern.parser.Compiler@4135c3b - Failed to create converter for [%clr] keyword
ERROR in ch.qos.logback.core.pattern.parser.Compiler@4135c3b - There is no conversion class registered for composite conversion word [clr]
ERROR in ch.qos.logback.core.pattern.parser.Compiler@4135c3b - Failed to create converter for [%clr] keyword
	at org.springframework.boot.logging.logback.LogbackLoggingSystem.loadConfiguration(LogbackLoggingSystem.java:169)
	at org.springframework.boot.logging.AbstractLoggingSystem.initializeWithConventions(AbstractLoggingSystem.java:82)
	at org.springframework.boot.logging.AbstractLoggingSystem.initialize(AbstractLoggingSystem.java:60)
	at org.springframework.boot.logging.logback.LogbackLoggingSystem.initialize(LogbackLoggingSystem.java:117)
	at org.springframework.boot.context.logging.LoggingApplicationListener.initializeSystem(LoggingApplicationListener.java:292)
	at org.springframework.boot.context.logging.LoggingApplicationListener.initialize(LoggingApplicationListener.java:265)
	at org.springframework.boot.context.logging.LoggingApplicationListener.onApplicationEnvironmentPreparedEvent(LoggingApplicationListener.java:228)
	at org.springframework.boot.context.logging.LoggingApplicationListener.onApplicationEvent(LoggingApplicationListener.java:201)
	at org.springframework.context.event.SimpleApplicationEventMulticaster.doInvokeListener(SimpleApplicationEventMulticaster.java:172)
	at org.springframework.context.event.SimpleApplicationEventMulticaster.invokeListener(SimpleApplicationEventMulticaster.java:165)
	at org.springframework.context.event.SimpleApplicationEventMulticaster.multicastEvent(SimpleApplicationEventMulticaster.java:139)
	at org.springframework.context.event.SimpleApplicationEventMulticaster.multicastEvent(SimpleApplicationEventMulticaster.java:127)
	at org.springframework.boot.context.event.EventPublishingRunListener.environmentPrepared(EventPublishingRunListener.java:75)
	at org.springframework.boot.SpringApplicationRunListeners.environmentPrepared(SpringApplicationRunListeners.java:54)
	at org.springframework.boot.SpringApplication.prepareEnvironment(SpringApplication.java:347)
	at org.springframework.boot.SpringApplication.run(SpringApplication.java:306)
	at org.springframework.boot.SpringApplication.run(SpringApplication.java:1260)
	at org.springframework.boot.SpringApplication.run(SpringApplication.java:1248)
	at com.example.app.AppApplication.main(AppApplication.java:14)
2019-04-18 16:02:46,840 - reportFailure - Application run failed
java.lang.IllegalStateException: Logback configuration error detected: 
ERROR in ch.qos.logback.core.pattern.parser.Compiler@4135c3b - There is no conversion class registered for composite conversion word [clr]
ERROR in ch.qos.logback.core.pattern.parser.Compiler@4135c3b - Failed to create converter for [%clr] keyword
ERROR in ch.qos.logback.core.pattern.parser.Compiler@4135c3b - There is no conversion class registered for composite conversion word [clr]
ERROR in ch.qos.logback.core.pattern.parser.Compiler@4135c3b - Failed to create converter for [%clr] keyword
ERROR in ch.qos.logback.core.pattern.parser.Compiler@4135c3b - There is no conversion class registered for composite conversion word [clr]
ERROR in ch.qos.logback.core.pattern.parser.Compiler@4135c3b - Failed to create converter for [%clr] keyword
	at org.springframework.boot.logging.logback.LogbackLoggingSystem.loadConfiguration(LogbackLoggingSystem.java:169)
	at org.springframework.boot.logging.AbstractLoggingSystem.initializeWithConventions(AbstractLoggingSystem.java:82)
	at org.springframework.boot.logging.AbstractLoggingSystem.initialize(AbstractLoggingSystem.java:60)
	at org.springframework.boot.logging.logback.LogbackLoggingSystem.initialize(LogbackLoggingSystem.java:117)
	at org.springframework.boot.context.logging.LoggingApplicationListener.initializeSystem(LoggingApplicationListener.java:292)
	at org.springframework.boot.context.logging.LoggingApplicationListener.initialize(LoggingApplicationListener.java:265)
	at org.springframework.boot.context.logging.LoggingApplicationListener.onApplicationEnvironmentPreparedEvent(LoggingApplicationListener.java:228)
	at org.springframework.boot.context.logging.LoggingApplicationListener.onApplicationEvent(LoggingApplicationListener.java:201)
	at org.springframework.context.event.SimpleApplicationEventMulticaster.doInvokeListener(SimpleApplicationEventMulticaster.java:172)
	at org.springframework.context.event.SimpleApplicationEventMulticaster.invokeListener(SimpleApplicationEventMulticaster.java:165)
	at org.springframework.context.event.SimpleApplicationEventMulticaster.multicastEvent(SimpleApplicationEventMulticaster.java:139)
	at org.springframework.context.event.SimpleApplicationEventMulticaster.multicastEvent(SimpleApplicationEventMulticaster.java:127)
	at org.springframework.boot.context.event.EventPublishingRunListener.environmentPrepared(EventPublishingRunListener.java:75)
	at org.springframework.boot.SpringApplicationRunListeners.environmentPrepared(SpringApplicationRunListeners.java:54)
	at org.springframework.boot.SpringApplication.prepareEnvironment(SpringApplication.java:347)
	at org.springframework.boot.SpringApplication.run(SpringApplication.java:306)
	at org.springframework.boot.SpringApplication.run(SpringApplication.java:1260)
	at org.springframework.boot.SpringApplication.run(SpringApplication.java:1248)
	at com.example.app.AppApplication.main(AppApplication.java:14)
2019-04-18 16:03:34,132 - reportFailure - Application run failed
java.lang.IllegalStateException: Logback configuration error detected: 
ERROR in ch.qos.logback.core.pattern.parser.Compiler@f6efaab - There is no conversion class registered for composite conversion word [clr]
ERROR in ch.qos.logback.core.pattern.parser.Compiler@f6efaab - Failed to create converter for [%clr] keyword
	at org.springframework.boot.logging.logback.LogbackLoggingSystem.loadConfiguration(LogbackLoggingSystem.java:169)
	at org.springframework.boot.logging.AbstractLoggingSystem.initializeWithConventions(AbstractLoggingSystem.java:82)
	at org.springframework.boot.logging.AbstractLoggingSystem.initialize(AbstractLoggingSystem.java:60)
	at org.springframework.boot.logging.logback.LogbackLoggingSystem.initialize(LogbackLoggingSystem.java:117)
	at org.springframework.boot.context.logging.LoggingApplicationListener.initializeSystem(LoggingApplicationListener.java:292)
	at org.springframework.boot.context.logging.LoggingApplicationListener.initialize(LoggingApplicationListener.java:265)
	at org.springframework.boot.context.logging.LoggingApplicationListener.onApplicationEnvironmentPreparedEvent(LoggingApplicationListener.java:228)
	at org.springframework.boot.context.logging.LoggingApplicationListener.onApplicationEvent(LoggingApplicationListener.java:201)
	at org.springframework.context.event.SimpleApplicationEventMulticaster.doInvokeListener(SimpleApplicationEventMulticaster.java:172)
	at org.springframework.context.event.SimpleApplicationEventMulticaster.invokeListener(SimpleApplicationEventMulticaster.java:165)
	at org.springframework.context.event.SimpleApplicationEventMulticaster.multicastEvent(SimpleApplicationEventMulticaster.java:139)
	at org.springframework.context.event.SimpleApplicationEventMulticaster.multicastEvent(SimpleApplicationEventMulticaster.java:127)
	at org.springframework.boot.context.event.EventPublishingRunListener.environmentPrepared(EventPublishingRunListener.java:75)
	at org.springframework.boot.SpringApplicationRunListeners.environmentPrepared(SpringApplicationRunListeners.java:54)
	at org.springframework.boot.SpringApplication.prepareEnvironment(SpringApplication.java:347)
	at org.springframework.boot.SpringApplication.run(SpringApplication.java:306)
	at org.springframework.boot.SpringApplication.run(SpringApplication.java:1260)
	at org.springframework.boot.SpringApplication.run(SpringApplication.java:1248)
	at com.example.app.AppApplication.main(AppApplication.java:14)
2019-04-18 16:35:51,922 - error - 拦截器执行啦~~~~~~~~
2019-04-18 16:35:51,922 - error - url->http://localhost:3000/admin/111
2019-04-18 16:36:15,700 - error - 拦截器执行啦~~~~~~~~
2019-04-18 16:36:15,701 - error - url->http://localhost:3000/admin/1
2019-04-18 16:36:18,969 - error - 拦截器执行啦~~~~~~~~
2019-04-18 16:36:18,970 - error - url->http://localhost:3000/admin/2
2019-04-18 16:36:50,495 - error - -------------------------------------------------
2019-04-18 16:36:50,496 - error - org.springframework.web.HttpRequestMethodNotSupportedException: Request method 'DELETE' not supported
2019-04-18 16:36:50,496 - error - -------------------------------------------------
2019-04-18 16:40:38,802 - error - 拦截器执行啦~~~~~~~~
2019-04-18 16:40:38,803 - error - url->http://localhost:3000/admin/password/2
2019-04-18 16:41:50,510 - error - 拦截器执行啦~~~~~~~~
2019-04-18 16:41:50,510 - error - url->http://localhost:3000/admin/password/2
2019-04-18 16:42:07,550 - error - 拦截器执行啦~~~~~~~~
2019-04-18 16:42:07,550 - error - url->http://localhost:3000/admin/password/2
2019-04-18 16:43:03,446 - error - 拦截器执行啦~~~~~~~~
2019-04-18 16:43:03,447 - error - url->http://localhost:3000/admin/password/2
2019-04-18 16:43:07,392 - error - 拦截器执行啦~~~~~~~~
2019-04-18 16:43:07,392 - error - url->http://localhost:3000/admin/password/3
2019-04-18 16:56:06,595 - error - 拦截器执行啦~~~~~~~~
2019-04-18 16:56:06,596 - error - url->http://localhost:3000/admin/3
2019-04-18 16:56:30,094 - error - 拦截器执行啦~~~~~~~~
2019-04-18 16:56:30,094 - error - url->http://localhost:3000/user/login
2019-04-18 16:56:38,051 - error - 拦截器执行啦~~~~~~~~
2019-04-18 16:56:38,052 - error - url->http://localhost:3000/user/login
2019-04-18 16:56:54,926 - error - 拦截器执行啦~~~~~~~~
2019-04-18 16:56:54,926 - error - url->http://localhost:3000/user/login
2019-04-18 16:57:07,129 - error - 拦截器执行啦~~~~~~~~
2019-04-18 16:57:07,129 - error - url->http://localhost:3000/user/login
2019-04-18 16:57:19,093 - error - 拦截器执行啦~~~~~~~~
2019-04-18 16:57:19,093 - error - url->http://localhost:3000/admin/3
2019-04-18 16:57:59,838 - error - 拦截器执行啦~~~~~~~~
2019-04-18 16:57:59,839 - error - url->http://localhost:3000/admin/3
2019-04-18 16:59:21,904 - error - 拦截器执行啦~~~~~~~~
2019-04-18 16:59:21,905 - error - url->http://localhost:3000/admin/3
2019-04-18 16:59:38,706 - error - 拦截器执行啦~~~~~~~~
2019-04-18 16:59:38,706 - error - url->http://localhost:3000/admin/3
2019-04-18 16:59:38,719 - error - -------------------------------------------------
2019-04-18 16:59:38,719 - error - java.lang.NullPointerException
2019-04-18 16:59:38,720 - error - -------------------------------------------------
2019-04-18 17:01:51,404 - error - 拦截器执行啦~~~~~~~~
2019-04-18 17:01:51,405 - error - url->http://localhost:3000/admin/3
2019-04-18 17:02:01,769 - error - 拦截器执行啦~~~~~~~~
2019-04-18 17:02:01,769 - error - url->http://localhost:3000/admin/3
2019-04-18 17:02:01,782 - error - -------------------------------------------------
2019-04-18 17:02:01,782 - error - java.lang.NullPointerException
2019-04-18 17:02:01,783 - error - -------------------------------------------------
2019-04-18 17:02:49,263 - error - 拦截器执行啦~~~~~~~~
2019-04-18 17:02:49,264 - error - url->http://localhost:3000/admin/3
2019-04-18 17:02:59,132 - error - 拦截器执行啦~~~~~~~~
2019-04-18 17:02:59,132 - error - url->http://localhost:3000/admin/3
2019-04-18 17:02:59,184 - error - -------------------------------------------------
2019-04-18 17:02:59,185 - error - java.lang.NullPointerException
2019-04-18 17:02:59,185 - error - -------------------------------------------------
2019-04-18 17:04:14,284 - error - 拦截器执行啦~~~~~~~~
2019-04-18 17:04:14,285 - error - url->http://localhost:3000/admin/3
2019-04-18 17:04:14,797 - error - -------------------------------------------------
2019-04-18 17:04:14,797 - error - java.lang.NullPointerException
2019-04-18 17:04:14,798 - error - -------------------------------------------------
2019-04-18 17:04:43,864 - error - 拦截器执行啦~~~~~~~~
2019-04-18 17:04:43,865 - error - url->http://localhost:3000/admin/3
2019-04-18 17:09:29,341 - error - 拦截器执行啦~~~~~~~~
2019-04-18 17:09:29,341 - error - url->http://localhost:3000/admin/3
2019-04-18 17:10:25,010 - error - 拦截器执行啦~~~~~~~~
2019-04-18 17:10:25,010 - error - url->http://localhost:3000/admin/3
2019-04-18 17:17:59,299 - error - 拦截器执行啦~~~~~~~~
2019-04-18 17:17:59,300 - error - url->http://localhost:3000/admin/3
2019-04-18 17:24:03,381 - error - 拦截器执行啦~~~~~~~~
2019-04-18 17:24:03,382 - error - url->http://localhost:3000/admin/3
2019-04-18 17:29:07,771 - error - 拦截器执行啦~~~~~~~~
2019-04-18 17:29:07,772 - error - url->http://localhost:3000/admin/3
2019-04-18 17:29:08,249 - error - -------------------------------------------------
2019-04-18 17:29:08,249 - error - javax.validation.UnexpectedTypeException: HV000030: No validator could be found for constraint 'javax.validation.constraints.Pattern' validating type 'java.lang.Integer'. Check configuration for 'groupId'
2019-04-18 17:29:08,249 - error - -------------------------------------------------
2019-04-18 17:35:32,342 - error - 拦截器执行啦~~~~~~~~
2019-04-18 17:35:32,342 - error - url->http://localhost:3000/admin/3
2019-04-18 17:36:15,260 - error - 拦截器执行啦~~~~~~~~
2019-04-18 17:36:15,261 - error - url->http://localhost:3000/admin/3
2019-04-18 17:39:53,529 - reportFailure - Application run failed
org.springframework.beans.factory.BeanCreationException: Error creating bean with name 'entityManagerFactory' defined in class path resource [org/springframework/boot/autoconfigure/orm/jpa/HibernateJpaConfiguration.class]: Invocation of init method failed; nested exception is javax.persistence.PersistenceException: [PersistenceUnit: default] Unable to build Hibernate SessionFactory; nested exception is org.hibernate.MappingException: Repeated column in mapping for entity: com.example.core.bean.db.User column: group_id (should be mapped with insert="false" update="false")
	at org.springframework.beans.factory.support.AbstractAutowireCapableBeanFactory.initializeBean(AbstractAutowireCapableBeanFactory.java:1778)
	at org.springframework.beans.factory.support.AbstractAutowireCapableBeanFactory.doCreateBean(AbstractAutowireCapableBeanFactory.java:593)
	at org.springframework.beans.factory.support.AbstractAutowireCapableBeanFactory.createBean(AbstractAutowireCapableBeanFactory.java:515)
	at org.springframework.beans.factory.support.AbstractBeanFactory.lambda$doGetBean$0(AbstractBeanFactory.java:320)
	at org.springframework.beans.factory.support.DefaultSingletonBeanRegistry.getSingleton(DefaultSingletonBeanRegistry.java:222)
	at org.springframework.beans.factory.support.AbstractBeanFactory.doGetBean(AbstractBeanFactory.java:318)
	at org.springframework.beans.factory.support.AbstractBeanFactory.getBean(AbstractBeanFactory.java:199)
	at org.springframework.context.support.AbstractApplicationContext.getBean(AbstractApplicationContext.java:1105)
	at org.springframework.context.support.AbstractApplicationContext.finishBeanFactoryInitialization(AbstractApplicationContext.java:867)
	at org.springframework.context.support.AbstractApplicationContext.refresh(AbstractApplicationContext.java:549)
	at org.springframework.boot.web.servlet.context.ServletWebServerApplicationContext.refresh(ServletWebServerApplicationContext.java:142)
	at org.springframework.boot.SpringApplication.refresh(SpringApplication.java:775)
	at org.springframework.boot.SpringApplication.refreshContext(SpringApplication.java:397)
	at org.springframework.boot.SpringApplication.run(SpringApplication.java:316)
	at org.springframework.boot.SpringApplication.run(SpringApplication.java:1260)
	at org.springframework.boot.SpringApplication.run(SpringApplication.java:1248)
	at com.example.app.AppApplication.main(AppApplication.java:14)
Caused by: javax.persistence.PersistenceException: [PersistenceUnit: default] Unable to build Hibernate SessionFactory; nested exception is org.hibernate.MappingException: Repeated column in mapping for entity: com.example.core.bean.db.User column: group_id (should be mapped with insert="false" update="false")
	at org.springframework.orm.jpa.AbstractEntityManagerFactoryBean.buildNativeEntityManagerFactory(AbstractEntityManagerFactoryBean.java:402)
	at org.springframework.orm.jpa.AbstractEntityManagerFactoryBean.afterPropertiesSet(AbstractEntityManagerFactoryBean.java:377)
	at org.springframework.orm.jpa.LocalContainerEntityManagerFactoryBean.afterPropertiesSet(LocalContainerEntityManagerFactoryBean.java:341)
	at org.springframework.beans.factory.support.AbstractAutowireCapableBeanFactory.invokeInitMethods(AbstractAutowireCapableBeanFactory.java:1837)
	at org.springframework.beans.factory.support.AbstractAutowireCapableBeanFactory.initializeBean(AbstractAutowireCapableBeanFactory.java:1774)
	... 16 common frames omitted
Caused by: org.hibernate.MappingException: Repeated column in mapping for entity: com.example.core.bean.db.User column: group_id (should be mapped with insert="false" update="false")
	at org.hibernate.mapping.PersistentClass.checkColumnDuplication(PersistentClass.java:862)
	at org.hibernate.mapping.PersistentClass.checkPropertyColumnDuplication(PersistentClass.java:880)
	at org.hibernate.mapping.PersistentClass.checkColumnDuplication(PersistentClass.java:902)
	at org.hibernate.mapping.PersistentClass.validate(PersistentClass.java:634)
	at org.hibernate.mapping.RootClass.validate(RootClass.java:267)
	at org.hibernate.boot.internal.MetadataImpl.validate(MetadataImpl.java:347)
	at org.hibernate.boot.internal.SessionFactoryBuilderImpl.build(SessionFactoryBuilderImpl.java:466)
	at org.hibernate.jpa.boot.internal.EntityManagerFactoryBuilderImpl.build(EntityManagerFactoryBuilderImpl.java:939)
	at org.springframework.orm.jpa.vendor.SpringHibernateJpaPersistenceProvider.createContainerEntityManagerFactory(SpringHibernateJpaPersistenceProvider.java:57)
	at org.springframework.orm.jpa.LocalContainerEntityManagerFactoryBean.createNativeEntityManagerFactory(LocalContainerEntityManagerFactoryBean.java:365)
	at org.springframework.orm.jpa.AbstractEntityManagerFactoryBean.buildNativeEntityManagerFactory(AbstractEntityManagerFactoryBean.java:390)
	... 20 common frames omitted
2019-04-18 17:40:17,153 - reportFailure - Application run failed
org.springframework.beans.factory.BeanCreationException: Error creating bean with name 'entityManagerFactory' defined in class path resource [org/springframework/boot/autoconfigure/orm/jpa/HibernateJpaConfiguration.class]: Invocation of init method failed; nested exception is javax.persistence.PersistenceException: [PersistenceUnit: default] Unable to build Hibernate SessionFactory; nested exception is org.hibernate.MappingException: Repeated column in mapping for entity: com.example.core.bean.db.User column: group_id (should be mapped with insert="false" update="false")
	at org.springframework.beans.factory.support.AbstractAutowireCapableBeanFactory.initializeBean(AbstractAutowireCapableBeanFactory.java:1778)
	at org.springframework.beans.factory.support.AbstractAutowireCapableBeanFactory.doCreateBean(AbstractAutowireCapableBeanFactory.java:593)
	at org.springframework.beans.factory.support.AbstractAutowireCapableBeanFactory.createBean(AbstractAutowireCapableBeanFactory.java:515)
	at org.springframework.beans.factory.support.AbstractBeanFactory.lambda$doGetBean$0(AbstractBeanFactory.java:320)
	at org.springframework.beans.factory.support.DefaultSingletonBeanRegistry.getSingleton(DefaultSingletonBeanRegistry.java:222)
	at org.springframework.beans.factory.support.AbstractBeanFactory.doGetBean(AbstractBeanFactory.java:318)
	at org.springframework.beans.factory.support.AbstractBeanFactory.getBean(AbstractBeanFactory.java:199)
	at org.springframework.context.support.AbstractApplicationContext.getBean(AbstractApplicationContext.java:1105)
	at org.springframework.context.support.AbstractApplicationContext.finishBeanFactoryInitialization(AbstractApplicationContext.java:867)
	at org.springframework.context.support.AbstractApplicationContext.refresh(AbstractApplicationContext.java:549)
	at org.springframework.boot.web.servlet.context.ServletWebServerApplicationContext.refresh(ServletWebServerApplicationContext.java:142)
	at org.springframework.boot.SpringApplication.refresh(SpringApplication.java:775)
	at org.springframework.boot.SpringApplication.refreshContext(SpringApplication.java:397)
	at org.springframework.boot.SpringApplication.run(SpringApplication.java:316)
	at org.springframework.boot.SpringApplication.run(SpringApplication.java:1260)
	at org.springframework.boot.SpringApplication.run(SpringApplication.java:1248)
	at com.example.app.AppApplication.main(AppApplication.java:14)
Caused by: javax.persistence.PersistenceException: [PersistenceUnit: default] Unable to build Hibernate SessionFactory; nested exception is org.hibernate.MappingException: Repeated column in mapping for entity: com.example.core.bean.db.User column: group_id (should be mapped with insert="false" update="false")
	at org.springframework.orm.jpa.AbstractEntityManagerFactoryBean.buildNativeEntityManagerFactory(AbstractEntityManagerFactoryBean.java:402)
	at org.springframework.orm.jpa.AbstractEntityManagerFactoryBean.afterPropertiesSet(AbstractEntityManagerFactoryBean.java:377)
	at org.springframework.orm.jpa.LocalContainerEntityManagerFactoryBean.afterPropertiesSet(LocalContainerEntityManagerFactoryBean.java:341)
	at org.springframework.beans.factory.support.AbstractAutowireCapableBeanFactory.invokeInitMethods(AbstractAutowireCapableBeanFactory.java:1837)
	at org.springframework.beans.factory.support.AbstractAutowireCapableBeanFactory.initializeBean(AbstractAutowireCapableBeanFactory.java:1774)
	... 16 common frames omitted
Caused by: org.hibernate.MappingException: Repeated column in mapping for entity: com.example.core.bean.db.User column: group_id (should be mapped with insert="false" update="false")
	at org.hibernate.mapping.PersistentClass.checkColumnDuplication(PersistentClass.java:862)
	at org.hibernate.mapping.PersistentClass.checkPropertyColumnDuplication(PersistentClass.java:880)
	at org.hibernate.mapping.PersistentClass.checkColumnDuplication(PersistentClass.java:902)
	at org.hibernate.mapping.PersistentClass.validate(PersistentClass.java:634)
	at org.hibernate.mapping.RootClass.validate(RootClass.java:267)
	at org.hibernate.boot.internal.MetadataImpl.validate(MetadataImpl.java:347)
	at org.hibernate.boot.internal.SessionFactoryBuilderImpl.build(SessionFactoryBuilderImpl.java:466)
	at org.hibernate.jpa.boot.internal.EntityManagerFactoryBuilderImpl.build(EntityManagerFactoryBuilderImpl.java:939)
	at org.springframework.orm.jpa.vendor.SpringHibernateJpaPersistenceProvider.createContainerEntityManagerFactory(SpringHibernateJpaPersistenceProvider.java:57)
	at org.springframework.orm.jpa.LocalContainerEntityManagerFactoryBean.createNativeEntityManagerFactory(LocalContainerEntityManagerFactoryBean.java:365)
	at org.springframework.orm.jpa.AbstractEntityManagerFactoryBean.buildNativeEntityManagerFactory(AbstractEntityManagerFactoryBean.java:390)
	... 20 common frames omitted
2019-04-18 17:42:19,840 - reportFailure - Application run failed
org.springframework.beans.factory.BeanCreationException: Error creating bean with name 'entityManagerFactory' defined in class path resource [org/springframework/boot/autoconfigure/orm/jpa/HibernateJpaConfiguration.class]: Invocation of init method failed; nested exception is javax.persistence.PersistenceException: [PersistenceUnit: default] Unable to build Hibernate SessionFactory; nested exception is org.hibernate.MappingException: Repeated column in mapping for entity: com.example.core.bean.db.User column: group_id (should be mapped with insert="false" update="false")
	at org.springframework.beans.factory.support.AbstractAutowireCapableBeanFactory.initializeBean(AbstractAutowireCapableBeanFactory.java:1778)
	at org.springframework.beans.factory.support.AbstractAutowireCapableBeanFactory.doCreateBean(AbstractAutowireCapableBeanFactory.java:593)
	at org.springframework.beans.factory.support.AbstractAutowireCapableBeanFactory.createBean(AbstractAutowireCapableBeanFactory.java:515)
	at org.springframework.beans.factory.support.AbstractBeanFactory.lambda$doGetBean$0(AbstractBeanFactory.java:320)
	at org.springframework.beans.factory.support.DefaultSingletonBeanRegistry.getSingleton(DefaultSingletonBeanRegistry.java:222)
	at org.springframework.beans.factory.support.AbstractBeanFactory.doGetBean(AbstractBeanFactory.java:318)
	at org.springframework.beans.factory.support.AbstractBeanFactory.getBean(AbstractBeanFactory.java:199)
	at org.springframework.context.support.AbstractApplicationContext.getBean(AbstractApplicationContext.java:1105)
	at org.springframework.context.support.AbstractApplicationContext.finishBeanFactoryInitialization(AbstractApplicationContext.java:867)
	at org.springframework.context.support.AbstractApplicationContext.refresh(AbstractApplicationContext.java:549)
	at org.springframework.boot.web.servlet.context.ServletWebServerApplicationContext.refresh(ServletWebServerApplicationContext.java:142)
	at org.springframework.boot.SpringApplication.refresh(SpringApplication.java:775)
	at org.springframework.boot.SpringApplication.refreshContext(SpringApplication.java:397)
	at org.springframework.boot.SpringApplication.run(SpringApplication.java:316)
	at org.springframework.boot.SpringApplication.run(SpringApplication.java:1260)
	at org.springframework.boot.SpringApplication.run(SpringApplication.java:1248)
	at com.example.app.AppApplication.main(AppApplication.java:14)
Caused by: javax.persistence.PersistenceException: [PersistenceUnit: default] Unable to build Hibernate SessionFactory; nested exception is org.hibernate.MappingException: Repeated column in mapping for entity: com.example.core.bean.db.User column: group_id (should be mapped with insert="false" update="false")
	at org.springframework.orm.jpa.AbstractEntityManagerFactoryBean.buildNativeEntityManagerFactory(AbstractEntityManagerFactoryBean.java:402)
	at org.springframework.orm.jpa.AbstractEntityManagerFactoryBean.afterPropertiesSet(AbstractEntityManagerFactoryBean.java:377)
	at org.springframework.orm.jpa.LocalContainerEntityManagerFactoryBean.afterPropertiesSet(LocalContainerEntityManagerFactoryBean.java:341)
	at org.springframework.beans.factory.support.AbstractAutowireCapableBeanFactory.invokeInitMethods(AbstractAutowireCapableBeanFactory.java:1837)
	at org.springframework.beans.factory.support.AbstractAutowireCapableBeanFactory.initializeBean(AbstractAutowireCapableBeanFactory.java:1774)
	... 16 common frames omitted
Caused by: org.hibernate.MappingException: Repeated column in mapping for entity: com.example.core.bean.db.User column: group_id (should be mapped with insert="false" update="false")
	at org.hibernate.mapping.PersistentClass.checkColumnDuplication(PersistentClass.java:862)
	at org.hibernate.mapping.PersistentClass.checkPropertyColumnDuplication(PersistentClass.java:880)
	at org.hibernate.mapping.PersistentClass.checkColumnDuplication(PersistentClass.java:902)
	at org.hibernate.mapping.PersistentClass.validate(PersistentClass.java:634)
	at org.hibernate.mapping.RootClass.validate(RootClass.java:267)
	at org.hibernate.boot.internal.MetadataImpl.validate(MetadataImpl.java:347)
	at org.hibernate.boot.internal.SessionFactoryBuilderImpl.build(SessionFactoryBuilderImpl.java:466)
	at org.hibernate.jpa.boot.internal.EntityManagerFactoryBuilderImpl.build(EntityManagerFactoryBuilderImpl.java:939)
	at org.springframework.orm.jpa.vendor.SpringHibernateJpaPersistenceProvider.createContainerEntityManagerFactory(SpringHibernateJpaPersistenceProvider.java:57)
	at org.springframework.orm.jpa.LocalContainerEntityManagerFactoryBean.createNativeEntityManagerFactory(LocalContainerEntityManagerFactoryBean.java:365)
	at org.springframework.orm.jpa.AbstractEntityManagerFactoryBean.buildNativeEntityManagerFactory(AbstractEntityManagerFactoryBean.java:390)
	... 20 common frames omitted
2019-04-18 18:01:46,123 - error - 拦截器执行啦~~~~~~~~
2019-04-18 18:01:46,124 - error - url->http://localhost:3000/admin/3
2019-04-18 18:01:54,778 - error - 拦截器执行啦~~~~~~~~
2019-04-18 18:01:54,778 - error - url->http://localhost:3000/user/login
2019-04-18 18:02:03,805 - error - 拦截器执行啦~~~~~~~~
2019-04-18 18:02:03,806 - error - url->http://localhost:3000/admin/3
2019-04-18 18:02:10,808 - error - 拦截器执行啦~~~~~~~~
2019-04-18 18:02:10,809 - error - url->http://localhost:3000/admin/3
2019-04-18 18:02:23,072 - error - 拦截器执行啦~~~~~~~~
2019-04-18 18:02:23,072 - error - url->http://localhost:3000/admin/3
2019-04-18 18:02:55,486 - error - 拦截器执行啦~~~~~~~~
2019-04-18 18:02:55,487 - error - url->http://localhost:3000/admin/3
2019-04-18 18:30:02,224 - error - 拦截器执行啦~~~~~~~~
2019-04-18 18:30:02,225 - error - url->http://localhost:3000/admin/disable/3
2019-04-18 18:30:09,199 - error - 拦截器执行啦~~~~~~~~
2019-04-18 18:30:09,200 - error - url->http://localhost:3000/admin/disable/3
2019-04-18 18:30:13,631 - error - 拦截器执行啦~~~~~~~~
2019-04-18 18:30:13,632 - error - url->http://localhost:3000/admin/disable/3
2019-04-18 18:30:37,056 - error - 拦截器执行啦~~~~~~~~
2019-04-18 18:30:37,057 - error - url->http://localhost:3000/admin/disable/3
