2019-04-18 15:59:14,652 -- logStarting - Starting AppApplication on DESKTOP-2RE8KLJ with PID 10732 (E:\Tools\Java\WorkSpace\Shadow\app\target\classes started by HyZhan in E:\Tools\Java\WorkSpace\Shadow)
2019-04-18 15:59:14,654 -- logStartupProfileInfo - The following profiles are active: dev
2019-04-18 15:59:15,379 -- registerRepositoriesIn - Bootstrapping Spring Data repositories in DEFAULT mode.
2019-04-18 15:59:15,464 -- registerRepositoriesIn - Finished Spring Data repository scanning in 79ms. Found 5 repository interfaces.
2019-04-18 15:59:15,782 -- postProcessAfterInitialization - Bean 'org.springframework.transaction.annotation.ProxyTransactionManagementConfiguration' of type [org.springframework.transaction.annotation.ProxyTransactionManagementConfiguration$$EnhancerBySpringCGLIB$$4329fefa] is not eligible for getting processed by all BeanPostProcessors (for example: not eligible for auto-proxying)
2019-04-18 15:59:16,083 -- initialize - Tomcat initialized with port(s): 3000 (http)
2019-04-18 15:59:16,097 -- log - Initializing ProtocolHandler ["http-nio-3000"]
2019-04-18 15:59:16,106 -- log - Starting service [Tomcat]
2019-04-18 15:59:16,107 -- log - Starting Servlet engine: [Apache Tomcat/9.0.17]
2019-04-18 15:59:16,217 -- log - Initializing Spring embedded WebApplicationContext
2019-04-18 15:59:16,218 -- prepareWebApplicationContext - Root WebApplicationContext: initialization completed in 1517 ms
2019-04-18 15:59:16,380 -- getConnection - HikariPool-1 - Starting...
2019-04-18 15:59:16,573 -- getConnection - HikariPool-1 - Start completed.
2019-04-18 15:59:16,620 -- logPersistenceUnitInformation - HHH000204: Processing PersistenceUnitInfo [
	name: default
	...]
2019-04-18 15:59:16,675 -- logVersion - HHH000412: Hibernate Core {5.3.9.Final}
2019-04-18 15:59:16,678 -- <clinit> - HHH000206: hibernate.properties not found
2019-04-18 15:59:16,799 -- <clinit> - HCANN000001: Hibernate Commons Annotations {5.0.4.Final}
2019-04-18 15:59:16,921 -- <init> - HHH000400: Using dialect: org.hibernate.dialect.MySQL5Dialect
2019-04-18 15:59:17,588 -- buildNativeEntityManagerFactory - Initialized JPA EntityManagerFactory for persistence unit 'default'
2019-04-18 15:59:18,162 -- initialize - Initializing ExecutorService 'applicationTaskExecutor'
2019-04-18 15:59:18,202 -- openEntityManagerInViewInterceptor - spring.jpa.open-in-view is enabled by default. Therefore, database queries may be performed during view rendering. Explicitly configure spring.jpa.open-in-view to disable this warning
2019-04-18 15:59:18,297 -- <init> - Adding welcome page: class path resource [doc/index.html]
2019-04-18 15:59:18,380 -- log - Starting ProtocolHandler ["http-nio-3000"]
2019-04-18 15:59:18,402 -- start - Tomcat started on port(s): 3000 (http) with context path ''
2019-04-18 15:59:18,407 -- logStarted - Started AppApplication in 4.298 seconds (JVM running for 4.884)
2019-04-18 16:00:05,346 -- log - Initializing Spring DispatcherServlet 'dispatcherServlet'
2019-04-18 16:00:05,346 -- initServletBean - Initializing Servlet 'dispatcherServlet'
2019-04-18 16:00:05,354 -- initServletBean - Completed initialization in 7 ms
2019-04-18 16:35:00,291 -- logStarting - Starting AppApplication on DESKTOP-2RE8KLJ with PID 4772 (E:\Tools\Java\WorkSpace\Shadow\app\target\classes started by HyZhan in E:\Tools\Java\WorkSpace\Shadow)
2019-04-18 16:35:00,294 -- logStartupProfileInfo - The following profiles are active: dev
2019-04-18 16:35:01,028 -- registerRepositoriesIn - Bootstrapping Spring Data repositories in DEFAULT mode.
2019-04-18 16:35:01,131 -- registerRepositoriesIn - Finished Spring Data repository scanning in 89ms. Found 5 repository interfaces.
2019-04-18 16:35:01,455 -- postProcessAfterInitialization - Bean 'org.springframework.transaction.annotation.ProxyTransactionManagementConfiguration' of type [org.springframework.transaction.annotation.ProxyTransactionManagementConfiguration$$EnhancerBySpringCGLIB$$588c1299] is not eligible for getting processed by all BeanPostProcessors (for example: not eligible for auto-proxying)
2019-04-18 16:35:01,770 -- initialize - Tomcat initialized with port(s): 3000 (http)
2019-04-18 16:35:01,782 -- log - Initializing ProtocolHandler ["http-nio-3000"]
2019-04-18 16:35:01,790 -- log - Starting service [Tomcat]
2019-04-18 16:35:01,790 -- log - Starting Servlet engine: [Apache Tomcat/9.0.17]
2019-04-18 16:35:01,897 -- log - Initializing Spring embedded WebApplicationContext
2019-04-18 16:35:01,897 -- prepareWebApplicationContext - Root WebApplicationContext: initialization completed in 1540 ms
2019-04-18 16:35:02,048 -- getConnection - HikariPool-1 - Starting...
2019-04-18 16:35:02,237 -- getConnection - HikariPool-1 - Start completed.
2019-04-18 16:35:02,286 -- logPersistenceUnitInformation - HHH000204: Processing PersistenceUnitInfo [
	name: default
	...]
2019-04-18 16:35:02,340 -- logVersion - HHH000412: Hibernate Core {5.3.9.Final}
2019-04-18 16:35:02,343 -- <clinit> - HHH000206: hibernate.properties not found
2019-04-18 16:35:02,461 -- <clinit> - HCANN000001: Hibernate Commons Annotations {5.0.4.Final}
2019-04-18 16:35:02,599 -- <init> - HHH000400: Using dialect: org.hibernate.dialect.MySQL5Dialect
2019-04-18 16:35:03,272 -- buildNativeEntityManagerFactory - Initialized JPA EntityManagerFactory for persistence unit 'default'
2019-04-18 16:35:03,809 -- initialize - Initializing ExecutorService 'applicationTaskExecutor'
2019-04-18 16:35:03,849 -- openEntityManagerInViewInterceptor - spring.jpa.open-in-view is enabled by default. Therefore, database queries may be performed during view rendering. Explicitly configure spring.jpa.open-in-view to disable this warning
2019-04-18 16:35:03,961 -- <init> - Adding welcome page: class path resource [doc/index.html]
2019-04-18 16:35:04,055 -- log - Starting ProtocolHandler ["http-nio-3000"]
2019-04-18 16:35:04,076 -- start - Tomcat started on port(s): 3000 (http) with context path ''
2019-04-18 16:35:04,078 -- logStarted - Started AppApplication in 4.393 seconds (JVM running for 4.983)
2019-04-18 16:35:51,900 -- log - Initializing Spring DispatcherServlet 'dispatcherServlet'
2019-04-18 16:35:51,900 -- initServletBean - Initializing Servlet 'dispatcherServlet'
2019-04-18 16:35:51,908 -- initServletBean - Completed initialization in 8 ms
2019-04-18 16:39:43,548 -- logStarting - Starting AppApplication on DESKTOP-2RE8KLJ with PID 6564 (E:\Tools\Java\WorkSpace\Shadow\app\target\classes started by HyZhan in E:\Tools\Java\WorkSpace\Shadow)
2019-04-18 16:39:43,552 -- logStartupProfileInfo - The following profiles are active: dev
2019-04-18 16:39:44,403 -- registerRepositoriesIn - Bootstrapping Spring Data repositories in DEFAULT mode.
2019-04-18 16:39:44,486 -- registerRepositoriesIn - Finished Spring Data repository scanning in 76ms. Found 5 repository interfaces.
2019-04-18 16:39:44,788 -- postProcessAfterInitialization - Bean 'org.springframework.transaction.annotation.ProxyTransactionManagementConfiguration' of type [org.springframework.transaction.annotation.ProxyTransactionManagementConfiguration$$EnhancerBySpringCGLIB$$51903528] is not eligible for getting processed by all BeanPostProcessors (for example: not eligible for auto-proxying)
2019-04-18 16:39:45,070 -- initialize - Tomcat initialized with port(s): 3000 (http)
2019-04-18 16:39:45,083 -- log - Initializing ProtocolHandler ["http-nio-3000"]
2019-04-18 16:39:45,091 -- log - Starting service [Tomcat]
2019-04-18 16:39:45,091 -- log - Starting Servlet engine: [Apache Tomcat/9.0.17]
2019-04-18 16:39:45,196 -- log - Initializing Spring embedded WebApplicationContext
2019-04-18 16:39:45,196 -- prepareWebApplicationContext - Root WebApplicationContext: initialization completed in 1574 ms
2019-04-18 16:39:45,346 -- getConnection - HikariPool-1 - Starting...
2019-04-18 16:39:45,530 -- getConnection - HikariPool-1 - Start completed.
2019-04-18 16:39:45,579 -- logPersistenceUnitInformation - HHH000204: Processing PersistenceUnitInfo [
	name: default
	...]
2019-04-18 16:39:45,638 -- logVersion - HHH000412: Hibernate Core {5.3.9.Final}
2019-04-18 16:39:45,640 -- <clinit> - HHH000206: hibernate.properties not found
2019-04-18 16:39:45,757 -- <clinit> - HCANN000001: Hibernate Commons Annotations {5.0.4.Final}
2019-04-18 16:39:45,901 -- <init> - HHH000400: Using dialect: org.hibernate.dialect.MySQL5Dialect
2019-04-18 16:39:46,603 -- buildNativeEntityManagerFactory - Initialized JPA EntityManagerFactory for persistence unit 'default'
2019-04-18 16:39:47,174 -- initialize - Initializing ExecutorService 'applicationTaskExecutor'
2019-04-18 16:39:47,214 -- openEntityManagerInViewInterceptor - spring.jpa.open-in-view is enabled by default. Therefore, database queries may be performed during view rendering. Explicitly configure spring.jpa.open-in-view to disable this warning
2019-04-18 16:39:47,312 -- <init> - Adding welcome page: class path resource [doc/index.html]
2019-04-18 16:39:47,395 -- log - Starting ProtocolHandler ["http-nio-3000"]
2019-04-18 16:39:47,419 -- start - Tomcat started on port(s): 3000 (http) with context path ''
2019-04-18 16:39:47,422 -- logStarted - Started AppApplication in 4.461 seconds (JVM running for 5.053)
2019-04-18 16:40:04,058 -- log - Initializing Spring DispatcherServlet 'dispatcherServlet'
2019-04-18 16:40:04,058 -- initServletBean - Initializing Servlet 'dispatcherServlet'
2019-04-18 16:40:04,065 -- initServletBean - Completed initialization in 7 ms
2019-04-18 16:42:48,198 -- logStarting - Starting AppApplication on DESKTOP-2RE8KLJ with PID 5904 (E:\Tools\Java\WorkSpace\Shadow\app\target\classes started by HyZhan in E:\Tools\Java\WorkSpace\Shadow)
2019-04-18 16:42:48,202 -- logStartupProfileInfo - The following profiles are active: dev
2019-04-18 16:42:48,952 -- registerRepositoriesIn - Bootstrapping Spring Data repositories in DEFAULT mode.
2019-04-18 16:42:49,039 -- registerRepositoriesIn - Finished Spring Data repository scanning in 80ms. Found 5 repository interfaces.
2019-04-18 16:42:49,343 -- postProcessAfterInitialization - Bean 'org.springframework.transaction.annotation.ProxyTransactionManagementConfiguration' of type [org.springframework.transaction.annotation.ProxyTransactionManagementConfiguration$$EnhancerBySpringCGLIB$$8486c077] is not eligible for getting processed by all BeanPostProcessors (for example: not eligible for auto-proxying)
2019-04-18 16:42:49,626 -- initialize - Tomcat initialized with port(s): 3000 (http)
2019-04-18 16:42:49,639 -- log - Initializing ProtocolHandler ["http-nio-3000"]
2019-04-18 16:42:49,647 -- log - Starting service [Tomcat]
2019-04-18 16:42:49,647 -- log - Starting Servlet engine: [Apache Tomcat/9.0.17]
2019-04-18 16:42:49,754 -- log - Initializing Spring embedded WebApplicationContext
2019-04-18 16:42:49,754 -- prepareWebApplicationContext - Root WebApplicationContext: initialization completed in 1475 ms
2019-04-18 16:42:49,903 -- getConnection - HikariPool-1 - Starting...
2019-04-18 16:42:50,077 -- getConnection - HikariPool-1 - Start completed.
2019-04-18 16:42:50,127 -- logPersistenceUnitInformation - HHH000204: Processing PersistenceUnitInfo [
	name: default
	...]
2019-04-18 16:42:50,186 -- logVersion - HHH000412: Hibernate Core {5.3.9.Final}
2019-04-18 16:42:50,188 -- <clinit> - HHH000206: hibernate.properties not found
2019-04-18 16:42:50,299 -- <clinit> - HCANN000001: Hibernate Commons Annotations {5.0.4.Final}
2019-04-18 16:42:50,431 -- <init> - HHH000400: Using dialect: org.hibernate.dialect.MySQL5Dialect
2019-04-18 16:42:51,112 -- buildNativeEntityManagerFactory - Initialized JPA EntityManagerFactory for persistence unit 'default'
2019-04-18 16:42:51,673 -- initialize - Initializing ExecutorService 'applicationTaskExecutor'
2019-04-18 16:42:51,713 -- openEntityManagerInViewInterceptor - spring.jpa.open-in-view is enabled by default. Therefore, database queries may be performed during view rendering. Explicitly configure spring.jpa.open-in-view to disable this warning
2019-04-18 16:42:51,805 -- <init> - Adding welcome page: class path resource [doc/index.html]
2019-04-18 16:42:51,886 -- log - Starting ProtocolHandler ["http-nio-3000"]
2019-04-18 16:42:51,908 -- start - Tomcat started on port(s): 3000 (http) with context path ''
2019-04-18 16:42:51,911 -- logStarted - Started AppApplication in 4.234 seconds (JVM running for 4.858)
2019-04-18 16:43:03,425 -- log - Initializing Spring DispatcherServlet 'dispatcherServlet'
2019-04-18 16:43:03,426 -- initServletBean - Initializing Servlet 'dispatcherServlet'
2019-04-18 16:43:03,433 -- initServletBean - Completed initialization in 6 ms
2019-04-18 16:55:23,702 -- logStarting - Starting AppApplication on DESKTOP-2RE8KLJ with PID 9128 (E:\Tools\Java\WorkSpace\Shadow\app\target\classes started by HyZhan in E:\Tools\Java\WorkSpace\Shadow)
2019-04-18 16:55:23,705 -- logStartupProfileInfo - The following profiles are active: dev
2019-04-18 16:55:24,530 -- registerRepositoriesIn - Bootstrapping Spring Data repositories in DEFAULT mode.
2019-04-18 16:55:24,613 -- registerRepositoriesIn - Finished Spring Data repository scanning in 75ms. Found 5 repository interfaces.
2019-04-18 16:55:24,903 -- postProcessAfterInitialization - Bean 'org.springframework.transaction.annotation.ProxyTransactionManagementConfiguration' of type [org.springframework.transaction.annotation.ProxyTransactionManagementConfiguration$$EnhancerBySpringCGLIB$$e8f160e1] is not eligible for getting processed by all BeanPostProcessors (for example: not eligible for auto-proxying)
2019-04-18 16:55:25,185 -- initialize - Tomcat initialized with port(s): 3000 (http)
2019-04-18 16:55:25,198 -- log - Initializing ProtocolHandler ["http-nio-3000"]
2019-04-18 16:55:25,206 -- log - Starting service [Tomcat]
2019-04-18 16:55:25,206 -- log - Starting Servlet engine: [Apache Tomcat/9.0.17]
2019-04-18 16:55:25,336 -- log - Initializing Spring embedded WebApplicationContext
2019-04-18 16:55:25,336 -- prepareWebApplicationContext - Root WebApplicationContext: initialization completed in 1553 ms
2019-04-18 16:55:25,486 -- getConnection - HikariPool-1 - Starting...
2019-04-18 16:55:25,666 -- getConnection - HikariPool-1 - Start completed.
2019-04-18 16:55:25,713 -- logPersistenceUnitInformation - HHH000204: Processing PersistenceUnitInfo [
	name: default
	...]
2019-04-18 16:55:25,775 -- logVersion - HHH000412: Hibernate Core {5.3.9.Final}
2019-04-18 16:55:25,777 -- <clinit> - HHH000206: hibernate.properties not found
2019-04-18 16:55:25,893 -- <clinit> - HCANN000001: Hibernate Commons Annotations {5.0.4.Final}
2019-04-18 16:55:26,025 -- <init> - HHH000400: Using dialect: org.hibernate.dialect.MySQL5Dialect
2019-04-18 16:55:26,706 -- buildNativeEntityManagerFactory - Initialized JPA EntityManagerFactory for persistence unit 'default'
2019-04-18 16:55:27,253 -- initialize - Initializing ExecutorService 'applicationTaskExecutor'
2019-04-18 16:55:27,293 -- openEntityManagerInViewInterceptor - spring.jpa.open-in-view is enabled by default. Therefore, database queries may be performed during view rendering. Explicitly configure spring.jpa.open-in-view to disable this warning
2019-04-18 16:55:27,391 -- <init> - Adding welcome page: class path resource [doc/index.html]
2019-04-18 16:55:27,475 -- log - Starting ProtocolHandler ["http-nio-3000"]
2019-04-18 16:55:27,500 -- start - Tomcat started on port(s): 3000 (http) with context path ''
2019-04-18 16:55:27,503 -- logStarted - Started AppApplication in 4.408 seconds (JVM running for 4.992)
2019-04-18 16:56:06,573 -- log - Initializing Spring DispatcherServlet 'dispatcherServlet'
2019-04-18 16:56:06,574 -- initServletBean - Initializing Servlet 'dispatcherServlet'
2019-04-18 16:56:06,580 -- initServletBean - Completed initialization in 6 ms
2019-04-18 16:56:30,296 -- initiateService - HHH000397: Using ASTQueryTranslatorFactory
2019-04-18 16:57:53,890 -- logStarting - Starting AppApplication on DESKTOP-2RE8KLJ with PID 4124 (E:\Tools\Java\WorkSpace\Shadow\app\target\classes started by HyZhan in E:\Tools\Java\WorkSpace\Shadow)
2019-04-18 16:57:53,893 -- logStartupProfileInfo - The following profiles are active: dev
2019-04-18 16:57:54,730 -- registerRepositoriesIn - Bootstrapping Spring Data repositories in DEFAULT mode.
2019-04-18 16:57:54,817 -- registerRepositoriesIn - Finished Spring Data repository scanning in 79ms. Found 5 repository interfaces.
2019-04-18 16:57:55,133 -- postProcessAfterInitialization - Bean 'org.springframework.transaction.annotation.ProxyTransactionManagementConfiguration' of type [org.springframework.transaction.annotation.ProxyTransactionManagementConfiguration$$EnhancerBySpringCGLIB$$95100001] is not eligible for getting processed by all BeanPostProcessors (for example: not eligible for auto-proxying)
2019-04-18 16:57:55,415 -- initialize - Tomcat initialized with port(s): 3000 (http)
2019-04-18 16:57:55,427 -- log - Initializing ProtocolHandler ["http-nio-3000"]
2019-04-18 16:57:55,435 -- log - Starting service [Tomcat]
2019-04-18 16:57:55,436 -- log - Starting Servlet engine: [Apache Tomcat/9.0.17]
2019-04-18 16:57:55,548 -- log - Initializing Spring embedded WebApplicationContext
2019-04-18 16:57:55,548 -- prepareWebApplicationContext - Root WebApplicationContext: initialization completed in 1597 ms
2019-04-18 16:57:55,710 -- getConnection - HikariPool-1 - Starting...
2019-04-18 16:57:55,864 -- getConnection - HikariPool-1 - Start completed.
2019-04-18 16:57:55,909 -- logPersistenceUnitInformation - HHH000204: Processing PersistenceUnitInfo [
	name: default
	...]
2019-04-18 16:57:55,969 -- logVersion - HHH000412: Hibernate Core {5.3.9.Final}
2019-04-18 16:57:55,972 -- <clinit> - HHH000206: hibernate.properties not found
2019-04-18 16:57:56,094 -- <clinit> - HCANN000001: Hibernate Commons Annotations {5.0.4.Final}
2019-04-18 16:57:56,224 -- <init> - HHH000400: Using dialect: org.hibernate.dialect.MySQL5Dialect
2019-04-18 16:57:56,918 -- buildNativeEntityManagerFactory - Initialized JPA EntityManagerFactory for persistence unit 'default'
2019-04-18 16:57:57,505 -- initialize - Initializing ExecutorService 'applicationTaskExecutor'
2019-04-18 16:57:57,545 -- openEntityManagerInViewInterceptor - spring.jpa.open-in-view is enabled by default. Therefore, database queries may be performed during view rendering. Explicitly configure spring.jpa.open-in-view to disable this warning
2019-04-18 16:57:57,643 -- <init> - Adding welcome page: class path resource [doc/index.html]
2019-04-18 16:57:57,728 -- log - Starting ProtocolHandler ["http-nio-3000"]
2019-04-18 16:57:57,753 -- start - Tomcat started on port(s): 3000 (http) with context path ''
2019-04-18 16:57:57,755 -- logStarted - Started AppApplication in 4.49 seconds (JVM running for 5.073)
2019-04-18 16:57:59,817 -- log - Initializing Spring DispatcherServlet 'dispatcherServlet'
2019-04-18 16:57:59,818 -- initServletBean - Initializing Servlet 'dispatcherServlet'
2019-04-18 16:57:59,825 -- initServletBean - Completed initialization in 7 ms
2019-04-18 16:58:00,347 -- initiateService - HHH000397: Using ASTQueryTranslatorFactory
2019-04-18 16:59:15,816 -- logStarting - Starting AppApplication on DESKTOP-2RE8KLJ with PID 9444 (E:\Tools\Java\WorkSpace\Shadow\app\target\classes started by HyZhan in E:\Tools\Java\WorkSpace\Shadow)
2019-04-18 16:59:15,822 -- logStartupProfileInfo - The following profiles are active: dev
2019-04-18 16:59:16,622 -- registerRepositoriesIn - Bootstrapping Spring Data repositories in DEFAULT mode.
2019-04-18 16:59:16,714 -- registerRepositoriesIn - Finished Spring Data repository scanning in 76ms. Found 5 repository interfaces.
2019-04-18 16:59:17,008 -- postProcessAfterInitialization - Bean 'org.springframework.transaction.annotation.ProxyTransactionManagementConfiguration' of type [org.springframework.transaction.annotation.ProxyTransactionManagementConfiguration$$EnhancerBySpringCGLIB$$c7a7b602] is not eligible for getting processed by all BeanPostProcessors (for example: not eligible for auto-proxying)
2019-04-18 16:59:17,294 -- initialize - Tomcat initialized with port(s): 3000 (http)
2019-04-18 16:59:17,307 -- log - Initializing ProtocolHandler ["http-nio-3000"]
2019-04-18 16:59:17,315 -- log - Starting service [Tomcat]
2019-04-18 16:59:17,316 -- log - Starting Servlet engine: [Apache Tomcat/9.0.17]
2019-04-18 16:59:17,427 -- log - Initializing Spring embedded WebApplicationContext
2019-04-18 16:59:17,428 -- prepareWebApplicationContext - Root WebApplicationContext: initialization completed in 1555 ms
2019-04-18 16:59:17,580 -- getConnection - HikariPool-1 - Starting...
2019-04-18 16:59:17,765 -- getConnection - HikariPool-1 - Start completed.
2019-04-18 16:59:17,813 -- logPersistenceUnitInformation - HHH000204: Processing PersistenceUnitInfo [
	name: default
	...]
2019-04-18 16:59:17,874 -- logVersion - HHH000412: Hibernate Core {5.3.9.Final}
2019-04-18 16:59:17,876 -- <clinit> - HHH000206: hibernate.properties not found
2019-04-18 16:59:17,989 -- <clinit> - HCANN000001: Hibernate Commons Annotations {5.0.4.Final}
2019-04-18 16:59:18,123 -- <init> - HHH000400: Using dialect: org.hibernate.dialect.MySQL5Dialect
2019-04-18 16:59:18,807 -- buildNativeEntityManagerFactory - Initialized JPA EntityManagerFactory for persistence unit 'default'
2019-04-18 16:59:19,348 -- initialize - Initializing ExecutorService 'applicationTaskExecutor'
2019-04-18 16:59:19,390 -- openEntityManagerInViewInterceptor - spring.jpa.open-in-view is enabled by default. Therefore, database queries may be performed during view rendering. Explicitly configure spring.jpa.open-in-view to disable this warning
2019-04-18 16:59:19,491 -- <init> - Adding welcome page: class path resource [doc/index.html]
2019-04-18 16:59:19,581 -- log - Starting ProtocolHandler ["http-nio-3000"]
2019-04-18 16:59:19,604 -- start - Tomcat started on port(s): 3000 (http) with context path ''
2019-04-18 16:59:19,607 -- logStarted - Started AppApplication in 4.38 seconds (JVM running for 4.947)
2019-04-18 16:59:21,882 -- log - Initializing Spring DispatcherServlet 'dispatcherServlet'
2019-04-18 16:59:21,882 -- initServletBean - Initializing Servlet 'dispatcherServlet'
2019-04-18 16:59:21,889 -- initServletBean - Completed initialization in 7 ms
2019-04-18 17:01:45,802 -- logStarting - Starting AppApplication on DESKTOP-2RE8KLJ with PID 12348 (E:\Tools\Java\WorkSpace\Shadow\app\target\classes started by HyZhan in E:\Tools\Java\WorkSpace\Shadow)
2019-04-18 17:01:45,805 -- logStartupProfileInfo - The following profiles are active: dev
2019-04-18 17:01:46,664 -- registerRepositoriesIn - Bootstrapping Spring Data repositories in DEFAULT mode.
2019-04-18 17:01:46,755 -- registerRepositoriesIn - Finished Spring Data repository scanning in 83ms. Found 5 repository interfaces.
2019-04-18 17:01:47,069 -- postProcessAfterInitialization - Bean 'org.springframework.transaction.annotation.ProxyTransactionManagementConfiguration' of type [org.springframework.transaction.annotation.ProxyTransactionManagementConfiguration$$EnhancerBySpringCGLIB$$28582178] is not eligible for getting processed by all BeanPostProcessors (for example: not eligible for auto-proxying)
2019-04-18 17:01:47,354 -- initialize - Tomcat initialized with port(s): 3000 (http)
2019-04-18 17:01:47,367 -- log - Initializing ProtocolHandler ["http-nio-3000"]
2019-04-18 17:01:47,375 -- log - Starting service [Tomcat]
2019-04-18 17:01:47,376 -- log - Starting Servlet engine: [Apache Tomcat/9.0.17]
2019-04-18 17:01:47,497 -- log - Initializing Spring embedded WebApplicationContext
2019-04-18 17:01:47,498 -- prepareWebApplicationContext - Root WebApplicationContext: initialization completed in 1575 ms
2019-04-18 17:01:47,669 -- getConnection - HikariPool-1 - Starting...
2019-04-18 17:01:47,843 -- getConnection - HikariPool-1 - Start completed.
2019-04-18 17:01:47,890 -- logPersistenceUnitInformation - HHH000204: Processing PersistenceUnitInfo [
	name: default
	...]
2019-04-18 17:01:47,949 -- logVersion - HHH000412: Hibernate Core {5.3.9.Final}
2019-04-18 17:01:47,951 -- <clinit> - HHH000206: hibernate.properties not found
2019-04-18 17:01:48,067 -- <clinit> - HCANN000001: Hibernate Commons Annotations {5.0.4.Final}
2019-04-18 17:01:48,211 -- <init> - HHH000400: Using dialect: org.hibernate.dialect.MySQL5Dialect
2019-04-18 17:01:48,942 -- buildNativeEntityManagerFactory - Initialized JPA EntityManagerFactory for persistence unit 'default'
2019-04-18 17:01:49,552 -- initialize - Initializing ExecutorService 'applicationTaskExecutor'
2019-04-18 17:01:49,593 -- openEntityManagerInViewInterceptor - spring.jpa.open-in-view is enabled by default. Therefore, database queries may be performed during view rendering. Explicitly configure spring.jpa.open-in-view to disable this warning
2019-04-18 17:01:49,688 -- <init> - Adding welcome page: class path resource [doc/index.html]
2019-04-18 17:01:49,771 -- log - Starting ProtocolHandler ["http-nio-3000"]
2019-04-18 17:01:49,793 -- start - Tomcat started on port(s): 3000 (http) with context path ''
2019-04-18 17:01:49,795 -- logStarted - Started AppApplication in 4.476 seconds (JVM running for 5.033)
2019-04-18 17:01:51,382 -- log - Initializing Spring DispatcherServlet 'dispatcherServlet'
2019-04-18 17:01:51,383 -- initServletBean - Initializing Servlet 'dispatcherServlet'
2019-04-18 17:01:51,390 -- initServletBean - Completed initialization in 7 ms
2019-04-18 17:02:41,016 -- logStarting - Starting AppApplication on DESKTOP-2RE8KLJ with PID 10776 (E:\Tools\Java\WorkSpace\Shadow\app\target\classes started by HyZhan in E:\Tools\Java\WorkSpace\Shadow)
2019-04-18 17:02:41,020 -- logStartupProfileInfo - The following profiles are active: dev
2019-04-18 17:02:41,753 -- registerRepositoriesIn - Bootstrapping Spring Data repositories in DEFAULT mode.
2019-04-18 17:02:41,836 -- registerRepositoriesIn - Finished Spring Data repository scanning in 76ms. Found 5 repository interfaces.
2019-04-18 17:02:42,136 -- postProcessAfterInitialization - Bean 'org.springframework.transaction.annotation.ProxyTransactionManagementConfiguration' of type [org.springframework.transaction.annotation.ProxyTransactionManagementConfiguration$$EnhancerBySpringCGLIB$$f58a4ac4] is not eligible for getting processed by all BeanPostProcessors (for example: not eligible for auto-proxying)
2019-04-18 17:02:42,426 -- initialize - Tomcat initialized with port(s): 3000 (http)
2019-04-18 17:02:42,438 -- log - Initializing ProtocolHandler ["http-nio-3000"]
2019-04-18 17:02:42,446 -- log - Starting service [Tomcat]
2019-04-18 17:02:42,446 -- log - Starting Servlet engine: [Apache Tomcat/9.0.17]
2019-04-18 17:02:42,556 -- log - Initializing Spring embedded WebApplicationContext
2019-04-18 17:02:42,556 -- prepareWebApplicationContext - Root WebApplicationContext: initialization completed in 1484 ms
2019-04-18 17:02:42,707 -- getConnection - HikariPool-1 - Starting...
2019-04-18 17:02:42,913 -- getConnection - HikariPool-1 - Start completed.
2019-04-18 17:02:42,964 -- logPersistenceUnitInformation - HHH000204: Processing PersistenceUnitInfo [
	name: default
	...]
2019-04-18 17:02:43,022 -- logVersion - HHH000412: Hibernate Core {5.3.9.Final}
2019-04-18 17:02:43,024 -- <clinit> - HHH000206: hibernate.properties not found
2019-04-18 17:02:43,147 -- <clinit> - HCANN000001: Hibernate Commons Annotations {5.0.4.Final}
2019-04-18 17:02:43,313 -- <init> - HHH000400: Using dialect: org.hibernate.dialect.MySQL5Dialect
2019-04-18 17:02:43,997 -- buildNativeEntityManagerFactory - Initialized JPA EntityManagerFactory for persistence unit 'default'
2019-04-18 17:02:44,561 -- initialize - Initializing ExecutorService 'applicationTaskExecutor'
2019-04-18 17:02:44,605 -- openEntityManagerInViewInterceptor - spring.jpa.open-in-view is enabled by default. Therefore, database queries may be performed during view rendering. Explicitly configure spring.jpa.open-in-view to disable this warning
2019-04-18 17:02:44,715 -- <init> - Adding welcome page: class path resource [doc/index.html]
2019-04-18 17:02:44,826 -- log - Starting ProtocolHandler ["http-nio-3000"]
2019-04-18 17:02:44,847 -- start - Tomcat started on port(s): 3000 (http) with context path ''
2019-04-18 17:02:44,849 -- logStarted - Started AppApplication in 4.477 seconds (JVM running for 5.026)
2019-04-18 17:02:49,243 -- log - Initializing Spring DispatcherServlet 'dispatcherServlet'
2019-04-18 17:02:49,243 -- initServletBean - Initializing Servlet 'dispatcherServlet'
2019-04-18 17:02:49,250 -- initServletBean - Completed initialization in 7 ms
2019-04-18 17:03:26,588 -- logStarting - Starting AppApplication on DESKTOP-2RE8KLJ with PID 6796 (E:\Tools\Java\WorkSpace\Shadow\app\target\classes started by HyZhan in E:\Tools\Java\WorkSpace\Shadow)
2019-04-18 17:03:26,592 -- logStartupProfileInfo - The following profiles are active: dev
2019-04-18 17:03:27,359 -- registerRepositoriesIn - Bootstrapping Spring Data repositories in DEFAULT mode.
2019-04-18 17:03:27,454 -- registerRepositoriesIn - Finished Spring Data repository scanning in 88ms. Found 5 repository interfaces.
2019-04-18 17:03:27,815 -- postProcessAfterInitialization - Bean 'org.springframework.transaction.annotation.ProxyTransactionManagementConfiguration' of type [org.springframework.transaction.annotation.ProxyTransactionManagementConfiguration$$EnhancerBySpringCGLIB$$c87e3a85] is not eligible for getting processed by all BeanPostProcessors (for example: not eligible for auto-proxying)
2019-04-18 17:03:28,155 -- initialize - Tomcat initialized with port(s): 3000 (http)
2019-04-18 17:03:28,172 -- log - Initializing ProtocolHandler ["http-nio-3000"]
2019-04-18 17:03:28,180 -- log - Starting service [Tomcat]
2019-04-18 17:03:28,181 -- log - Starting Servlet engine: [Apache Tomcat/9.0.17]
2019-04-18 17:03:28,301 -- log - Initializing Spring embedded WebApplicationContext
2019-04-18 17:03:28,302 -- prepareWebApplicationContext - Root WebApplicationContext: initialization completed in 1600 ms
2019-04-18 17:03:28,490 -- getConnection - HikariPool-1 - Starting...
2019-04-18 17:03:28,678 -- getConnection - HikariPool-1 - Start completed.
2019-04-18 17:03:28,733 -- logPersistenceUnitInformation - HHH000204: Processing PersistenceUnitInfo [
	name: default
	...]
2019-04-18 17:03:28,808 -- logVersion - HHH000412: Hibernate Core {5.3.9.Final}
2019-04-18 17:03:28,811 -- <clinit> - HHH000206: hibernate.properties not found
2019-04-18 17:03:28,953 -- <clinit> - HCANN000001: Hibernate Commons Annotations {5.0.4.Final}
2019-04-18 17:03:29,105 -- <init> - HHH000400: Using dialect: org.hibernate.dialect.MySQL5Dialect
2019-04-18 17:03:30,009 -- buildNativeEntityManagerFactory - Initialized JPA EntityManagerFactory for persistence unit 'default'
2019-04-18 17:03:30,733 -- initialize - Initializing ExecutorService 'applicationTaskExecutor'
2019-04-18 17:03:30,782 -- openEntityManagerInViewInterceptor - spring.jpa.open-in-view is enabled by default. Therefore, database queries may be performed during view rendering. Explicitly configure spring.jpa.open-in-view to disable this warning
2019-04-18 17:03:30,889 -- <init> - Adding welcome page: class path resource [doc/index.html]
2019-04-18 17:03:31,006 -- log - Starting ProtocolHandler ["http-nio-3000"]
2019-04-18 17:03:31,034 -- start - Tomcat started on port(s): 3000 (http) with context path ''
2019-04-18 17:03:31,037 -- logStarted - Started AppApplication in 5.046 seconds (JVM running for 7.09)
2019-04-18 17:04:07,544 -- logStarting - Starting AppApplication on DESKTOP-2RE8KLJ with PID 2348 (E:\Tools\Java\WorkSpace\Shadow\app\target\classes started by HyZhan in E:\Tools\Java\WorkSpace\Shadow)
2019-04-18 17:04:07,562 -- logStartupProfileInfo - The following profiles are active: dev
2019-04-18 17:04:08,404 -- registerRepositoriesIn - Bootstrapping Spring Data repositories in DEFAULT mode.
2019-04-18 17:04:08,505 -- registerRepositoriesIn - Finished Spring Data repository scanning in 94ms. Found 5 repository interfaces.
2019-04-18 17:04:09,112 -- postProcessAfterInitialization - Bean 'org.springframework.transaction.annotation.ProxyTransactionManagementConfiguration' of type [org.springframework.transaction.annotation.ProxyTransactionManagementConfiguration$$EnhancerBySpringCGLIB$$dae1684c] is not eligible for getting processed by all BeanPostProcessors (for example: not eligible for auto-proxying)
2019-04-18 17:04:09,415 -- initialize - Tomcat initialized with port(s): 3000 (http)
2019-04-18 17:04:09,429 -- log - Initializing ProtocolHandler ["http-nio-3000"]
2019-04-18 17:04:09,438 -- log - Starting service [Tomcat]
2019-04-18 17:04:09,438 -- log - Starting Servlet engine: [Apache Tomcat/9.0.17]
2019-04-18 17:04:09,548 -- log - Initializing Spring embedded WebApplicationContext
2019-04-18 17:04:09,548 -- prepareWebApplicationContext - Root WebApplicationContext: initialization completed in 1893 ms
2019-04-18 17:04:09,711 -- getConnection - HikariPool-1 - Starting...
2019-04-18 17:04:09,875 -- getConnection - HikariPool-1 - Start completed.
2019-04-18 17:04:09,925 -- logPersistenceUnitInformation - HHH000204: Processing PersistenceUnitInfo [
	name: default
	...]
2019-04-18 17:04:09,985 -- logVersion - HHH000412: Hibernate Core {5.3.9.Final}
2019-04-18 17:04:09,987 -- <clinit> - HHH000206: hibernate.properties not found
2019-04-18 17:04:10,113 -- <clinit> - HCANN000001: Hibernate Commons Annotations {5.0.4.Final}
2019-04-18 17:04:10,252 -- <init> - HHH000400: Using dialect: org.hibernate.dialect.MySQL5Dialect
2019-04-18 17:04:10,945 -- buildNativeEntityManagerFactory - Initialized JPA EntityManagerFactory for persistence unit 'default'
2019-04-18 17:04:11,529 -- initialize - Initializing ExecutorService 'applicationTaskExecutor'
2019-04-18 17:04:11,567 -- openEntityManagerInViewInterceptor - spring.jpa.open-in-view is enabled by default. Therefore, database queries may be performed during view rendering. Explicitly configure spring.jpa.open-in-view to disable this warning
2019-04-18 17:04:11,661 -- <init> - Adding welcome page: class path resource [doc/index.html]
2019-04-18 17:04:11,748 -- log - Starting ProtocolHandler ["http-nio-3000"]
2019-04-18 17:04:11,772 -- start - Tomcat started on port(s): 3000 (http) with context path ''
2019-04-18 17:04:11,775 -- logStarted - Started AppApplication in 4.883 seconds (JVM running for 5.575)
2019-04-18 17:04:14,263 -- log - Initializing Spring DispatcherServlet 'dispatcherServlet'
2019-04-18 17:04:14,264 -- initServletBean - Initializing Servlet 'dispatcherServlet'
2019-04-18 17:04:14,272 -- initServletBean - Completed initialization in 8 ms
2019-04-18 17:04:36,035 -- logStarting - Starting AppApplication on DESKTOP-2RE8KLJ with PID 4364 (E:\Tools\Java\WorkSpace\Shadow\app\target\classes started by HyZhan in E:\Tools\Java\WorkSpace\Shadow)
2019-04-18 17:04:36,038 -- logStartupProfileInfo - The following profiles are active: dev
2019-04-18 17:04:36,759 -- registerRepositoriesIn - Bootstrapping Spring Data repositories in DEFAULT mode.
2019-04-18 17:04:36,841 -- registerRepositoriesIn - Finished Spring Data repository scanning in 75ms. Found 5 repository interfaces.
2019-04-18 17:04:37,134 -- postProcessAfterInitialization - Bean 'org.springframework.transaction.annotation.ProxyTransactionManagementConfiguration' of type [org.springframework.transaction.annotation.ProxyTransactionManagementConfiguration$$EnhancerBySpringCGLIB$$56f34ab] is not eligible for getting processed by all BeanPostProcessors (for example: not eligible for auto-proxying)
2019-04-18 17:04:37,414 -- initialize - Tomcat initialized with port(s): 3000 (http)
2019-04-18 17:04:37,427 -- log - Initializing ProtocolHandler ["http-nio-3000"]
2019-04-18 17:04:37,435 -- log - Starting service [Tomcat]
2019-04-18 17:04:37,435 -- log - Starting Servlet engine: [Apache Tomcat/9.0.17]
2019-04-18 17:04:37,545 -- log - Initializing Spring embedded WebApplicationContext
2019-04-18 17:04:37,545 -- prepareWebApplicationContext - Root WebApplicationContext: initialization completed in 1425 ms
2019-04-18 17:04:37,692 -- getConnection - HikariPool-1 - Starting...
2019-04-18 17:04:37,866 -- getConnection - HikariPool-1 - Start completed.
2019-04-18 17:04:37,914 -- logPersistenceUnitInformation - HHH000204: Processing PersistenceUnitInfo [
	name: default
	...]
2019-04-18 17:04:37,974 -- logVersion - HHH000412: Hibernate Core {5.3.9.Final}
2019-04-18 17:04:37,976 -- <clinit> - HHH000206: hibernate.properties not found
2019-04-18 17:04:38,091 -- <clinit> - HCANN000001: Hibernate Commons Annotations {5.0.4.Final}
2019-04-18 17:04:38,230 -- <init> - HHH000400: Using dialect: org.hibernate.dialect.MySQL5Dialect
2019-04-18 17:04:38,929 -- buildNativeEntityManagerFactory - Initialized JPA EntityManagerFactory for persistence unit 'default'
2019-04-18 17:04:39,486 -- initialize - Initializing ExecutorService 'applicationTaskExecutor'
2019-04-18 17:04:39,525 -- openEntityManagerInViewInterceptor - spring.jpa.open-in-view is enabled by default. Therefore, database queries may be performed during view rendering. Explicitly configure spring.jpa.open-in-view to disable this warning
2019-04-18 17:04:39,619 -- <init> - Adding welcome page: class path resource [doc/index.html]
2019-04-18 17:04:39,703 -- log - Starting ProtocolHandler ["http-nio-3000"]
2019-04-18 17:04:39,725 -- start - Tomcat started on port(s): 3000 (http) with context path ''
2019-04-18 17:04:39,728 -- logStarted - Started AppApplication in 4.328 seconds (JVM running for 4.868)
2019-04-18 17:04:43,844 -- log - Initializing Spring DispatcherServlet 'dispatcherServlet'
2019-04-18 17:04:43,844 -- initServletBean - Initializing Servlet 'dispatcherServlet'
2019-04-18 17:04:43,851 -- initServletBean - Completed initialization in 7 ms
2019-04-18 17:04:44,368 -- initiateService - HHH000397: Using ASTQueryTranslatorFactory
2019-04-18 17:17:52,119 -- logStarting - Starting AppApplication on DESKTOP-2RE8KLJ with PID 1876 (E:\Tools\Java\WorkSpace\Shadow\app\target\classes started by HyZhan in E:\Tools\Java\WorkSpace\Shadow)
2019-04-18 17:17:52,121 -- logStartupProfileInfo - The following profiles are active: dev
2019-04-18 17:17:52,933 -- registerRepositoriesIn - Bootstrapping Spring Data repositories in DEFAULT mode.
2019-04-18 17:17:53,018 -- registerRepositoriesIn - Finished Spring Data repository scanning in 79ms. Found 5 repository interfaces.
2019-04-18 17:17:53,313 -- postProcessAfterInitialization - Bean 'org.springframework.transaction.annotation.ProxyTransactionManagementConfiguration' of type [org.springframework.transaction.annotation.ProxyTransactionManagementConfiguration$$EnhancerBySpringCGLIB$$4d4a9d41] is not eligible for getting processed by all BeanPostProcessors (for example: not eligible for auto-proxying)
2019-04-18 17:17:53,597 -- initialize - Tomcat initialized with port(s): 3000 (http)
2019-04-18 17:17:53,610 -- log - Initializing ProtocolHandler ["http-nio-3000"]
2019-04-18 17:17:53,618 -- log - Starting service [Tomcat]
2019-04-18 17:17:53,618 -- log - Starting Servlet engine: [Apache Tomcat/9.0.17]
2019-04-18 17:17:53,721 -- log - Initializing Spring embedded WebApplicationContext
2019-04-18 17:17:53,721 -- prepareWebApplicationContext - Root WebApplicationContext: initialization completed in 1546 ms
2019-04-18 17:17:53,869 -- getConnection - HikariPool-1 - Starting...
2019-04-18 17:17:54,037 -- getConnection - HikariPool-1 - Start completed.
2019-04-18 17:17:54,084 -- logPersistenceUnitInformation - HHH000204: Processing PersistenceUnitInfo [
	name: default
	...]
2019-04-18 17:17:54,144 -- logVersion - HHH000412: Hibernate Core {5.3.9.Final}
2019-04-18 17:17:54,146 -- <clinit> - HHH000206: hibernate.properties not found
2019-04-18 17:17:54,261 -- <clinit> - HCANN000001: Hibernate Commons Annotations {5.0.4.Final}
2019-04-18 17:17:54,394 -- <init> - HHH000400: Using dialect: org.hibernate.dialect.MySQL5Dialect
2019-04-18 17:17:55,090 -- buildNativeEntityManagerFactory - Initialized JPA EntityManagerFactory for persistence unit 'default'
2019-04-18 17:17:55,641 -- initialize - Initializing ExecutorService 'applicationTaskExecutor'
2019-04-18 17:17:55,681 -- openEntityManagerInViewInterceptor - spring.jpa.open-in-view is enabled by default. Therefore, database queries may be performed during view rendering. Explicitly configure spring.jpa.open-in-view to disable this warning
2019-04-18 17:17:55,776 -- <init> - Adding welcome page: class path resource [doc/index.html]
2019-04-18 17:17:55,856 -- log - Starting ProtocolHandler ["http-nio-3000"]
2019-04-18 17:17:55,876 -- start - Tomcat started on port(s): 3000 (http) with context path ''
2019-04-18 17:17:55,879 -- logStarted - Started AppApplication in 4.305 seconds (JVM running for 4.866)
2019-04-18 17:17:59,278 -- log - Initializing Spring DispatcherServlet 'dispatcherServlet'
2019-04-18 17:17:59,278 -- initServletBean - Initializing Servlet 'dispatcherServlet'
2019-04-18 17:17:59,286 -- initServletBean - Completed initialization in 7 ms
2019-04-18 17:23:56,293 -- logStarting - Starting AppApplication on DESKTOP-2RE8KLJ with PID 2696 (E:\Tools\Java\WorkSpace\Shadow\app\target\classes started by HyZhan in E:\Tools\Java\WorkSpace\Shadow)
2019-04-18 17:23:56,296 -- logStartupProfileInfo - The following profiles are active: dev
2019-04-18 17:23:57,019 -- registerRepositoriesIn - Bootstrapping Spring Data repositories in DEFAULT mode.
2019-04-18 17:23:57,109 -- registerRepositoriesIn - Finished Spring Data repository scanning in 80ms. Found 5 repository interfaces.
2019-04-18 17:23:57,411 -- postProcessAfterInitialization - Bean 'org.springframework.transaction.annotation.ProxyTransactionManagementConfiguration' of type [org.springframework.transaction.annotation.ProxyTransactionManagementConfiguration$$EnhancerBySpringCGLIB$$dae1684c] is not eligible for getting processed by all BeanPostProcessors (for example: not eligible for auto-proxying)
2019-04-18 17:23:57,692 -- initialize - Tomcat initialized with port(s): 3000 (http)
2019-04-18 17:23:57,705 -- log - Initializing ProtocolHandler ["http-nio-3000"]
2019-04-18 17:23:57,713 -- log - Starting service [Tomcat]
2019-04-18 17:23:57,713 -- log - Starting Servlet engine: [Apache Tomcat/9.0.17]
2019-04-18 17:23:57,815 -- log - Initializing Spring embedded WebApplicationContext
2019-04-18 17:23:57,816 -- prepareWebApplicationContext - Root WebApplicationContext: initialization completed in 1444 ms
2019-04-18 17:23:57,955 -- getConnection - HikariPool-1 - Starting...
2019-04-18 17:23:58,142 -- getConnection - HikariPool-1 - Start completed.
2019-04-18 17:23:58,189 -- logPersistenceUnitInformation - HHH000204: Processing PersistenceUnitInfo [
	name: default
	...]
2019-04-18 17:23:58,247 -- logVersion - HHH000412: Hibernate Core {5.3.9.Final}
2019-04-18 17:23:58,249 -- <clinit> - HHH000206: hibernate.properties not found
2019-04-18 17:23:58,361 -- <clinit> - HCANN000001: Hibernate Commons Annotations {5.0.4.Final}
2019-04-18 17:23:58,498 -- <init> - HHH000400: Using dialect: org.hibernate.dialect.MySQL5Dialect
2019-04-18 17:23:59,194 -- buildNativeEntityManagerFactory - Initialized JPA EntityManagerFactory for persistence unit 'default'
2019-04-18 17:23:59,755 -- initialize - Initializing ExecutorService 'applicationTaskExecutor'
2019-04-18 17:23:59,793 -- openEntityManagerInViewInterceptor - spring.jpa.open-in-view is enabled by default. Therefore, database queries may be performed during view rendering. Explicitly configure spring.jpa.open-in-view to disable this warning
2019-04-18 17:23:59,884 -- <init> - Adding welcome page: class path resource [doc/index.html]
2019-04-18 17:23:59,963 -- log - Starting ProtocolHandler ["http-nio-3000"]
2019-04-18 17:23:59,984 -- start - Tomcat started on port(s): 3000 (http) with context path ''
2019-04-18 17:23:59,985 -- logStarted - Started AppApplication in 4.259 seconds (JVM running for 4.8)
2019-04-18 17:24:03,360 -- log - Initializing Spring DispatcherServlet 'dispatcherServlet'
2019-04-18 17:24:03,361 -- initServletBean - Initializing Servlet 'dispatcherServlet'
2019-04-18 17:24:03,368 -- initServletBean - Completed initialization in 7 ms
2019-04-18 17:28:43,970 -- logStarting - Starting AppApplication on DESKTOP-2RE8KLJ with PID 3108 (E:\Tools\Java\WorkSpace\Shadow\app\target\classes started by HyZhan in E:\Tools\Java\WorkSpace\Shadow)
2019-04-18 17:28:43,973 -- logStartupProfileInfo - The following profiles are active: dev
2019-04-18 17:28:44,704 -- registerRepositoriesIn - Bootstrapping Spring Data repositories in DEFAULT mode.
2019-04-18 17:28:44,790 -- registerRepositoriesIn - Finished Spring Data repository scanning in 79ms. Found 5 repository interfaces.
2019-04-18 17:28:45,068 -- postProcessAfterInitialization - Bean 'org.springframework.transaction.annotation.ProxyTransactionManagementConfiguration' of type [org.springframework.transaction.annotation.ProxyTransactionManagementConfiguration$$EnhancerBySpringCGLIB$$e5b56c4c] is not eligible for getting processed by all BeanPostProcessors (for example: not eligible for auto-proxying)
2019-04-18 17:28:45,348 -- initialize - Tomcat initialized with port(s): 3000 (http)
2019-04-18 17:28:45,362 -- log - Initializing ProtocolHandler ["http-nio-3000"]
2019-04-18 17:28:45,372 -- log - Starting service [Tomcat]
2019-04-18 17:28:45,372 -- log - Starting Servlet engine: [Apache Tomcat/9.0.17]
2019-04-18 17:28:45,478 -- log - Initializing Spring embedded WebApplicationContext
2019-04-18 17:28:45,478 -- prepareWebApplicationContext - Root WebApplicationContext: initialization completed in 1460 ms
2019-04-18 17:28:45,648 -- getConnection - HikariPool-1 - Starting...
2019-04-18 17:28:45,846 -- getConnection - HikariPool-1 - Start completed.
2019-04-18 17:28:45,898 -- logPersistenceUnitInformation - HHH000204: Processing PersistenceUnitInfo [
	name: default
	...]
2019-04-18 17:28:45,949 -- logVersion - HHH000412: Hibernate Core {5.3.9.Final}
2019-04-18 17:28:45,951 -- <clinit> - HHH000206: hibernate.properties not found
2019-04-18 17:28:46,068 -- <clinit> - HCANN000001: Hibernate Commons Annotations {5.0.4.Final}
2019-04-18 17:28:46,200 -- <init> - HHH000400: Using dialect: org.hibernate.dialect.MySQL5Dialect
2019-04-18 17:28:46,873 -- buildNativeEntityManagerFactory - Initialized JPA EntityManagerFactory for persistence unit 'default'
2019-04-18 17:28:47,414 -- initialize - Initializing ExecutorService 'applicationTaskExecutor'
2019-04-18 17:28:47,453 -- openEntityManagerInViewInterceptor - spring.jpa.open-in-view is enabled by default. Therefore, database queries may be performed during view rendering. Explicitly configure spring.jpa.open-in-view to disable this warning
2019-04-18 17:28:47,552 -- <init> - Adding welcome page: class path resource [doc/index.html]
2019-04-18 17:28:47,637 -- log - Starting ProtocolHandler ["http-nio-3000"]
2019-04-18 17:28:47,662 -- start - Tomcat started on port(s): 3000 (http) with context path ''
2019-04-18 17:28:47,664 -- logStarted - Started AppApplication in 4.226 seconds (JVM running for 4.763)
2019-04-18 17:29:07,750 -- log - Initializing Spring DispatcherServlet 'dispatcherServlet'
2019-04-18 17:29:07,751 -- initServletBean - Initializing Servlet 'dispatcherServlet'
2019-04-18 17:29:07,757 -- initServletBean - Completed initialization in 6 ms
2019-04-18 17:35:24,537 -- logStarting - Starting AppApplication on DESKTOP-2RE8KLJ with PID 10440 (E:\Tools\Java\WorkSpace\Shadow\app\target\classes started by HyZhan in E:\Tools\Java\WorkSpace\Shadow)
2019-04-18 17:35:24,540 -- logStartupProfileInfo - The following profiles are active: dev
2019-04-18 17:35:25,262 -- registerRepositoriesIn - Bootstrapping Spring Data repositories in DEFAULT mode.
2019-04-18 17:35:25,353 -- registerRepositoriesIn - Finished Spring Data repository scanning in 83ms. Found 5 repository interfaces.
2019-04-18 17:35:25,653 -- postProcessAfterInitialization - Bean 'org.springframework.transaction.annotation.ProxyTransactionManagementConfiguration' of type [org.springframework.transaction.annotation.ProxyTransactionManagementConfiguration$$EnhancerBySpringCGLIB$$2cd7744a] is not eligible for getting processed by all BeanPostProcessors (for example: not eligible for auto-proxying)
2019-04-18 17:35:25,946 -- initialize - Tomcat initialized with port(s): 3000 (http)
2019-04-18 17:35:25,959 -- log - Initializing ProtocolHandler ["http-nio-3000"]
2019-04-18 17:35:25,966 -- log - Starting service [Tomcat]
2019-04-18 17:35:25,967 -- log - Starting Servlet engine: [Apache Tomcat/9.0.17]
2019-04-18 17:35:26,068 -- log - Initializing Spring embedded WebApplicationContext
2019-04-18 17:35:26,069 -- prepareWebApplicationContext - Root WebApplicationContext: initialization completed in 1477 ms
2019-04-18 17:35:26,220 -- getConnection - HikariPool-1 - Starting...
2019-04-18 17:35:26,404 -- getConnection - HikariPool-1 - Start completed.
2019-04-18 17:35:26,450 -- logPersistenceUnitInformation - HHH000204: Processing PersistenceUnitInfo [
	name: default
	...]
2019-04-18 17:35:26,508 -- logVersion - HHH000412: Hibernate Core {5.3.9.Final}
2019-04-18 17:35:26,510 -- <clinit> - HHH000206: hibernate.properties not found
2019-04-18 17:35:26,629 -- <clinit> - HCANN000001: Hibernate Commons Annotations {5.0.4.Final}
2019-04-18 17:35:26,766 -- <init> - HHH000400: Using dialect: org.hibernate.dialect.MySQL5Dialect
2019-04-18 17:35:27,457 -- buildNativeEntityManagerFactory - Initialized JPA EntityManagerFactory for persistence unit 'default'
2019-04-18 17:35:28,046 -- initialize - Initializing ExecutorService 'applicationTaskExecutor'
2019-04-18 17:35:28,084 -- openEntityManagerInViewInterceptor - spring.jpa.open-in-view is enabled by default. Therefore, database queries may be performed during view rendering. Explicitly configure spring.jpa.open-in-view to disable this warning
2019-04-18 17:35:28,180 -- <init> - Adding welcome page: class path resource [doc/index.html]
2019-04-18 17:35:28,273 -- log - Starting ProtocolHandler ["http-nio-3000"]
2019-04-18 17:35:28,300 -- start - Tomcat started on port(s): 3000 (http) with context path ''
2019-04-18 17:35:28,302 -- logStarted - Started AppApplication in 4.332 seconds (JVM running for 4.931)
2019-04-18 17:35:32,321 -- log - Initializing Spring DispatcherServlet 'dispatcherServlet'
2019-04-18 17:35:32,321 -- initServletBean - Initializing Servlet 'dispatcherServlet'
2019-04-18 17:35:32,329 -- initServletBean - Completed initialization in 7 ms
2019-04-18 17:36:03,751 -- logStarting - Starting AppApplication on DESKTOP-2RE8KLJ with PID 3732 (E:\Tools\Java\WorkSpace\Shadow\app\target\classes started by HyZhan in E:\Tools\Java\WorkSpace\Shadow)
2019-04-18 17:36:03,757 -- logStartupProfileInfo - The following profiles are active: dev
2019-04-18 17:36:04,536 -- registerRepositoriesIn - Bootstrapping Spring Data repositories in DEFAULT mode.
2019-04-18 17:36:04,636 -- registerRepositoriesIn - Finished Spring Data repository scanning in 92ms. Found 5 repository interfaces.
2019-04-18 17:36:05,030 -- postProcessAfterInitialization - Bean 'org.springframework.transaction.annotation.ProxyTransactionManagementConfiguration' of type [org.springframework.transaction.annotation.ProxyTransactionManagementConfiguration$$EnhancerBySpringCGLIB$$a92230a5] is not eligible for getting processed by all BeanPostProcessors (for example: not eligible for auto-proxying)
2019-04-18 17:36:05,393 -- initialize - Tomcat initialized with port(s): 3000 (http)
2019-04-18 17:36:05,409 -- log - Initializing ProtocolHandler ["http-nio-3000"]
2019-04-18 17:36:05,418 -- log - Starting service [Tomcat]
2019-04-18 17:36:05,418 -- log - Starting Servlet engine: [Apache Tomcat/9.0.17]
2019-04-18 17:36:05,542 -- log - Initializing Spring embedded WebApplicationContext
2019-04-18 17:36:05,543 -- prepareWebApplicationContext - Root WebApplicationContext: initialization completed in 1693 ms
2019-04-18 17:36:05,745 -- getConnection - HikariPool-1 - Starting...
2019-04-18 17:36:05,924 -- getConnection - HikariPool-1 - Start completed.
2019-04-18 17:36:05,983 -- logPersistenceUnitInformation - HHH000204: Processing PersistenceUnitInfo [
	name: default
	...]
2019-04-18 17:36:06,060 -- logVersion - HHH000412: Hibernate Core {5.3.9.Final}
2019-04-18 17:36:06,061 -- <clinit> - HHH000206: hibernate.properties not found
2019-04-18 17:36:06,210 -- <clinit> - HCANN000001: Hibernate Commons Annotations {5.0.4.Final}
2019-04-18 17:36:06,385 -- <init> - HHH000400: Using dialect: org.hibernate.dialect.MySQL5Dialect
2019-04-18 17:36:07,258 -- buildNativeEntityManagerFactory - Initialized JPA EntityManagerFactory for persistence unit 'default'
2019-04-18 17:36:07,941 -- initialize - Initializing ExecutorService 'applicationTaskExecutor'
2019-04-18 17:36:07,988 -- openEntityManagerInViewInterceptor - spring.jpa.open-in-view is enabled by default. Therefore, database queries may be performed during view rendering. Explicitly configure spring.jpa.open-in-view to disable this warning
2019-04-18 17:36:08,098 -- <init> - Adding welcome page: class path resource [doc/index.html]
2019-04-18 17:36:08,201 -- log - Starting ProtocolHandler ["http-nio-3000"]
2019-04-18 17:36:08,229 -- start - Tomcat started on port(s): 3000 (http) with context path ''
2019-04-18 17:36:08,232 -- logStarted - Started AppApplication in 5.333 seconds (JVM running for 6.23)
2019-04-18 17:36:15,234 -- log - Initializing Spring DispatcherServlet 'dispatcherServlet'
2019-04-18 17:36:15,235 -- initServletBean - Initializing Servlet 'dispatcherServlet'
2019-04-18 17:36:15,243 -- initServletBean - Completed initialization in 8 ms
2019-04-18 17:38:06,920 -- run - HikariPool-1 - Thread starvation or clock leap detected (housekeeper delta=49s621ms665s542ns).
2019-04-18 17:39:50,580 -- logStarting - Starting AppApplication on DESKTOP-2RE8KLJ with PID 2512 (E:\Tools\Java\WorkSpace\Shadow\app\target\classes started by HyZhan in E:\Tools\Java\WorkSpace\Shadow)
2019-04-18 17:39:50,584 -- logStartupProfileInfo - The following profiles are active: dev
2019-04-18 17:39:51,863 -- registerRepositoriesIn - Bootstrapping Spring Data repositories in DEFAULT mode.
2019-04-18 17:39:51,944 -- registerRepositoriesIn - Finished Spring Data repository scanning in 74ms. Found 5 repository interfaces.
2019-04-18 17:39:52,242 -- postProcessAfterInitialization - Bean 'org.springframework.transaction.annotation.ProxyTransactionManagementConfiguration' of type [org.springframework.transaction.annotation.ProxyTransactionManagementConfiguration$$EnhancerBySpringCGLIB$$763d31bb] is not eligible for getting processed by all BeanPostProcessors (for example: not eligible for auto-proxying)
2019-04-18 17:39:52,533 -- initialize - Tomcat initialized with port(s): 3000 (http)
2019-04-18 17:39:52,548 -- log - Initializing ProtocolHandler ["http-nio-3000"]
2019-04-18 17:39:52,556 -- log - Starting service [Tomcat]
2019-04-18 17:39:52,556 -- log - Starting Servlet engine: [Apache Tomcat/9.0.17]
2019-04-18 17:39:52,663 -- log - Initializing Spring embedded WebApplicationContext
2019-04-18 17:39:52,663 -- prepareWebApplicationContext - Root WebApplicationContext: initialization completed in 1729 ms
2019-04-18 17:39:52,815 -- getConnection - HikariPool-1 - Starting...
2019-04-18 17:39:52,978 -- getConnection - HikariPool-1 - Start completed.
2019-04-18 17:39:53,027 -- logPersistenceUnitInformation - HHH000204: Processing PersistenceUnitInfo [
	name: default
	...]
2019-04-18 17:39:53,085 -- logVersion - HHH000412: Hibernate Core {5.3.9.Final}
2019-04-18 17:39:53,087 -- <clinit> - HHH000206: hibernate.properties not found
2019-04-18 17:39:53,200 -- <clinit> - HCANN000001: Hibernate Commons Annotations {5.0.4.Final}
2019-04-18 17:39:53,342 -- <init> - HHH000400: Using dialect: org.hibernate.dialect.MySQL5Dialect
2019-04-18 17:39:53,503 -- refresh - Exception encountered during context initialization - cancelling refresh attempt: org.springframework.beans.factory.BeanCreationException: Error creating bean with name 'entityManagerFactory' defined in class path resource [org/springframework/boot/autoconfigure/orm/jpa/HibernateJpaConfiguration.class]: Invocation of init method failed; nested exception is javax.persistence.PersistenceException: [PersistenceUnit: default] Unable to build Hibernate SessionFactory; nested exception is org.hibernate.MappingException: Repeated column in mapping for entity: com.example.core.bean.db.User column: group_id (should be mapped with insert="false" update="false")
2019-04-18 17:39:53,503 -- close - HikariPool-1 - Shutdown initiated...
2019-04-18 17:39:53,507 -- close - HikariPool-1 - Shutdown completed.
2019-04-18 17:39:53,510 -- log - Stopping service [Tomcat]
2019-04-18 17:39:53,520 -- logMessage - 

Error starting ApplicationContext. To display the conditions report re-run your application with 'debug' enabled.
2019-04-18 17:40:14,447 -- logStarting - Starting AppApplication on DESKTOP-2RE8KLJ with PID 5684 (E:\Tools\Java\WorkSpace\Shadow\app\target\classes started by HyZhan in E:\Tools\Java\WorkSpace\Shadow)
2019-04-18 17:40:14,450 -- logStartupProfileInfo - The following profiles are active: dev
2019-04-18 17:40:15,369 -- registerRepositoriesIn - Bootstrapping Spring Data repositories in DEFAULT mode.
2019-04-18 17:40:15,451 -- registerRepositoriesIn - Finished Spring Data repository scanning in 75ms. Found 5 repository interfaces.
2019-04-18 17:40:15,745 -- postProcessAfterInitialization - Bean 'org.springframework.transaction.annotation.ProxyTransactionManagementConfiguration' of type [org.springframework.transaction.annotation.ProxyTransactionManagementConfiguration$$EnhancerBySpringCGLIB$$2cd7744a] is not eligible for getting processed by all BeanPostProcessors (for example: not eligible for auto-proxying)
2019-04-18 17:40:16,074 -- initialize - Tomcat initialized with port(s): 3000 (http)
2019-04-18 17:40:16,086 -- log - Initializing ProtocolHandler ["http-nio-3000"]
2019-04-18 17:40:16,096 -- log - Starting service [Tomcat]
2019-04-18 17:40:16,096 -- log - Starting Servlet engine: [Apache Tomcat/9.0.17]
2019-04-18 17:40:16,217 -- log - Initializing Spring embedded WebApplicationContext
2019-04-18 17:40:16,217 -- prepareWebApplicationContext - Root WebApplicationContext: initialization completed in 1657 ms
2019-04-18 17:40:16,404 -- getConnection - HikariPool-1 - Starting...
2019-04-18 17:40:16,600 -- getConnection - HikariPool-1 - Start completed.
2019-04-18 17:40:16,647 -- logPersistenceUnitInformation - HHH000204: Processing PersistenceUnitInfo [
	name: default
	...]
2019-04-18 17:40:16,704 -- logVersion - HHH000412: Hibernate Core {5.3.9.Final}
2019-04-18 17:40:16,706 -- <clinit> - HHH000206: hibernate.properties not found
2019-04-18 17:40:16,821 -- <clinit> - HCANN000001: Hibernate Commons Annotations {5.0.4.Final}
2019-04-18 17:40:16,959 -- <init> - HHH000400: Using dialect: org.hibernate.dialect.MySQL5Dialect
2019-04-18 17:40:17,129 -- refresh - Exception encountered during context initialization - cancelling refresh attempt: org.springframework.beans.factory.BeanCreationException: Error creating bean with name 'entityManagerFactory' defined in class path resource [org/springframework/boot/autoconfigure/orm/jpa/HibernateJpaConfiguration.class]: Invocation of init method failed; nested exception is javax.persistence.PersistenceException: [PersistenceUnit: default] Unable to build Hibernate SessionFactory; nested exception is org.hibernate.MappingException: Repeated column in mapping for entity: com.example.core.bean.db.User column: group_id (should be mapped with insert="false" update="false")
2019-04-18 17:40:17,129 -- close - HikariPool-1 - Shutdown initiated...
2019-04-18 17:40:17,134 -- close - HikariPool-1 - Shutdown completed.
2019-04-18 17:40:17,136 -- log - Stopping service [Tomcat]
2019-04-18 17:40:17,146 -- logMessage - 

Error starting ApplicationContext. To display the conditions report re-run your application with 'debug' enabled.
2019-04-18 17:42:17,370 -- logStarting - Starting AppApplication on DESKTOP-2RE8KLJ with PID 7828 (E:\Tools\Java\WorkSpace\Shadow\app\target\classes started by HyZhan in E:\Tools\Java\WorkSpace\Shadow)
2019-04-18 17:42:17,373 -- logStartupProfileInfo - The following profiles are active: dev
2019-04-18 17:42:18,175 -- registerRepositoriesIn - Bootstrapping Spring Data repositories in DEFAULT mode.
2019-04-18 17:42:18,262 -- registerRepositoriesIn - Finished Spring Data repository scanning in 78ms. Found 5 repository interfaces.
2019-04-18 17:42:18,561 -- postProcessAfterInitialization - Bean 'org.springframework.transaction.annotation.ProxyTransactionManagementConfiguration' of type [org.springframework.transaction.annotation.ProxyTransactionManagementConfiguration$$EnhancerBySpringCGLIB$$9b55a609] is not eligible for getting processed by all BeanPostProcessors (for example: not eligible for auto-proxying)
2019-04-18 17:42:18,842 -- initialize - Tomcat initialized with port(s): 3000 (http)
2019-04-18 17:42:18,854 -- log - Initializing ProtocolHandler ["http-nio-3000"]
2019-04-18 17:42:18,861 -- log - Starting service [Tomcat]
2019-04-18 17:42:18,862 -- log - Starting Servlet engine: [Apache Tomcat/9.0.17]
2019-04-18 17:42:18,966 -- log - Initializing Spring embedded WebApplicationContext
2019-04-18 17:42:18,966 -- prepareWebApplicationContext - Root WebApplicationContext: initialization completed in 1529 ms
2019-04-18 17:42:19,122 -- getConnection - HikariPool-1 - Starting...
2019-04-18 17:42:19,290 -- getConnection - HikariPool-1 - Start completed.
2019-04-18 17:42:19,337 -- logPersistenceUnitInformation - HHH000204: Processing PersistenceUnitInfo [
	name: default
	...]
2019-04-18 17:42:19,396 -- logVersion - HHH000412: Hibernate Core {5.3.9.Final}
2019-04-18 17:42:19,399 -- <clinit> - HHH000206: hibernate.properties not found
2019-04-18 17:42:19,512 -- <clinit> - HCANN000001: Hibernate Commons Annotations {5.0.4.Final}
2019-04-18 17:42:19,649 -- <init> - HHH000400: Using dialect: org.hibernate.dialect.MySQL5Dialect
2019-04-18 17:42:19,817 -- refresh - Exception encountered during context initialization - cancelling refresh attempt: org.springframework.beans.factory.BeanCreationException: Error creating bean with name 'entityManagerFactory' defined in class path resource [org/springframework/boot/autoconfigure/orm/jpa/HibernateJpaConfiguration.class]: Invocation of init method failed; nested exception is javax.persistence.PersistenceException: [PersistenceUnit: default] Unable to build Hibernate SessionFactory; nested exception is org.hibernate.MappingException: Repeated column in mapping for entity: com.example.core.bean.db.User column: group_id (should be mapped with insert="false" update="false")
2019-04-18 17:42:19,817 -- close - HikariPool-1 - Shutdown initiated...
2019-04-18 17:42:19,821 -- close - HikariPool-1 - Shutdown completed.
2019-04-18 17:42:19,823 -- log - Stopping service [Tomcat]
2019-04-18 17:42:19,832 -- logMessage - 

Error starting ApplicationContext. To display the conditions report re-run your application with 'debug' enabled.
2019-04-18 18:01:37,310 -- logStarting - Starting AppApplication on DESKTOP-2RE8KLJ with PID 7512 (E:\Tools\Java\WorkSpace\Shadow\app\target\classes started by HyZhan in E:\Tools\Java\WorkSpace\Shadow)
2019-04-18 18:01:37,313 -- logStartupProfileInfo - The following profiles are active: dev
2019-04-18 18:01:38,108 -- registerRepositoriesIn - Bootstrapping Spring Data repositories in DEFAULT mode.
2019-04-18 18:01:38,199 -- registerRepositoriesIn - Finished Spring Data repository scanning in 84ms. Found 5 repository interfaces.
2019-04-18 18:01:38,498 -- postProcessAfterInitialization - Bean 'org.springframework.transaction.annotation.ProxyTransactionManagementConfiguration' of type [org.springframework.transaction.annotation.ProxyTransactionManagementConfiguration$$EnhancerBySpringCGLIB$$28582178] is not eligible for getting processed by all BeanPostProcessors (for example: not eligible for auto-proxying)
2019-04-18 18:01:38,783 -- initialize - Tomcat initialized with port(s): 3000 (http)
2019-04-18 18:01:38,796 -- log - Initializing ProtocolHandler ["http-nio-3000"]
2019-04-18 18:01:38,804 -- log - Starting service [Tomcat]
2019-04-18 18:01:38,804 -- log - Starting Servlet engine: [Apache Tomcat/9.0.17]
2019-04-18 18:01:38,922 -- log - Initializing Spring embedded WebApplicationContext
2019-04-18 18:01:38,922 -- prepareWebApplicationContext - Root WebApplicationContext: initialization completed in 1541 ms
2019-04-18 18:01:39,081 -- getConnection - HikariPool-1 - Starting...
2019-04-18 18:01:39,262 -- getConnection - HikariPool-1 - Start completed.
2019-04-18 18:01:39,311 -- logPersistenceUnitInformation - HHH000204: Processing PersistenceUnitInfo [
	name: default
	...]
2019-04-18 18:01:39,372 -- logVersion - HHH000412: Hibernate Core {5.3.9.Final}
2019-04-18 18:01:39,374 -- <clinit> - HHH000206: hibernate.properties not found
2019-04-18 18:01:39,488 -- <clinit> - HCANN000001: Hibernate Commons Annotations {5.0.4.Final}
2019-04-18 18:01:39,635 -- <init> - HHH000400: Using dialect: org.hibernate.dialect.MySQL5Dialect
2019-04-18 18:01:40,337 -- buildNativeEntityManagerFactory - Initialized JPA EntityManagerFactory for persistence unit 'default'
2019-04-18 18:01:40,916 -- initialize - Initializing ExecutorService 'applicationTaskExecutor'
2019-04-18 18:01:40,957 -- openEntityManagerInViewInterceptor - spring.jpa.open-in-view is enabled by default. Therefore, database queries may be performed during view rendering. Explicitly configure spring.jpa.open-in-view to disable this warning
2019-04-18 18:01:41,058 -- <init> - Adding welcome page: class path resource [doc/index.html]
2019-04-18 18:01:41,144 -- log - Starting ProtocolHandler ["http-nio-3000"]
2019-04-18 18:01:41,169 -- start - Tomcat started on port(s): 3000 (http) with context path ''
2019-04-18 18:01:41,171 -- logStarted - Started AppApplication in 4.494 seconds (JVM running for 5.069)
2019-04-18 18:01:46,101 -- log - Initializing Spring DispatcherServlet 'dispatcherServlet'
2019-04-18 18:01:46,101 -- initServletBean - Initializing Servlet 'dispatcherServlet'
2019-04-18 18:01:46,109 -- initServletBean - Completed initialization in 8 ms
2019-04-18 18:01:54,985 -- initiateService - HHH000397: Using ASTQueryTranslatorFactory
2019-04-18 18:29:24,502 -- logStarting - Starting AppApplication on DESKTOP-2RE8KLJ with PID 12952 (E:\Tools\Java\WorkSpace\Shadow\app\target\classes started by HyZhan in E:\Tools\Java\WorkSpace\Shadow)
2019-04-18 18:29:24,516 -- logStartupProfileInfo - The following profiles are active: dev
2019-04-18 18:29:25,323 -- registerRepositoriesIn - Bootstrapping Spring Data repositories in DEFAULT mode.
2019-04-18 18:29:25,425 -- registerRepositoriesIn - Finished Spring Data repository scanning in 93ms. Found 5 repository interfaces.
2019-04-18 18:29:25,742 -- postProcessAfterInitialization - Bean 'org.springframework.transaction.annotation.ProxyTransactionManagementConfiguration' of type [org.springframework.transaction.annotation.ProxyTransactionManagementConfiguration$$EnhancerBySpringCGLIB$$23b54176] is not eligible for getting processed by all BeanPostProcessors (for example: not eligible for auto-proxying)
2019-04-18 18:29:26,030 -- initialize - Tomcat initialized with port(s): 3000 (http)
2019-04-18 18:29:26,042 -- log - Initializing ProtocolHandler ["http-nio-3000"]
2019-04-18 18:29:26,050 -- log - Starting service [Tomcat]
2019-04-18 18:29:26,051 -- log - Starting Servlet engine: [Apache Tomcat/9.0.17]
2019-04-18 18:29:26,177 -- log - Initializing Spring embedded WebApplicationContext
2019-04-18 18:29:26,178 -- prepareWebApplicationContext - Root WebApplicationContext: initialization completed in 1615 ms
2019-04-18 18:29:26,341 -- getConnection - HikariPool-1 - Starting...
2019-04-18 18:29:26,517 -- getConnection - HikariPool-1 - Start completed.
2019-04-18 18:29:26,575 -- logPersistenceUnitInformation - HHH000204: Processing PersistenceUnitInfo [
	name: default
	...]
2019-04-18 18:29:26,646 -- logVersion - HHH000412: Hibernate Core {5.3.9.Final}
2019-04-18 18:29:26,648 -- <clinit> - HHH000206: hibernate.properties not found
2019-04-18 18:29:26,757 -- <clinit> - HCANN000001: Hibernate Commons Annotations {5.0.4.Final}
2019-04-18 18:29:26,878 -- <init> - HHH000400: Using dialect: org.hibernate.dialect.MySQL5Dialect
2019-04-18 18:29:27,627 -- buildNativeEntityManagerFactory - Initialized JPA EntityManagerFactory for persistence unit 'default'
2019-04-18 18:29:28,208 -- initialize - Initializing ExecutorService 'applicationTaskExecutor'
2019-04-18 18:29:28,249 -- openEntityManagerInViewInterceptor - spring.jpa.open-in-view is enabled by default. Therefore, database queries may be performed during view rendering. Explicitly configure spring.jpa.open-in-view to disable this warning
2019-04-18 18:29:28,343 -- <init> - Adding welcome page: class path resource [doc/index.html]
2019-04-18 18:29:28,427 -- log - Starting ProtocolHandler ["http-nio-3000"]
2019-04-18 18:29:28,448 -- start - Tomcat started on port(s): 3000 (http) with context path ''
2019-04-18 18:29:28,450 -- logStarted - Started AppApplication in 4.543 seconds (JVM running for 5.159)
2019-04-18 18:30:02,201 -- log - Initializing Spring DispatcherServlet 'dispatcherServlet'
2019-04-18 18:30:02,202 -- initServletBean - Initializing Servlet 'dispatcherServlet'
2019-04-18 18:30:02,209 -- initServletBean - Completed initialization in 7 ms
2019-04-18 18:30:29,338 -- logStarting - Starting AppApplication on DESKTOP-2RE8KLJ with PID 4708 (E:\Tools\Java\WorkSpace\Shadow\app\target\classes started by HyZhan in E:\Tools\Java\WorkSpace\Shadow)
2019-04-18 18:30:29,341 -- logStartupProfileInfo - The following profiles are active: dev
2019-04-18 18:30:30,113 -- registerRepositoriesIn - Bootstrapping Spring Data repositories in DEFAULT mode.
2019-04-18 18:30:30,202 -- registerRepositoriesIn - Finished Spring Data repository scanning in 81ms. Found 5 repository interfaces.
2019-04-18 18:30:30,494 -- postProcessAfterInitialization - Bean 'org.springframework.transaction.annotation.ProxyTransactionManagementConfiguration' of type [org.springframework.transaction.annotation.ProxyTransactionManagementConfiguration$$EnhancerBySpringCGLIB$$a7644e4a] is not eligible for getting processed by all BeanPostProcessors (for example: not eligible for auto-proxying)
2019-04-18 18:30:30,786 -- initialize - Tomcat initialized with port(s): 3000 (http)
2019-04-18 18:30:30,799 -- log - Initializing ProtocolHandler ["http-nio-3000"]
2019-04-18 18:30:30,808 -- log - Starting service [Tomcat]
2019-04-18 18:30:30,808 -- log - Starting Servlet engine: [Apache Tomcat/9.0.17]
2019-04-18 18:30:30,912 -- log - Initializing Spring embedded WebApplicationContext
2019-04-18 18:30:30,912 -- prepareWebApplicationContext - Root WebApplicationContext: initialization completed in 1521 ms
2019-04-18 18:30:31,063 -- getConnection - HikariPool-1 - Starting...
2019-04-18 18:30:31,230 -- getConnection - HikariPool-1 - Start completed.
2019-04-18 18:30:31,278 -- logPersistenceUnitInformation - HHH000204: Processing PersistenceUnitInfo [
	name: default
	...]
2019-04-18 18:30:31,342 -- logVersion - HHH000412: Hibernate Core {5.3.9.Final}
2019-04-18 18:30:31,344 -- <clinit> - HHH000206: hibernate.properties not found
2019-04-18 18:30:31,455 -- <clinit> - HCANN000001: Hibernate Commons Annotations {5.0.4.Final}
2019-04-18 18:30:31,607 -- <init> - HHH000400: Using dialect: org.hibernate.dialect.MySQL5Dialect
2019-04-18 18:30:32,322 -- buildNativeEntityManagerFactory - Initialized JPA EntityManagerFactory for persistence unit 'default'
2019-04-18 18:30:32,945 -- initialize - Initializing ExecutorService 'applicationTaskExecutor'
2019-04-18 18:30:32,982 -- openEntityManagerInViewInterceptor - spring.jpa.open-in-view is enabled by default. Therefore, database queries may be performed during view rendering. Explicitly configure spring.jpa.open-in-view to disable this warning
2019-04-18 18:30:33,079 -- <init> - Adding welcome page: class path resource [doc/index.html]
2019-04-18 18:30:33,162 -- log - Starting ProtocolHandler ["http-nio-3000"]
2019-04-18 18:30:33,186 -- start - Tomcat started on port(s): 3000 (http) with context path ''
2019-04-18 18:30:33,188 -- logStarted - Started AppApplication in 4.441 seconds (JVM running for 5.02)
2019-04-18 18:30:37,035 -- log - Initializing Spring DispatcherServlet 'dispatcherServlet'
2019-04-18 18:30:37,035 -- initServletBean - Initializing Servlet 'dispatcherServlet'
2019-04-18 18:30:37,042 -- initServletBean - Completed initialization in 7 ms
