2019-04-25 12:10:49,783 - reportFailure - Application run failed
org.springframework.beans.factory.UnsatisfiedDependencyException: Error creating bean with name 'logController' defined in file [E:\Tools\Java\WorkSpace\Shadow\app\target\classes\com\example\app\controller\cms\LogController.class]: Unsatisfied dependency expressed through constructor parameter 0; nested exception is org.springframework.beans.factory.UnsatisfiedDependencyException: Error creating bean with name 'logResource' defined in file [E:\Tools\Java\WorkSpace\Shadow\core\target\classes\com\example\core\resource\LogResource.class]: Unsatisfied dependency expressed through constructor parameter 0; nested exception is org.springframework.beans.factory.UnsatisfiedDependencyException: Error creating bean with name 'logService' defined in file [E:\Tools\Java\WorkSpace\Shadow\core\target\classes\com\example\core\service\LogService.class]: Unsatisfied dependency expressed through constructor parameter 0; nested exception is org.springframework.beans.factory.BeanCreationException: Error creating bean with name 'logRepository': Invocation of init method failed; nested exception is java.lang.IllegalArgumentException: Paging query needs to have a Pageable parameter! Offending method public abstract org.springframework.data.domain.Page com.example.core.repository.LogRepository.findByMessageLike(java.lang.String)
	at org.springframework.beans.factory.support.ConstructorResolver.createArgumentArray(ConstructorResolver.java:769)
	at org.springframework.beans.factory.support.ConstructorResolver.autowireConstructor(ConstructorResolver.java:218)
	at org.springframework.beans.factory.support.AbstractAutowireCapableBeanFactory.autowireConstructor(AbstractAutowireCapableBeanFactory.java:1341)
	at org.springframework.beans.factory.support.AbstractAutowireCapableBeanFactory.createBeanInstance(AbstractAutowireCapableBeanFactory.java:1187)
	at org.springframework.beans.factory.support.AbstractAutowireCapableBeanFactory.doCreateBean(AbstractAutowireCapableBeanFactory.java:555)
	at org.springframework.beans.factory.support.AbstractAutowireCapableBeanFactory.createBean(AbstractAutowireCapableBeanFactory.java:515)
	at org.springframework.beans.factory.support.AbstractBeanFactory.lambda$doGetBean$0(AbstractBeanFactory.java:320)
	at org.springframework.beans.factory.support.DefaultSingletonBeanRegistry.getSingleton(DefaultSingletonBeanRegistry.java:222)
	at org.springframework.beans.factory.support.AbstractBeanFactory.doGetBean(AbstractBeanFactory.java:318)
	at org.springframework.beans.factory.support.AbstractBeanFactory.getBean(AbstractBeanFactory.java:199)
	at org.springframework.beans.factory.support.DefaultListableBeanFactory.preInstantiateSingletons(DefaultListableBeanFactory.java:849)
	at org.springframework.context.support.AbstractApplicationContext.finishBeanFactoryInitialization(AbstractApplicationContext.java:877)
	at org.springframework.context.support.AbstractApplicationContext.refresh(AbstractApplicationContext.java:549)
	at org.springframework.boot.web.servlet.context.ServletWebServerApplicationContext.refresh(ServletWebServerApplicationContext.java:142)
	at org.springframework.boot.SpringApplication.refresh(SpringApplication.java:775)
	at org.springframework.boot.SpringApplication.refreshContext(SpringApplication.java:397)
	at org.springframework.boot.SpringApplication.run(SpringApplication.java:316)
	at org.springframework.boot.SpringApplication.run(SpringApplication.java:1260)
	at org.springframework.boot.SpringApplication.run(SpringApplication.java:1248)
	at com.example.app.AppApplication.main(AppApplication.java:14)
Caused by: org.springframework.beans.factory.UnsatisfiedDependencyException: Error creating bean with name 'logResource' defined in file [E:\Tools\Java\WorkSpace\Shadow\core\target\classes\com\example\core\resource\LogResource.class]: Unsatisfied dependency expressed through constructor parameter 0; nested exception is org.springframework.beans.factory.UnsatisfiedDependencyException: Error creating bean with name 'logService' defined in file [E:\Tools\Java\WorkSpace\Shadow\core\target\classes\com\example\core\service\LogService.class]: Unsatisfied dependency expressed through constructor parameter 0; nested exception is org.springframework.beans.factory.BeanCreationException: Error creating bean with name 'logRepository': Invocation of init method failed; nested exception is java.lang.IllegalArgumentException: Paging query needs to have a Pageable parameter! Offending method public abstract org.springframework.data.domain.Page com.example.core.repository.LogRepository.findByMessageLike(java.lang.String)
	at org.springframework.beans.factory.support.ConstructorResolver.createArgumentArray(ConstructorResolver.java:769)
	at org.springframework.beans.factory.support.ConstructorResolver.autowireConstructor(ConstructorResolver.java:218)
	at org.springframework.beans.factory.support.AbstractAutowireCapableBeanFactory.autowireConstructor(AbstractAutowireCapableBeanFactory.java:1341)
	at org.springframework.beans.factory.support.AbstractAutowireCapableBeanFactory.createBeanInstance(AbstractAutowireCapableBeanFactory.java:1187)
	at org.springframework.beans.factory.support.AbstractAutowireCapableBeanFactory.doCreateBean(AbstractAutowireCapableBeanFactory.java:555)
	at org.springframework.beans.factory.support.AbstractAutowireCapableBeanFactory.createBean(AbstractAutowireCapableBeanFactory.java:515)
	at org.springframework.beans.factory.support.AbstractBeanFactory.lambda$doGetBean$0(AbstractBeanFactory.java:320)
	at org.springframework.beans.factory.support.DefaultSingletonBeanRegistry.getSingleton(DefaultSingletonBeanRegistry.java:222)
	at org.springframework.beans.factory.support.AbstractBeanFactory.doGetBean(AbstractBeanFactory.java:318)
	at org.springframework.beans.factory.support.AbstractBeanFactory.getBean(AbstractBeanFactory.java:199)
	at org.springframework.beans.factory.config.DependencyDescriptor.resolveCandidate(DependencyDescriptor.java:277)
	at org.springframework.beans.factory.support.DefaultListableBeanFactory.doResolveDependency(DefaultListableBeanFactory.java:1247)
	at org.springframework.beans.factory.support.DefaultListableBeanFactory.resolveDependency(DefaultListableBeanFactory.java:1167)
	at org.springframework.beans.factory.support.ConstructorResolver.resolveAutowiredArgument(ConstructorResolver.java:857)
	at org.springframework.beans.factory.support.ConstructorResolver.createArgumentArray(ConstructorResolver.java:760)
	... 19 common frames omitted
Caused by: org.springframework.beans.factory.UnsatisfiedDependencyException: Error creating bean with name 'logService' defined in file [E:\Tools\Java\WorkSpace\Shadow\core\target\classes\com\example\core\service\LogService.class]: Unsatisfied dependency expressed through constructor parameter 0; nested exception is org.springframework.beans.factory.BeanCreationException: Error creating bean with name 'logRepository': Invocation of init method failed; nested exception is java.lang.IllegalArgumentException: Paging query needs to have a Pageable parameter! Offending method public abstract org.springframework.data.domain.Page com.example.core.repository.LogRepository.findByMessageLike(java.lang.String)
	at org.springframework.beans.factory.support.ConstructorResolver.createArgumentArray(ConstructorResolver.java:769)
	at org.springframework.beans.factory.support.ConstructorResolver.autowireConstructor(ConstructorResolver.java:218)
	at org.springframework.beans.factory.support.AbstractAutowireCapableBeanFactory.autowireConstructor(AbstractAutowireCapableBeanFactory.java:1341)
	at org.springframework.beans.factory.support.AbstractAutowireCapableBeanFactory.createBeanInstance(AbstractAutowireCapableBeanFactory.java:1187)
	at org.springframework.beans.factory.support.AbstractAutowireCapableBeanFactory.doCreateBean(AbstractAutowireCapableBeanFactory.java:555)
	at org.springframework.beans.factory.support.AbstractAutowireCapableBeanFactory.createBean(AbstractAutowireCapableBeanFactory.java:515)
	at org.springframework.beans.factory.support.AbstractBeanFactory.lambda$doGetBean$0(AbstractBeanFactory.java:320)
	at org.springframework.beans.factory.support.DefaultSingletonBeanRegistry.getSingleton(DefaultSingletonBeanRegistry.java:222)
	at org.springframework.beans.factory.support.AbstractBeanFactory.doGetBean(AbstractBeanFactory.java:318)
	at org.springframework.beans.factory.support.AbstractBeanFactory.getBean(AbstractBeanFactory.java:199)
	at org.springframework.beans.factory.config.DependencyDescriptor.resolveCandidate(DependencyDescriptor.java:277)
	at org.springframework.beans.factory.support.DefaultListableBeanFactory.doResolveDependency(DefaultListableBeanFactory.java:1247)
	at org.springframework.beans.factory.support.DefaultListableBeanFactory.resolveDependency(DefaultListableBeanFactory.java:1167)
	at org.springframework.beans.factory.support.ConstructorResolver.resolveAutowiredArgument(ConstructorResolver.java:857)
	at org.springframework.beans.factory.support.ConstructorResolver.createArgumentArray(ConstructorResolver.java:760)
	... 33 common frames omitted
Caused by: org.springframework.beans.factory.BeanCreationException: Error creating bean with name 'logRepository': Invocation of init method failed; nested exception is java.lang.IllegalArgumentException: Paging query needs to have a Pageable parameter! Offending method public abstract org.springframework.data.domain.Page com.example.core.repository.LogRepository.findByMessageLike(java.lang.String)
	at org.springframework.beans.factory.support.AbstractAutowireCapableBeanFactory.initializeBean(AbstractAutowireCapableBeanFactory.java:1778)
	at org.springframework.beans.factory.support.AbstractAutowireCapableBeanFactory.doCreateBean(AbstractAutowireCapableBeanFactory.java:593)
	at org.springframework.beans.factory.support.AbstractAutowireCapableBeanFactory.createBean(AbstractAutowireCapableBeanFactory.java:515)
	at org.springframework.beans.factory.support.AbstractBeanFactory.lambda$doGetBean$0(AbstractBeanFactory.java:320)
	at org.springframework.beans.factory.support.DefaultSingletonBeanRegistry.getSingleton(DefaultSingletonBeanRegistry.java:222)
	at org.springframework.beans.factory.support.AbstractBeanFactory.doGetBean(AbstractBeanFactory.java:318)
	at org.springframework.beans.factory.support.AbstractBeanFactory.getBean(AbstractBeanFactory.java:199)
	at org.springframework.beans.factory.config.DependencyDescriptor.resolveCandidate(DependencyDescriptor.java:277)
	at org.springframework.beans.factory.support.DefaultListableBeanFactory.doResolveDependency(DefaultListableBeanFactory.java:1247)
	at org.springframework.beans.factory.support.DefaultListableBeanFactory.resolveDependency(DefaultListableBeanFactory.java:1167)
	at org.springframework.beans.factory.support.ConstructorResolver.resolveAutowiredArgument(ConstructorResolver.java:857)
	at org.springframework.beans.factory.support.ConstructorResolver.createArgumentArray(ConstructorResolver.java:760)
	... 47 common frames omitted
Caused by: java.lang.IllegalArgumentException: Paging query needs to have a Pageable parameter! Offending method public abstract org.springframework.data.domain.Page com.example.core.repository.LogRepository.findByMessageLike(java.lang.String)
	at org.springframework.util.Assert.isTrue(Assert.java:118)
	at org.springframework.data.repository.query.QueryMethod.<init>(QueryMethod.java:99)
	at org.springframework.data.jpa.repository.query.JpaQueryMethod.<init>(JpaQueryMethod.java:94)
	at org.springframework.data.jpa.repository.query.JpaQueryLookupStrategy$AbstractQueryLookupStrategy.resolveQuery(JpaQueryLookupStrategy.java:79)
	at org.springframework.data.repository.core.support.RepositoryFactorySupport$QueryExecutorMethodInterceptor.lookupQuery(RepositoryFactorySupport.java:566)
	at org.springframework.data.repository.core.support.RepositoryFactorySupport$QueryExecutorMethodInterceptor.lambda$mapMethodsToQuery$1(RepositoryFactorySupport.java:559)
	at java.util.stream.ReferencePipeline$3$1.accept(ReferencePipeline.java:193)
	at java.util.Iterator.forEachRemaining(Iterator.java:116)
	at java.util.Collections$UnmodifiableCollection$1.forEachRemaining(Collections.java:1049)
	at java.util.Spliterators$IteratorSpliterator.forEachRemaining(Spliterators.java:1801)
	at java.util.stream.AbstractPipeline.copyInto(AbstractPipeline.java:481)
	at java.util.stream.AbstractPipeline.wrapAndCopyInto(AbstractPipeline.java:471)
	at java.util.stream.ReduceOps$ReduceOp.evaluateSequential(ReduceOps.java:708)
	at java.util.stream.AbstractPipeline.evaluate(AbstractPipeline.java:234)
	at java.util.stream.ReferencePipeline.collect(ReferencePipeline.java:499)
	at org.springframework.data.repository.core.support.RepositoryFactorySupport$QueryExecutorMethodInterceptor.mapMethodsToQuery(RepositoryFactorySupport.java:561)
	at org.springframework.data.repository.core.support.RepositoryFactorySupport$QueryExecutorMethodInterceptor.lambda$new$0(RepositoryFactorySupport.java:551)
	at java.util.Optional.map(Optional.java:215)
	at org.springframework.data.repository.core.support.RepositoryFactorySupport$QueryExecutorMethodInterceptor.<init>(RepositoryFactorySupport.java:551)
	at org.springframework.data.repository.core.support.RepositoryFactorySupport.getRepository(RepositoryFactorySupport.java:324)
	at org.springframework.data.repository.core.support.RepositoryFactoryBeanSupport.lambda$afterPropertiesSet$5(RepositoryFactoryBeanSupport.java:297)
	at org.springframework.data.util.Lazy.getNullable(Lazy.java:211)
	at org.springframework.data.util.Lazy.get(Lazy.java:94)
	at org.springframework.data.repository.core.support.RepositoryFactoryBeanSupport.afterPropertiesSet(RepositoryFactoryBeanSupport.java:300)
	at org.springframework.data.jpa.repository.support.JpaRepositoryFactoryBean.afterPropertiesSet(JpaRepositoryFactoryBean.java:121)
	at org.springframework.beans.factory.support.AbstractAutowireCapableBeanFactory.invokeInitMethods(AbstractAutowireCapableBeanFactory.java:1837)
	at org.springframework.beans.factory.support.AbstractAutowireCapableBeanFactory.initializeBean(AbstractAutowireCapableBeanFactory.java:1774)
	... 58 common frames omitted
2019-04-25 12:10:58,701 - reportFailure - Application run failed
org.springframework.beans.factory.UnsatisfiedDependencyException: Error creating bean with name 'logController' defined in file [E:\Tools\Java\WorkSpace\Shadow\app\target\classes\com\example\app\controller\cms\LogController.class]: Unsatisfied dependency expressed through constructor parameter 0; nested exception is org.springframework.beans.factory.UnsatisfiedDependencyException: Error creating bean with name 'logResource' defined in file [E:\Tools\Java\WorkSpace\Shadow\core\target\classes\com\example\core\resource\LogResource.class]: Unsatisfied dependency expressed through constructor parameter 0; nested exception is org.springframework.beans.factory.UnsatisfiedDependencyException: Error creating bean with name 'logService' defined in file [E:\Tools\Java\WorkSpace\Shadow\core\target\classes\com\example\core\service\LogService.class]: Unsatisfied dependency expressed through constructor parameter 0; nested exception is org.springframework.beans.factory.BeanCreationException: Error creating bean with name 'logRepository': Invocation of init method failed; nested exception is java.lang.IllegalArgumentException: Paging query needs to have a Pageable parameter! Offending method public abstract org.springframework.data.domain.Page com.example.core.repository.LogRepository.findByMessageLike(java.lang.String)
	at org.springframework.beans.factory.support.ConstructorResolver.createArgumentArray(ConstructorResolver.java:769)
	at org.springframework.beans.factory.support.ConstructorResolver.autowireConstructor(ConstructorResolver.java:218)
	at org.springframework.beans.factory.support.AbstractAutowireCapableBeanFactory.autowireConstructor(AbstractAutowireCapableBeanFactory.java:1341)
	at org.springframework.beans.factory.support.AbstractAutowireCapableBeanFactory.createBeanInstance(AbstractAutowireCapableBeanFactory.java:1187)
	at org.springframework.beans.factory.support.AbstractAutowireCapableBeanFactory.doCreateBean(AbstractAutowireCapableBeanFactory.java:555)
	at org.springframework.beans.factory.support.AbstractAutowireCapableBeanFactory.createBean(AbstractAutowireCapableBeanFactory.java:515)
	at org.springframework.beans.factory.support.AbstractBeanFactory.lambda$doGetBean$0(AbstractBeanFactory.java:320)
	at org.springframework.beans.factory.support.DefaultSingletonBeanRegistry.getSingleton(DefaultSingletonBeanRegistry.java:222)
	at org.springframework.beans.factory.support.AbstractBeanFactory.doGetBean(AbstractBeanFactory.java:318)
	at org.springframework.beans.factory.support.AbstractBeanFactory.getBean(AbstractBeanFactory.java:199)
	at org.springframework.beans.factory.support.DefaultListableBeanFactory.preInstantiateSingletons(DefaultListableBeanFactory.java:849)
	at org.springframework.context.support.AbstractApplicationContext.finishBeanFactoryInitialization(AbstractApplicationContext.java:877)
	at org.springframework.context.support.AbstractApplicationContext.refresh(AbstractApplicationContext.java:549)
	at org.springframework.boot.web.servlet.context.ServletWebServerApplicationContext.refresh(ServletWebServerApplicationContext.java:142)
	at org.springframework.boot.SpringApplication.refresh(SpringApplication.java:775)
	at org.springframework.boot.SpringApplication.refreshContext(SpringApplication.java:397)
	at org.springframework.boot.SpringApplication.run(SpringApplication.java:316)
	at org.springframework.boot.SpringApplication.run(SpringApplication.java:1260)
	at org.springframework.boot.SpringApplication.run(SpringApplication.java:1248)
	at com.example.app.AppApplication.main(AppApplication.java:14)
Caused by: org.springframework.beans.factory.UnsatisfiedDependencyException: Error creating bean with name 'logResource' defined in file [E:\Tools\Java\WorkSpace\Shadow\core\target\classes\com\example\core\resource\LogResource.class]: Unsatisfied dependency expressed through constructor parameter 0; nested exception is org.springframework.beans.factory.UnsatisfiedDependencyException: Error creating bean with name 'logService' defined in file [E:\Tools\Java\WorkSpace\Shadow\core\target\classes\com\example\core\service\LogService.class]: Unsatisfied dependency expressed through constructor parameter 0; nested exception is org.springframework.beans.factory.BeanCreationException: Error creating bean with name 'logRepository': Invocation of init method failed; nested exception is java.lang.IllegalArgumentException: Paging query needs to have a Pageable parameter! Offending method public abstract org.springframework.data.domain.Page com.example.core.repository.LogRepository.findByMessageLike(java.lang.String)
	at org.springframework.beans.factory.support.ConstructorResolver.createArgumentArray(ConstructorResolver.java:769)
	at org.springframework.beans.factory.support.ConstructorResolver.autowireConstructor(ConstructorResolver.java:218)
	at org.springframework.beans.factory.support.AbstractAutowireCapableBeanFactory.autowireConstructor(AbstractAutowireCapableBeanFactory.java:1341)
	at org.springframework.beans.factory.support.AbstractAutowireCapableBeanFactory.createBeanInstance(AbstractAutowireCapableBeanFactory.java:1187)
	at org.springframework.beans.factory.support.AbstractAutowireCapableBeanFactory.doCreateBean(AbstractAutowireCapableBeanFactory.java:555)
	at org.springframework.beans.factory.support.AbstractAutowireCapableBeanFactory.createBean(AbstractAutowireCapableBeanFactory.java:515)
	at org.springframework.beans.factory.support.AbstractBeanFactory.lambda$doGetBean$0(AbstractBeanFactory.java:320)
	at org.springframework.beans.factory.support.DefaultSingletonBeanRegistry.getSingleton(DefaultSingletonBeanRegistry.java:222)
	at org.springframework.beans.factory.support.AbstractBeanFactory.doGetBean(AbstractBeanFactory.java:318)
	at org.springframework.beans.factory.support.AbstractBeanFactory.getBean(AbstractBeanFactory.java:199)
	at org.springframework.beans.factory.config.DependencyDescriptor.resolveCandidate(DependencyDescriptor.java:277)
	at org.springframework.beans.factory.support.DefaultListableBeanFactory.doResolveDependency(DefaultListableBeanFactory.java:1247)
	at org.springframework.beans.factory.support.DefaultListableBeanFactory.resolveDependency(DefaultListableBeanFactory.java:1167)
	at org.springframework.beans.factory.support.ConstructorResolver.resolveAutowiredArgument(ConstructorResolver.java:857)
	at org.springframework.beans.factory.support.ConstructorResolver.createArgumentArray(ConstructorResolver.java:760)
	... 19 common frames omitted
Caused by: org.springframework.beans.factory.UnsatisfiedDependencyException: Error creating bean with name 'logService' defined in file [E:\Tools\Java\WorkSpace\Shadow\core\target\classes\com\example\core\service\LogService.class]: Unsatisfied dependency expressed through constructor parameter 0; nested exception is org.springframework.beans.factory.BeanCreationException: Error creating bean with name 'logRepository': Invocation of init method failed; nested exception is java.lang.IllegalArgumentException: Paging query needs to have a Pageable parameter! Offending method public abstract org.springframework.data.domain.Page com.example.core.repository.LogRepository.findByMessageLike(java.lang.String)
	at org.springframework.beans.factory.support.ConstructorResolver.createArgumentArray(ConstructorResolver.java:769)
	at org.springframework.beans.factory.support.ConstructorResolver.autowireConstructor(ConstructorResolver.java:218)
	at org.springframework.beans.factory.support.AbstractAutowireCapableBeanFactory.autowireConstructor(AbstractAutowireCapableBeanFactory.java:1341)
	at org.springframework.beans.factory.support.AbstractAutowireCapableBeanFactory.createBeanInstance(AbstractAutowireCapableBeanFactory.java:1187)
	at org.springframework.beans.factory.support.AbstractAutowireCapableBeanFactory.doCreateBean(AbstractAutowireCapableBeanFactory.java:555)
	at org.springframework.beans.factory.support.AbstractAutowireCapableBeanFactory.createBean(AbstractAutowireCapableBeanFactory.java:515)
	at org.springframework.beans.factory.support.AbstractBeanFactory.lambda$doGetBean$0(AbstractBeanFactory.java:320)
	at org.springframework.beans.factory.support.DefaultSingletonBeanRegistry.getSingleton(DefaultSingletonBeanRegistry.java:222)
	at org.springframework.beans.factory.support.AbstractBeanFactory.doGetBean(AbstractBeanFactory.java:318)
	at org.springframework.beans.factory.support.AbstractBeanFactory.getBean(AbstractBeanFactory.java:199)
	at org.springframework.beans.factory.config.DependencyDescriptor.resolveCandidate(DependencyDescriptor.java:277)
	at org.springframework.beans.factory.support.DefaultListableBeanFactory.doResolveDependency(DefaultListableBeanFactory.java:1247)
	at org.springframework.beans.factory.support.DefaultListableBeanFactory.resolveDependency(DefaultListableBeanFactory.java:1167)
	at org.springframework.beans.factory.support.ConstructorResolver.resolveAutowiredArgument(ConstructorResolver.java:857)
	at org.springframework.beans.factory.support.ConstructorResolver.createArgumentArray(ConstructorResolver.java:760)
	... 33 common frames omitted
Caused by: org.springframework.beans.factory.BeanCreationException: Error creating bean with name 'logRepository': Invocation of init method failed; nested exception is java.lang.IllegalArgumentException: Paging query needs to have a Pageable parameter! Offending method public abstract org.springframework.data.domain.Page com.example.core.repository.LogRepository.findByMessageLike(java.lang.String)
	at org.springframework.beans.factory.support.AbstractAutowireCapableBeanFactory.initializeBean(AbstractAutowireCapableBeanFactory.java:1778)
	at org.springframework.beans.factory.support.AbstractAutowireCapableBeanFactory.doCreateBean(AbstractAutowireCapableBeanFactory.java:593)
	at org.springframework.beans.factory.support.AbstractAutowireCapableBeanFactory.createBean(AbstractAutowireCapableBeanFactory.java:515)
	at org.springframework.beans.factory.support.AbstractBeanFactory.lambda$doGetBean$0(AbstractBeanFactory.java:320)
	at org.springframework.beans.factory.support.DefaultSingletonBeanRegistry.getSingleton(DefaultSingletonBeanRegistry.java:222)
	at org.springframework.beans.factory.support.AbstractBeanFactory.doGetBean(AbstractBeanFactory.java:318)
	at org.springframework.beans.factory.support.AbstractBeanFactory.getBean(AbstractBeanFactory.java:199)
	at org.springframework.beans.factory.config.DependencyDescriptor.resolveCandidate(DependencyDescriptor.java:277)
	at org.springframework.beans.factory.support.DefaultListableBeanFactory.doResolveDependency(DefaultListableBeanFactory.java:1247)
	at org.springframework.beans.factory.support.DefaultListableBeanFactory.resolveDependency(DefaultListableBeanFactory.java:1167)
	at org.springframework.beans.factory.support.ConstructorResolver.resolveAutowiredArgument(ConstructorResolver.java:857)
	at org.springframework.beans.factory.support.ConstructorResolver.createArgumentArray(ConstructorResolver.java:760)
	... 47 common frames omitted
Caused by: java.lang.IllegalArgumentException: Paging query needs to have a Pageable parameter! Offending method public abstract org.springframework.data.domain.Page com.example.core.repository.LogRepository.findByMessageLike(java.lang.String)
	at org.springframework.util.Assert.isTrue(Assert.java:118)
	at org.springframework.data.repository.query.QueryMethod.<init>(QueryMethod.java:99)
	at org.springframework.data.jpa.repository.query.JpaQueryMethod.<init>(JpaQueryMethod.java:94)
	at org.springframework.data.jpa.repository.query.JpaQueryLookupStrategy$AbstractQueryLookupStrategy.resolveQuery(JpaQueryLookupStrategy.java:79)
	at org.springframework.data.repository.core.support.RepositoryFactorySupport$QueryExecutorMethodInterceptor.lookupQuery(RepositoryFactorySupport.java:566)
	at org.springframework.data.repository.core.support.RepositoryFactorySupport$QueryExecutorMethodInterceptor.lambda$mapMethodsToQuery$1(RepositoryFactorySupport.java:559)
	at java.util.stream.ReferencePipeline$3$1.accept(ReferencePipeline.java:193)
	at java.util.Iterator.forEachRemaining(Iterator.java:116)
	at java.util.Collections$UnmodifiableCollection$1.forEachRemaining(Collections.java:1049)
	at java.util.Spliterators$IteratorSpliterator.forEachRemaining(Spliterators.java:1801)
	at java.util.stream.AbstractPipeline.copyInto(AbstractPipeline.java:481)
	at java.util.stream.AbstractPipeline.wrapAndCopyInto(AbstractPipeline.java:471)
	at java.util.stream.ReduceOps$ReduceOp.evaluateSequential(ReduceOps.java:708)
	at java.util.stream.AbstractPipeline.evaluate(AbstractPipeline.java:234)
	at java.util.stream.ReferencePipeline.collect(ReferencePipeline.java:499)
	at org.springframework.data.repository.core.support.RepositoryFactorySupport$QueryExecutorMethodInterceptor.mapMethodsToQuery(RepositoryFactorySupport.java:561)
	at org.springframework.data.repository.core.support.RepositoryFactorySupport$QueryExecutorMethodInterceptor.lambda$new$0(RepositoryFactorySupport.java:551)
	at java.util.Optional.map(Optional.java:215)
	at org.springframework.data.repository.core.support.RepositoryFactorySupport$QueryExecutorMethodInterceptor.<init>(RepositoryFactorySupport.java:551)
	at org.springframework.data.repository.core.support.RepositoryFactorySupport.getRepository(RepositoryFactorySupport.java:324)
	at org.springframework.data.repository.core.support.RepositoryFactoryBeanSupport.lambda$afterPropertiesSet$5(RepositoryFactoryBeanSupport.java:297)
	at org.springframework.data.util.Lazy.getNullable(Lazy.java:211)
	at org.springframework.data.util.Lazy.get(Lazy.java:94)
	at org.springframework.data.repository.core.support.RepositoryFactoryBeanSupport.afterPropertiesSet(RepositoryFactoryBeanSupport.java:300)
	at org.springframework.data.jpa.repository.support.JpaRepositoryFactoryBean.afterPropertiesSet(JpaRepositoryFactoryBean.java:121)
	at org.springframework.beans.factory.support.AbstractAutowireCapableBeanFactory.invokeInitMethods(AbstractAutowireCapableBeanFactory.java:1837)
	at org.springframework.beans.factory.support.AbstractAutowireCapableBeanFactory.initializeBean(AbstractAutowireCapableBeanFactory.java:1774)
	... 58 common frames omitted
2019-04-25 12:11:44,447 - reportFailure - Application run failed
org.springframework.beans.factory.UnsatisfiedDependencyException: Error creating bean with name 'logController' defined in file [E:\Tools\Java\WorkSpace\Shadow\app\target\classes\com\example\app\controller\cms\LogController.class]: Unsatisfied dependency expressed through constructor parameter 0; nested exception is org.springframework.beans.factory.UnsatisfiedDependencyException: Error creating bean with name 'logResource' defined in file [E:\Tools\Java\WorkSpace\Shadow\core\target\classes\com\example\core\resource\LogResource.class]: Unsatisfied dependency expressed through constructor parameter 0; nested exception is org.springframework.beans.factory.UnsatisfiedDependencyException: Error creating bean with name 'logService' defined in file [E:\Tools\Java\WorkSpace\Shadow\core\target\classes\com\example\core\service\LogService.class]: Unsatisfied dependency expressed through constructor parameter 0; nested exception is org.springframework.beans.factory.BeanCreationException: Error creating bean with name 'logRepository': Invocation of init method failed; nested exception is java.lang.IllegalArgumentException: Paging query needs to have a Pageable parameter! Offending method public abstract org.springframework.data.domain.Page com.example.core.repository.LogRepository.findByMessageLike(java.lang.String)
	at org.springframework.beans.factory.support.ConstructorResolver.createArgumentArray(ConstructorResolver.java:769)
	at org.springframework.beans.factory.support.ConstructorResolver.autowireConstructor(ConstructorResolver.java:218)
	at org.springframework.beans.factory.support.AbstractAutowireCapableBeanFactory.autowireConstructor(AbstractAutowireCapableBeanFactory.java:1341)
	at org.springframework.beans.factory.support.AbstractAutowireCapableBeanFactory.createBeanInstance(AbstractAutowireCapableBeanFactory.java:1187)
	at org.springframework.beans.factory.support.AbstractAutowireCapableBeanFactory.doCreateBean(AbstractAutowireCapableBeanFactory.java:555)
	at org.springframework.beans.factory.support.AbstractAutowireCapableBeanFactory.createBean(AbstractAutowireCapableBeanFactory.java:515)
	at org.springframework.beans.factory.support.AbstractBeanFactory.lambda$doGetBean$0(AbstractBeanFactory.java:320)
	at org.springframework.beans.factory.support.DefaultSingletonBeanRegistry.getSingleton(DefaultSingletonBeanRegistry.java:222)
	at org.springframework.beans.factory.support.AbstractBeanFactory.doGetBean(AbstractBeanFactory.java:318)
	at org.springframework.beans.factory.support.AbstractBeanFactory.getBean(AbstractBeanFactory.java:199)
	at org.springframework.beans.factory.support.DefaultListableBeanFactory.preInstantiateSingletons(DefaultListableBeanFactory.java:849)
	at org.springframework.context.support.AbstractApplicationContext.finishBeanFactoryInitialization(AbstractApplicationContext.java:877)
	at org.springframework.context.support.AbstractApplicationContext.refresh(AbstractApplicationContext.java:549)
	at org.springframework.boot.web.servlet.context.ServletWebServerApplicationContext.refresh(ServletWebServerApplicationContext.java:142)
	at org.springframework.boot.SpringApplication.refresh(SpringApplication.java:775)
	at org.springframework.boot.SpringApplication.refreshContext(SpringApplication.java:397)
	at org.springframework.boot.SpringApplication.run(SpringApplication.java:316)
	at org.springframework.boot.SpringApplication.run(SpringApplication.java:1260)
	at org.springframework.boot.SpringApplication.run(SpringApplication.java:1248)
	at com.example.app.AppApplication.main(AppApplication.java:14)
Caused by: org.springframework.beans.factory.UnsatisfiedDependencyException: Error creating bean with name 'logResource' defined in file [E:\Tools\Java\WorkSpace\Shadow\core\target\classes\com\example\core\resource\LogResource.class]: Unsatisfied dependency expressed through constructor parameter 0; nested exception is org.springframework.beans.factory.UnsatisfiedDependencyException: Error creating bean with name 'logService' defined in file [E:\Tools\Java\WorkSpace\Shadow\core\target\classes\com\example\core\service\LogService.class]: Unsatisfied dependency expressed through constructor parameter 0; nested exception is org.springframework.beans.factory.BeanCreationException: Error creating bean with name 'logRepository': Invocation of init method failed; nested exception is java.lang.IllegalArgumentException: Paging query needs to have a Pageable parameter! Offending method public abstract org.springframework.data.domain.Page com.example.core.repository.LogRepository.findByMessageLike(java.lang.String)
	at org.springframework.beans.factory.support.ConstructorResolver.createArgumentArray(ConstructorResolver.java:769)
	at org.springframework.beans.factory.support.ConstructorResolver.autowireConstructor(ConstructorResolver.java:218)
	at org.springframework.beans.factory.support.AbstractAutowireCapableBeanFactory.autowireConstructor(AbstractAutowireCapableBeanFactory.java:1341)
	at org.springframework.beans.factory.support.AbstractAutowireCapableBeanFactory.createBeanInstance(AbstractAutowireCapableBeanFactory.java:1187)
	at org.springframework.beans.factory.support.AbstractAutowireCapableBeanFactory.doCreateBean(AbstractAutowireCapableBeanFactory.java:555)
	at org.springframework.beans.factory.support.AbstractAutowireCapableBeanFactory.createBean(AbstractAutowireCapableBeanFactory.java:515)
	at org.springframework.beans.factory.support.AbstractBeanFactory.lambda$doGetBean$0(AbstractBeanFactory.java:320)
	at org.springframework.beans.factory.support.DefaultSingletonBeanRegistry.getSingleton(DefaultSingletonBeanRegistry.java:222)
	at org.springframework.beans.factory.support.AbstractBeanFactory.doGetBean(AbstractBeanFactory.java:318)
	at org.springframework.beans.factory.support.AbstractBeanFactory.getBean(AbstractBeanFactory.java:199)
	at org.springframework.beans.factory.config.DependencyDescriptor.resolveCandidate(DependencyDescriptor.java:277)
	at org.springframework.beans.factory.support.DefaultListableBeanFactory.doResolveDependency(DefaultListableBeanFactory.java:1247)
	at org.springframework.beans.factory.support.DefaultListableBeanFactory.resolveDependency(DefaultListableBeanFactory.java:1167)
	at org.springframework.beans.factory.support.ConstructorResolver.resolveAutowiredArgument(ConstructorResolver.java:857)
	at org.springframework.beans.factory.support.ConstructorResolver.createArgumentArray(ConstructorResolver.java:760)
	... 19 common frames omitted
Caused by: org.springframework.beans.factory.UnsatisfiedDependencyException: Error creating bean with name 'logService' defined in file [E:\Tools\Java\WorkSpace\Shadow\core\target\classes\com\example\core\service\LogService.class]: Unsatisfied dependency expressed through constructor parameter 0; nested exception is org.springframework.beans.factory.BeanCreationException: Error creating bean with name 'logRepository': Invocation of init method failed; nested exception is java.lang.IllegalArgumentException: Paging query needs to have a Pageable parameter! Offending method public abstract org.springframework.data.domain.Page com.example.core.repository.LogRepository.findByMessageLike(java.lang.String)
	at org.springframework.beans.factory.support.ConstructorResolver.createArgumentArray(ConstructorResolver.java:769)
	at org.springframework.beans.factory.support.ConstructorResolver.autowireConstructor(ConstructorResolver.java:218)
	at org.springframework.beans.factory.support.AbstractAutowireCapableBeanFactory.autowireConstructor(AbstractAutowireCapableBeanFactory.java:1341)
	at org.springframework.beans.factory.support.AbstractAutowireCapableBeanFactory.createBeanInstance(AbstractAutowireCapableBeanFactory.java:1187)
	at org.springframework.beans.factory.support.AbstractAutowireCapableBeanFactory.doCreateBean(AbstractAutowireCapableBeanFactory.java:555)
	at org.springframework.beans.factory.support.AbstractAutowireCapableBeanFactory.createBean(AbstractAutowireCapableBeanFactory.java:515)
	at org.springframework.beans.factory.support.AbstractBeanFactory.lambda$doGetBean$0(AbstractBeanFactory.java:320)
	at org.springframework.beans.factory.support.DefaultSingletonBeanRegistry.getSingleton(DefaultSingletonBeanRegistry.java:222)
	at org.springframework.beans.factory.support.AbstractBeanFactory.doGetBean(AbstractBeanFactory.java:318)
	at org.springframework.beans.factory.support.AbstractBeanFactory.getBean(AbstractBeanFactory.java:199)
	at org.springframework.beans.factory.config.DependencyDescriptor.resolveCandidate(DependencyDescriptor.java:277)
	at org.springframework.beans.factory.support.DefaultListableBeanFactory.doResolveDependency(DefaultListableBeanFactory.java:1247)
	at org.springframework.beans.factory.support.DefaultListableBeanFactory.resolveDependency(DefaultListableBeanFactory.java:1167)
	at org.springframework.beans.factory.support.ConstructorResolver.resolveAutowiredArgument(ConstructorResolver.java:857)
	at org.springframework.beans.factory.support.ConstructorResolver.createArgumentArray(ConstructorResolver.java:760)
	... 33 common frames omitted
Caused by: org.springframework.beans.factory.BeanCreationException: Error creating bean with name 'logRepository': Invocation of init method failed; nested exception is java.lang.IllegalArgumentException: Paging query needs to have a Pageable parameter! Offending method public abstract org.springframework.data.domain.Page com.example.core.repository.LogRepository.findByMessageLike(java.lang.String)
	at org.springframework.beans.factory.support.AbstractAutowireCapableBeanFactory.initializeBean(AbstractAutowireCapableBeanFactory.java:1778)
	at org.springframework.beans.factory.support.AbstractAutowireCapableBeanFactory.doCreateBean(AbstractAutowireCapableBeanFactory.java:593)
	at org.springframework.beans.factory.support.AbstractAutowireCapableBeanFactory.createBean(AbstractAutowireCapableBeanFactory.java:515)
	at org.springframework.beans.factory.support.AbstractBeanFactory.lambda$doGetBean$0(AbstractBeanFactory.java:320)
	at org.springframework.beans.factory.support.DefaultSingletonBeanRegistry.getSingleton(DefaultSingletonBeanRegistry.java:222)
	at org.springframework.beans.factory.support.AbstractBeanFactory.doGetBean(AbstractBeanFactory.java:318)
	at org.springframework.beans.factory.support.AbstractBeanFactory.getBean(AbstractBeanFactory.java:199)
	at org.springframework.beans.factory.config.DependencyDescriptor.resolveCandidate(DependencyDescriptor.java:277)
	at org.springframework.beans.factory.support.DefaultListableBeanFactory.doResolveDependency(DefaultListableBeanFactory.java:1247)
	at org.springframework.beans.factory.support.DefaultListableBeanFactory.resolveDependency(DefaultListableBeanFactory.java:1167)
	at org.springframework.beans.factory.support.ConstructorResolver.resolveAutowiredArgument(ConstructorResolver.java:857)
	at org.springframework.beans.factory.support.ConstructorResolver.createArgumentArray(ConstructorResolver.java:760)
	... 47 common frames omitted
Caused by: java.lang.IllegalArgumentException: Paging query needs to have a Pageable parameter! Offending method public abstract org.springframework.data.domain.Page com.example.core.repository.LogRepository.findByMessageLike(java.lang.String)
	at org.springframework.util.Assert.isTrue(Assert.java:118)
	at org.springframework.data.repository.query.QueryMethod.<init>(QueryMethod.java:99)
	at org.springframework.data.jpa.repository.query.JpaQueryMethod.<init>(JpaQueryMethod.java:94)
	at org.springframework.data.jpa.repository.query.JpaQueryLookupStrategy$AbstractQueryLookupStrategy.resolveQuery(JpaQueryLookupStrategy.java:79)
	at org.springframework.data.repository.core.support.RepositoryFactorySupport$QueryExecutorMethodInterceptor.lookupQuery(RepositoryFactorySupport.java:566)
	at org.springframework.data.repository.core.support.RepositoryFactorySupport$QueryExecutorMethodInterceptor.lambda$mapMethodsToQuery$1(RepositoryFactorySupport.java:559)
	at java.util.stream.ReferencePipeline$3$1.accept(ReferencePipeline.java:193)
	at java.util.Iterator.forEachRemaining(Iterator.java:116)
	at java.util.Collections$UnmodifiableCollection$1.forEachRemaining(Collections.java:1049)
	at java.util.Spliterators$IteratorSpliterator.forEachRemaining(Spliterators.java:1801)
	at java.util.stream.AbstractPipeline.copyInto(AbstractPipeline.java:481)
	at java.util.stream.AbstractPipeline.wrapAndCopyInto(AbstractPipeline.java:471)
	at java.util.stream.ReduceOps$ReduceOp.evaluateSequential(ReduceOps.java:708)
	at java.util.stream.AbstractPipeline.evaluate(AbstractPipeline.java:234)
	at java.util.stream.ReferencePipeline.collect(ReferencePipeline.java:499)
	at org.springframework.data.repository.core.support.RepositoryFactorySupport$QueryExecutorMethodInterceptor.mapMethodsToQuery(RepositoryFactorySupport.java:561)
	at org.springframework.data.repository.core.support.RepositoryFactorySupport$QueryExecutorMethodInterceptor.lambda$new$0(RepositoryFactorySupport.java:551)
	at java.util.Optional.map(Optional.java:215)
	at org.springframework.data.repository.core.support.RepositoryFactorySupport$QueryExecutorMethodInterceptor.<init>(RepositoryFactorySupport.java:551)
	at org.springframework.data.repository.core.support.RepositoryFactorySupport.getRepository(RepositoryFactorySupport.java:324)
	at org.springframework.data.repository.core.support.RepositoryFactoryBeanSupport.lambda$afterPropertiesSet$5(RepositoryFactoryBeanSupport.java:297)
	at org.springframework.data.util.Lazy.getNullable(Lazy.java:211)
	at org.springframework.data.util.Lazy.get(Lazy.java:94)
	at org.springframework.data.repository.core.support.RepositoryFactoryBeanSupport.afterPropertiesSet(RepositoryFactoryBeanSupport.java:300)
	at org.springframework.data.jpa.repository.support.JpaRepositoryFactoryBean.afterPropertiesSet(JpaRepositoryFactoryBean.java:121)
	at org.springframework.beans.factory.support.AbstractAutowireCapableBeanFactory.invokeInitMethods(AbstractAutowireCapableBeanFactory.java:1837)
	at org.springframework.beans.factory.support.AbstractAutowireCapableBeanFactory.initializeBean(AbstractAutowireCapableBeanFactory.java:1774)
	... 58 common frames omitted
2019-04-25 12:15:35,132 - error - url->http://localhost:3000/cms/log/users
2019-04-25 12:15:38,710 - error - url->http://localhost:3000/cms/user/login
2019-04-25 12:16:00,715 - error - url->http://localhost:3000/cms/user/login
2019-04-25 12:16:07,866 - error - url->http://localhost:3000/cms/user/login
2019-04-25 12:16:21,102 - error - url->http://localhost:3000/cms/user/login
2019-04-25 12:16:25,100 - error - url->http://localhost:3000/cms/log/users
2019-04-25 12:16:33,963 - error - url->http://localhost:3000/cms/log/users
2019-04-25 20:32:00,939 - error - url->http://localhost:3000/cms/log/users
2019-04-25 20:32:04,893 - error - url->http://localhost:3000/cms/user/login
2019-04-25 20:32:07,324 - error - url->http://localhost:3000/cms/log/users
2019-04-25 20:39:56,068 - error - url->http://localhost:3000/cms/log/users
2019-04-25 21:55:32,549 - error - url->http://localhost:3000/cms/log/search
2019-04-25 21:55:36,501 - error - url->http://localhost:3000/cms/user/login
2019-04-25 21:55:38,319 - error - url->http://localhost:3000/cms/log/search
2019-04-25 21:56:00,093 - error - url->http://localhost:3000/cms/log/search
2019-04-25 21:56:00,137 - error - [Log(id=52, message=管理员新建了一个权限组, userId=45, username=123, statusCode=200, method=POST, path=/cms/admin/group, authority=新建权限组, createTime=2019-04-24 10:12:22.0), Log(id=49, message=123登陆成功获取了令牌, userId=45, username=123, statusCode=200, method=POST, path=/user/login, authority=null, createTime=2019-04-24 09:14:09.0), Log(id=48, message=123登陆成功获取了令牌, userId=45, username=123, statusCode=200, method=POST, path=/user/login, authority=null, createTime=2019-04-23 18:08:25.0), Log(id=47, message=123登陆成功获取了令牌, userId=45, username=123, statusCode=200, method=POST, path=/user/login, authority=null, createTime=2019-04-23 16:57:14.0), Log(id=46, message=123登陆成功获取了令牌, userId=45, username=123, statusCode=200, method=POST, path=/user/login, authority=null, createTime=2019-04-23 15:53:11.0), Log(id=32, message=1234登陆成功获取了令牌, userId=3, username=1234, statusCode=200, method=POST, path=/user/login, authority=null, createTime=2019-04-23 11:42:44.0), Log(id=31, message=1234登陆成功获取了令牌, userId=3, username=1234, statusCode=200, method=POST, path=/user/login, authority=null, createTime=2019-04-22 22:13:34.0), Log(id=30, message=1234登陆成功获取了令牌, userId=3, username=1234, statusCode=200, method=POST, path=/user/login, authority=null, createTime=2019-04-22 20:02:18.0), Log(id=29, message=登陆成功获取了令牌, userId=3, username=1234, statusCode=200, method=POST, path=/user/login, authority=null, createTime=2019-04-22 17:40:17.0), Log(id=28, message=登陆成功获取了令牌, userId=3, username=1234, statusCode=200, method=POST, path=/user/login, authority=null, createTime=2019-04-22 17:40:04.0), Log(id=27, message=?????????, userId=3, username=1234, statusCode=200, method=POST, path=/user/login, authority=null, createTime=2019-04-22 17:34:28.0), Log(id=26, message=?????????, userId=3, username=1234, statusCode=200, method=POST, path=/user/login, authority=null, createTime=2019-04-22 17:34:28.0), Log(id=54, message=管理员新建了一个权限组, userId=45, username=123, statusCode=200, method=POST, path=/cms/admin/group, authority=新建权限组, createTime=2019-04-24 10:13:23.0), Log(id=55, message=123登陆成功获取了令牌, userId=45, username=123, statusCode=200, method=POST, path=/user/login, authority=null, createTime=2019-04-24 10:15:04.0), Log(id=57, message=管理员新建了一个权限组, userId=45, username=123, statusCode=200, method=POST, path=/cms/admin/group, authority=新建权限组, createTime=2019-04-24 10:15:18.0), Log(id=59, message=管理员新建了一个权限组, userId=45, username=123, statusCode=200, method=POST, path=/cms/admin/group, authority=新建权限组, createTime=2019-04-24 10:16:21.0), Log(id=61, message=管理员新建了一个权限组, userId=45, username=123, statusCode=200, method=POST, path=/cms/admin/group, authority=新建权限组, createTime=2019-04-24 10:16:47.0), Log(id=63, message=管理员新建了一个权限组, userId=45, username=123, statusCode=200, method=POST, path=/cms/admin/group, authority=新建权限组, createTime=2019-04-24 10:17:28.0), Log(id=67, message=管理员新建了一个权限组, userId=45, username=123, statusCode=200, method=POST, path=/cms/admin/group, authority=新建权限组, createTime=2019-04-24 10:23:47.0), Log(id=69, message=管理员新建了一个权限组, userId=45, username=123, statusCode=200, method=POST, path=/cms/admin/group, authority=新建权限组, createTime=2019-04-24 10:24:37.0), Log(id=71, message=管理员新建了一个权限组, userId=45, username=123, statusCode=200, method=POST, path=/cms/admin/group, authority=新建权限组, createTime=2019-04-24 10:25:26.0), Log(id=73, message=管理员新建了一个权限组, userId=45, username=123, statusCode=200, method=POST, path=/cms/admin/group, authority=新建权限组, createTime=2019-04-24 10:26:42.0), Log(id=76, message=管理员新建了一个权限组, userId=45, username=123, statusCode=200, method=POST, path=/cms/admin/group, authority=新建权限组, createTime=2019-04-24 10:28:06.0), Log(id=78, message=123登陆成功获取了令牌, userId=45, username=123, statusCode=200, method=POST, path=/user/login, authority=null, createTime=2019-04-24 11:12:57.0), Log(id=79, message=管理员删除一个权限组, userId=45, username=123, statusCode=200, method=DELETE, path=/cms/admin/group/74, authority=删除一个权限组, createTime=2019-04-24 11:13:08.0), Log(id=82, message=123登陆成功获取了令牌, userId=45, username=123, statusCode=200, method=POST, path=/user/login, authority=null, createTime=2019-04-24 11:37:32.0), Log(id=83, message=123登陆成功获取了令牌, userId=45, username=123, statusCode=200, method=POST, path=/user/login, authority=null, createTime=2019-04-24 11:38:23.0), Log(id=84, message=123登陆成功获取了令牌, userId=45, username=123, statusCode=200, method=POST, path=/user/login, authority=null, createTime=2019-04-24 11:39:20.0), Log(id=85, message=123登陆成功获取了令牌, userId=45, username=123, statusCode=200, method=POST, path=/user/login, authority=null, createTime=2019-04-24 11:39:51.0), Log(id=88, message=123登陆成功获取了令牌, userId=45, username=123, statusCode=200, method=POST, path=/user/login, authority=null, createTime=2019-04-24 12:43:54.0), Log(id=89, message=123登陆成功获取了令牌, userId=45, username=123, statusCode=200, method=POST, path=/user/login, authority=null, createTime=2019-04-24 14:25:01.0), Log(id=90, message={user.nickname}修改了自己的密码, userId=45, username=123, statusCode=200, method=PUT, path=/cms/user/password/change, authority=修改密码, createTime=2019-04-24 15:06:17.0), Log(id=91, message={user.nickname}修改了自己的密码, userId=45, username=123, statusCode=200, method=PUT, path=/cms/user/password/change, authority=修改密码, createTime=2019-04-24 15:06:52.0), Log(id=92, message=123登陆成功获取了令牌, userId=45, username=123, statusCode=200, method=POST, path=/user/login, authority=null, createTime=2019-04-25 12:16:21.0), Log(id=93, message=123登陆成功获取了令牌, userId=45, username=123, statusCode=200, method=POST, path=/user/login, authority=null, createTime=2019-04-25 20:32:05.0), Log(id=94, message=123登陆成功获取了令牌, userId=45, username=123, statusCode=200, method=POST, path=/user/login, authority=null, createTime=2019-04-25 21:55:36.0)]
2019-04-25 21:58:11,097 - error - url->http://localhost:3000/cms/log/search
2019-04-25 21:58:11,579 - error - [Log(id=52, message=管理员新建了一个权限组, userId=45, username=123, statusCode=200, method=POST, path=/cms/admin/group, authority=新建权限组, createTime=2019-04-24 10:12:22.0), Log(id=49, message=123登陆成功获取了令牌, userId=45, username=123, statusCode=200, method=POST, path=/user/login, authority=null, createTime=2019-04-24 09:14:09.0), Log(id=48, message=123登陆成功获取了令牌, userId=45, username=123, statusCode=200, method=POST, path=/user/login, authority=null, createTime=2019-04-23 18:08:25.0), Log(id=47, message=123登陆成功获取了令牌, userId=45, username=123, statusCode=200, method=POST, path=/user/login, authority=null, createTime=2019-04-23 16:57:14.0), Log(id=46, message=123登陆成功获取了令牌, userId=45, username=123, statusCode=200, method=POST, path=/user/login, authority=null, createTime=2019-04-23 15:53:11.0), Log(id=32, message=1234登陆成功获取了令牌, userId=3, username=1234, statusCode=200, method=POST, path=/user/login, authority=null, createTime=2019-04-23 11:42:44.0), Log(id=31, message=1234登陆成功获取了令牌, userId=3, username=1234, statusCode=200, method=POST, path=/user/login, authority=null, createTime=2019-04-22 22:13:34.0), Log(id=30, message=1234登陆成功获取了令牌, userId=3, username=1234, statusCode=200, method=POST, path=/user/login, authority=null, createTime=2019-04-22 20:02:18.0), Log(id=29, message=登陆成功获取了令牌, userId=3, username=1234, statusCode=200, method=POST, path=/user/login, authority=null, createTime=2019-04-22 17:40:17.0), Log(id=28, message=登陆成功获取了令牌, userId=3, username=1234, statusCode=200, method=POST, path=/user/login, authority=null, createTime=2019-04-22 17:40:04.0), Log(id=27, message=?????????, userId=3, username=1234, statusCode=200, method=POST, path=/user/login, authority=null, createTime=2019-04-22 17:34:28.0), Log(id=26, message=?????????, userId=3, username=1234, statusCode=200, method=POST, path=/user/login, authority=null, createTime=2019-04-22 17:34:28.0), Log(id=54, message=管理员新建了一个权限组, userId=45, username=123, statusCode=200, method=POST, path=/cms/admin/group, authority=新建权限组, createTime=2019-04-24 10:13:23.0), Log(id=55, message=123登陆成功获取了令牌, userId=45, username=123, statusCode=200, method=POST, path=/user/login, authority=null, createTime=2019-04-24 10:15:04.0), Log(id=57, message=管理员新建了一个权限组, userId=45, username=123, statusCode=200, method=POST, path=/cms/admin/group, authority=新建权限组, createTime=2019-04-24 10:15:18.0), Log(id=59, message=管理员新建了一个权限组, userId=45, username=123, statusCode=200, method=POST, path=/cms/admin/group, authority=新建权限组, createTime=2019-04-24 10:16:21.0), Log(id=61, message=管理员新建了一个权限组, userId=45, username=123, statusCode=200, method=POST, path=/cms/admin/group, authority=新建权限组, createTime=2019-04-24 10:16:47.0), Log(id=63, message=管理员新建了一个权限组, userId=45, username=123, statusCode=200, method=POST, path=/cms/admin/group, authority=新建权限组, createTime=2019-04-24 10:17:28.0), Log(id=67, message=管理员新建了一个权限组, userId=45, username=123, statusCode=200, method=POST, path=/cms/admin/group, authority=新建权限组, createTime=2019-04-24 10:23:47.0), Log(id=69, message=管理员新建了一个权限组, userId=45, username=123, statusCode=200, method=POST, path=/cms/admin/group, authority=新建权限组, createTime=2019-04-24 10:24:37.0), Log(id=71, message=管理员新建了一个权限组, userId=45, username=123, statusCode=200, method=POST, path=/cms/admin/group, authority=新建权限组, createTime=2019-04-24 10:25:26.0), Log(id=73, message=管理员新建了一个权限组, userId=45, username=123, statusCode=200, method=POST, path=/cms/admin/group, authority=新建权限组, createTime=2019-04-24 10:26:42.0), Log(id=76, message=管理员新建了一个权限组, userId=45, username=123, statusCode=200, method=POST, path=/cms/admin/group, authority=新建权限组, createTime=2019-04-24 10:28:06.0), Log(id=78, message=123登陆成功获取了令牌, userId=45, username=123, statusCode=200, method=POST, path=/user/login, authority=null, createTime=2019-04-24 11:12:57.0), Log(id=79, message=管理员删除一个权限组, userId=45, username=123, statusCode=200, method=DELETE, path=/cms/admin/group/74, authority=删除一个权限组, createTime=2019-04-24 11:13:08.0), Log(id=82, message=123登陆成功获取了令牌, userId=45, username=123, statusCode=200, method=POST, path=/user/login, authority=null, createTime=2019-04-24 11:37:32.0), Log(id=83, message=123登陆成功获取了令牌, userId=45, username=123, statusCode=200, method=POST, path=/user/login, authority=null, createTime=2019-04-24 11:38:23.0), Log(id=84, message=123登陆成功获取了令牌, userId=45, username=123, statusCode=200, method=POST, path=/user/login, authority=null, createTime=2019-04-24 11:39:20.0), Log(id=85, message=123登陆成功获取了令牌, userId=45, username=123, statusCode=200, method=POST, path=/user/login, authority=null, createTime=2019-04-24 11:39:51.0), Log(id=88, message=123登陆成功获取了令牌, userId=45, username=123, statusCode=200, method=POST, path=/user/login, authority=null, createTime=2019-04-24 12:43:54.0), Log(id=89, message=123登陆成功获取了令牌, userId=45, username=123, statusCode=200, method=POST, path=/user/login, authority=null, createTime=2019-04-24 14:25:01.0), Log(id=90, message={user.nickname}修改了自己的密码, userId=45, username=123, statusCode=200, method=PUT, path=/cms/user/password/change, authority=修改密码, createTime=2019-04-24 15:06:17.0), Log(id=91, message={user.nickname}修改了自己的密码, userId=45, username=123, statusCode=200, method=PUT, path=/cms/user/password/change, authority=修改密码, createTime=2019-04-24 15:06:52.0), Log(id=92, message=123登陆成功获取了令牌, userId=45, username=123, statusCode=200, method=POST, path=/user/login, authority=null, createTime=2019-04-25 12:16:21.0), Log(id=93, message=123登陆成功获取了令牌, userId=45, username=123, statusCode=200, method=POST, path=/user/login, authority=null, createTime=2019-04-25 20:32:05.0), Log(id=94, message=123登陆成功获取了令牌, userId=45, username=123, statusCode=200, method=POST, path=/user/login, authority=null, createTime=2019-04-25 21:55:36.0)]
2019-04-25 21:58:11,580 - error - size = 36
2019-04-25 22:00:40,085 - reportFailure - Application run failed
org.springframework.beans.factory.UnsatisfiedDependencyException: Error creating bean with name 'logController' defined in file [E:\Tools\Java\WorkSpace\Shadow\app\target\classes\com\example\app\controller\cms\LogController.class]: Unsatisfied dependency expressed through constructor parameter 0; nested exception is org.springframework.beans.factory.UnsatisfiedDependencyException: Error creating bean with name 'logResource' defined in file [E:\Tools\Java\WorkSpace\Shadow\core\target\classes\com\example\core\resource\LogResource.class]: Unsatisfied dependency expressed through constructor parameter 0; nested exception is org.springframework.beans.factory.UnsatisfiedDependencyException: Error creating bean with name 'logService' defined in file [E:\Tools\Java\WorkSpace\Shadow\core\target\classes\com\example\core\service\LogService.class]: Unsatisfied dependency expressed through constructor parameter 0; nested exception is org.springframework.beans.factory.BeanCreationException: Error creating bean with name 'logRepository': Invocation of init method failed; nested exception is java.lang.IllegalArgumentException: Paging query needs to have a Pageable parameter! Offending method public abstract org.springframework.data.domain.Page getLogByKeywordAndNameAndTime(java.lang.String)
	at org.springframework.beans.factory.support.ConstructorResolver.createArgumentArray(ConstructorResolver.java:769)
	at org.springframework.beans.factory.support.ConstructorResolver.autowireConstructor(ConstructorResolver.java:218)
	at org.springframework.beans.factory.support.AbstractAutowireCapableBeanFactory.autowireConstructor(AbstractAutowireCapableBeanFactory.java:1341)
	at org.springframework.beans.factory.support.AbstractAutowireCapableBeanFactory.createBeanInstance(AbstractAutowireCapableBeanFactory.java:1187)
	at org.springframework.beans.factory.support.AbstractAutowireCapableBeanFactory.doCreateBean(AbstractAutowireCapableBeanFactory.java:555)
	at org.springframework.beans.factory.support.AbstractAutowireCapableBeanFactory.createBean(AbstractAutowireCapableBeanFactory.java:515)
	at org.springframework.beans.factory.support.AbstractBeanFactory.lambda$doGetBean$0(AbstractBeanFactory.java:320)
	at org.springframework.beans.factory.support.DefaultSingletonBeanRegistry.getSingleton(DefaultSingletonBeanRegistry.java:222)
	at org.springframework.beans.factory.support.AbstractBeanFactory.doGetBean(AbstractBeanFactory.java:318)
	at org.springframework.beans.factory.support.AbstractBeanFactory.getBean(AbstractBeanFactory.java:199)
	at org.springframework.beans.factory.support.DefaultListableBeanFactory.preInstantiateSingletons(DefaultListableBeanFactory.java:849)
	at org.springframework.context.support.AbstractApplicationContext.finishBeanFactoryInitialization(AbstractApplicationContext.java:877)
	at org.springframework.context.support.AbstractApplicationContext.refresh(AbstractApplicationContext.java:549)
	at org.springframework.boot.web.servlet.context.ServletWebServerApplicationContext.refresh(ServletWebServerApplicationContext.java:142)
	at org.springframework.boot.SpringApplication.refresh(SpringApplication.java:775)
	at org.springframework.boot.SpringApplication.refreshContext(SpringApplication.java:397)
	at org.springframework.boot.SpringApplication.run(SpringApplication.java:316)
	at org.springframework.boot.SpringApplication.run(SpringApplication.java:1260)
	at org.springframework.boot.SpringApplication.run(SpringApplication.java:1248)
	at com.example.app.AppApplication.main(AppApplication.java:14)
Caused by: org.springframework.beans.factory.UnsatisfiedDependencyException: Error creating bean with name 'logResource' defined in file [E:\Tools\Java\WorkSpace\Shadow\core\target\classes\com\example\core\resource\LogResource.class]: Unsatisfied dependency expressed through constructor parameter 0; nested exception is org.springframework.beans.factory.UnsatisfiedDependencyException: Error creating bean with name 'logService' defined in file [E:\Tools\Java\WorkSpace\Shadow\core\target\classes\com\example\core\service\LogService.class]: Unsatisfied dependency expressed through constructor parameter 0; nested exception is org.springframework.beans.factory.BeanCreationException: Error creating bean with name 'logRepository': Invocation of init method failed; nested exception is java.lang.IllegalArgumentException: Paging query needs to have a Pageable parameter! Offending method public abstract org.springframework.data.domain.Page getLogByKeywordAndNameAndTime(java.lang.String)
	at org.springframework.beans.factory.support.ConstructorResolver.createArgumentArray(ConstructorResolver.java:769)
	at org.springframework.beans.factory.support.ConstructorResolver.autowireConstructor(ConstructorResolver.java:218)
	at org.springframework.beans.factory.support.AbstractAutowireCapableBeanFactory.autowireConstructor(AbstractAutowireCapableBeanFactory.java:1341)
	at org.springframework.beans.factory.support.AbstractAutowireCapableBeanFactory.createBeanInstance(AbstractAutowireCapableBeanFactory.java:1187)
	at org.springframework.beans.factory.support.AbstractAutowireCapableBeanFactory.doCreateBean(AbstractAutowireCapableBeanFactory.java:555)
	at org.springframework.beans.factory.support.AbstractAutowireCapableBeanFactory.createBean(AbstractAutowireCapableBeanFactory.java:515)
	at org.springframework.beans.factory.support.AbstractBeanFactory.lambda$doGetBean$0(AbstractBeanFactory.java:320)
	at org.springframework.beans.factory.support.DefaultSingletonBeanRegistry.getSingleton(DefaultSingletonBeanRegistry.java:222)
	at org.springframework.beans.factory.support.AbstractBeanFactory.doGetBean(AbstractBeanFactory.java:318)
	at org.springframework.beans.factory.support.AbstractBeanFactory.getBean(AbstractBeanFactory.java:199)
	at org.springframework.beans.factory.config.DependencyDescriptor.resolveCandidate(DependencyDescriptor.java:277)
	at org.springframework.beans.factory.support.DefaultListableBeanFactory.doResolveDependency(DefaultListableBeanFactory.java:1247)
	at org.springframework.beans.factory.support.DefaultListableBeanFactory.resolveDependency(DefaultListableBeanFactory.java:1167)
	at org.springframework.beans.factory.support.ConstructorResolver.resolveAutowiredArgument(ConstructorResolver.java:857)
	at org.springframework.beans.factory.support.ConstructorResolver.createArgumentArray(ConstructorResolver.java:760)
	... 19 common frames omitted
Caused by: org.springframework.beans.factory.UnsatisfiedDependencyException: Error creating bean with name 'logService' defined in file [E:\Tools\Java\WorkSpace\Shadow\core\target\classes\com\example\core\service\LogService.class]: Unsatisfied dependency expressed through constructor parameter 0; nested exception is org.springframework.beans.factory.BeanCreationException: Error creating bean with name 'logRepository': Invocation of init method failed; nested exception is java.lang.IllegalArgumentException: Paging query needs to have a Pageable parameter! Offending method public abstract org.springframework.data.domain.Page getLogByKeywordAndNameAndTime(java.lang.String)
	at org.springframework.beans.factory.support.ConstructorResolver.createArgumentArray(ConstructorResolver.java:769)
	at org.springframework.beans.factory.support.ConstructorResolver.autowireConstructor(ConstructorResolver.java:218)
	at org.springframework.beans.factory.support.AbstractAutowireCapableBeanFactory.autowireConstructor(AbstractAutowireCapableBeanFactory.java:1341)
	at org.springframework.beans.factory.support.AbstractAutowireCapableBeanFactory.createBeanInstance(AbstractAutowireCapableBeanFactory.java:1187)
	at org.springframework.beans.factory.support.AbstractAutowireCapableBeanFactory.doCreateBean(AbstractAutowireCapableBeanFactory.java:555)
	at org.springframework.beans.factory.support.AbstractAutowireCapableBeanFactory.createBean(AbstractAutowireCapableBeanFactory.java:515)
	at org.springframework.beans.factory.support.AbstractBeanFactory.lambda$doGetBean$0(AbstractBeanFactory.java:320)
	at org.springframework.beans.factory.support.DefaultSingletonBeanRegistry.getSingleton(DefaultSingletonBeanRegistry.java:222)
	at org.springframework.beans.factory.support.AbstractBeanFactory.doGetBean(AbstractBeanFactory.java:318)
	at org.springframework.beans.factory.support.AbstractBeanFactory.getBean(AbstractBeanFactory.java:199)
	at org.springframework.beans.factory.config.DependencyDescriptor.resolveCandidate(DependencyDescriptor.java:277)
	at org.springframework.beans.factory.support.DefaultListableBeanFactory.doResolveDependency(DefaultListableBeanFactory.java:1247)
	at org.springframework.beans.factory.support.DefaultListableBeanFactory.resolveDependency(DefaultListableBeanFactory.java:1167)
	at org.springframework.beans.factory.support.ConstructorResolver.resolveAutowiredArgument(ConstructorResolver.java:857)
	at org.springframework.beans.factory.support.ConstructorResolver.createArgumentArray(ConstructorResolver.java:760)
	... 33 common frames omitted
Caused by: org.springframework.beans.factory.BeanCreationException: Error creating bean with name 'logRepository': Invocation of init method failed; nested exception is java.lang.IllegalArgumentException: Paging query needs to have a Pageable parameter! Offending method public abstract org.springframework.data.domain.Page getLogByKeywordAndNameAndTime(java.lang.String)
	at org.springframework.beans.factory.support.AbstractAutowireCapableBeanFactory.initializeBean(AbstractAutowireCapableBeanFactory.java:1778)
	at org.springframework.beans.factory.support.AbstractAutowireCapableBeanFactory.doCreateBean(AbstractAutowireCapableBeanFactory.java:593)
	at org.springframework.beans.factory.support.AbstractAutowireCapableBeanFactory.createBean(AbstractAutowireCapableBeanFactory.java:515)
	at org.springframework.beans.factory.support.AbstractBeanFactory.lambda$doGetBean$0(AbstractBeanFactory.java:320)
	at org.springframework.beans.factory.support.DefaultSingletonBeanRegistry.getSingleton(DefaultSingletonBeanRegistry.java:222)
	at org.springframework.beans.factory.support.AbstractBeanFactory.doGetBean(AbstractBeanFactory.java:318)
	at org.springframework.beans.factory.support.AbstractBeanFactory.getBean(AbstractBeanFactory.java:199)
	at org.springframework.beans.factory.config.DependencyDescriptor.resolveCandidate(DependencyDescriptor.java:277)
	at org.springframework.beans.factory.support.DefaultListableBeanFactory.doResolveDependency(DefaultListableBeanFactory.java:1247)
	at org.springframework.beans.factory.support.DefaultListableBeanFactory.resolveDependency(DefaultListableBeanFactory.java:1167)
	at org.springframework.beans.factory.support.ConstructorResolver.resolveAutowiredArgument(ConstructorResolver.java:857)
	at org.springframework.beans.factory.support.ConstructorResolver.createArgumentArray(ConstructorResolver.java:760)
	... 47 common frames omitted
Caused by: java.lang.IllegalArgumentException: Paging query needs to have a Pageable parameter! Offending method public abstract org.springframework.data.domain.Page getLogByKeywordAndNameAndTime(java.lang.String)
	at org.springframework.util.Assert.isTrue(Assert.java:118)
	at org.springframework.data.repository.query.QueryMethod.<init>(QueryMethod.java:99)
	at org.springframework.data.jpa.repository.query.JpaQueryMethod.<init>(JpaQueryMethod.java:94)
	at org.springframework.data.jpa.repository.query.JpaQueryLookupStrategy$AbstractQueryLookupStrategy.resolveQuery(JpaQueryLookupStrategy.java:79)
	at org.springframework.data.repository.core.support.RepositoryFactorySupport$QueryExecutorMethodInterceptor.lookupQuery(RepositoryFactorySupport.java:566)
	at org.springframework.data.repository.core.support.RepositoryFactorySupport$QueryExecutorMethodInterceptor.lambda$mapMethodsToQuery$1(RepositoryFactorySupport.java:559)
	at java.util.stream.ReferencePipeline$3$1.accept(ReferencePipeline.java:193)
	at java.util.Iterator.forEachRemaining(Iterator.java:116)
	at java.util.Collections$UnmodifiableCollection$1.forEachRemaining(Collections.java:1049)
	at java.util.Spliterators$IteratorSpliterator.forEachRemaining(Spliterators.java:1801)
	at java.util.stream.AbstractPipeline.copyInto(AbstractPipeline.java:481)
	at java.util.stream.AbstractPipeline.wrapAndCopyInto(AbstractPipeline.java:471)
	at java.util.stream.ReduceOps$ReduceOp.evaluateSequential(ReduceOps.java:708)
	at java.util.stream.AbstractPipeline.evaluate(AbstractPipeline.java:234)
	at java.util.stream.ReferencePipeline.collect(ReferencePipeline.java:499)
	at org.springframework.data.repository.core.support.RepositoryFactorySupport$QueryExecutorMethodInterceptor.mapMethodsToQuery(RepositoryFactorySupport.java:561)
	at org.springframework.data.repository.core.support.RepositoryFactorySupport$QueryExecutorMethodInterceptor.lambda$new$0(RepositoryFactorySupport.java:551)
	at java.util.Optional.map(Optional.java:215)
	at org.springframework.data.repository.core.support.RepositoryFactorySupport$QueryExecutorMethodInterceptor.<init>(RepositoryFactorySupport.java:551)
	at org.springframework.data.repository.core.support.RepositoryFactorySupport.getRepository(RepositoryFactorySupport.java:324)
	at org.springframework.data.repository.core.support.RepositoryFactoryBeanSupport.lambda$afterPropertiesSet$5(RepositoryFactoryBeanSupport.java:297)
	at org.springframework.data.util.Lazy.getNullable(Lazy.java:211)
	at org.springframework.data.util.Lazy.get(Lazy.java:94)
	at org.springframework.data.repository.core.support.RepositoryFactoryBeanSupport.afterPropertiesSet(RepositoryFactoryBeanSupport.java:300)
	at org.springframework.data.jpa.repository.support.JpaRepositoryFactoryBean.afterPropertiesSet(JpaRepositoryFactoryBean.java:121)
	at org.springframework.beans.factory.support.AbstractAutowireCapableBeanFactory.invokeInitMethods(AbstractAutowireCapableBeanFactory.java:1837)
	at org.springframework.beans.factory.support.AbstractAutowireCapableBeanFactory.initializeBean(AbstractAutowireCapableBeanFactory.java:1774)
	... 58 common frames omitted
2019-04-25 22:02:12,938 - error - url->http://localhost:3000/cms/log/search
2019-04-25 22:02:13,445 - error - Page 1 of 4 containing com.example.core.bean.db.Log instances
2019-04-25 22:02:13,445 - error - size = 36
2019-04-25 22:08:29,240 - error - url->http://localhost:3000/cms/log/search
2019-04-25 22:08:29,733 - error - size = 36
2019-04-25 22:08:29,737 - error - size = 36
2019-04-25 22:24:50,152 - error - url->http://localhost:3000/cms/log/search
2019-04-25 22:24:50,609 - error - -------------------------------------------------
2019-04-25 22:24:50,609 - error - java.lang.NullPointerException
2019-04-25 22:24:50,609 - error - -------------------------------------------------
2019-04-25 22:26:25,337 - error - url->http://localhost:3000/cms/log/search
2019-04-25 22:26:25,805 - error - -------------------------------------------------
2019-04-25 22:26:25,805 - error - java.lang.NullPointerException
2019-04-25 22:26:25,806 - error - -------------------------------------------------
2019-04-25 22:27:07,739 - error - url->http://localhost:3000/cms/log/search
2019-04-25 22:27:08,303 - error - -------------------------------------------------
2019-04-25 22:27:08,304 - error - java.lang.NullPointerException
2019-04-25 22:27:08,304 - error - -------------------------------------------------
2019-04-25 22:28:52,890 - error - url->http://localhost:3000/cms/log/search
2019-04-25 22:29:10,717 - error - -------------------------------------------------
2019-04-25 22:29:10,717 - error - java.lang.NullPointerException
2019-04-25 22:29:10,717 - error - -------------------------------------------------
2019-04-25 22:29:53,407 - error - url->http://localhost:3000/cms/log/search
2019-04-25 22:29:53,923 - error - size = 10
2019-04-25 22:29:53,923 - error - Page 1 of 0 containing UNKNOWN instances
2019-04-25 22:31:47,042 - error - url->http://localhost:3000/cms/log/search
2019-04-25 22:31:47,527 - error - size = 10
2019-04-25 22:31:47,528 - error - Page 1 of 0 containing UNKNOWN instances
2019-04-25 22:53:00,456 - error - url->http://localhost:3000/cms/log/search
2019-04-25 22:53:17,306 - error - url->http://localhost:3000/cms/log/search
2019-04-25 22:55:18,003 - error - url->http://localhost:3000/cms/log/search
2019-04-25 22:55:32,780 - error - url->http://localhost:3000/cms/log/search
2019-04-25 22:55:35,939 - error - url->http://localhost:3000/cms/log/search
2019-04-25 22:55:43,702 - error - url->http://localhost:3000/cms/log/search
2019-04-25 22:55:57,546 - error - url->http://localhost:3000/cms/user/login
2019-04-25 22:56:11,052 - error - url->http://localhost:3000/cms/log/search
2019-04-25 22:56:15,027 - error - url->http://localhost:3000/cms/log/search
2019-04-25 22:56:18,708 - error - url->http://localhost:3000/cms/log/search
2019-04-25 22:56:25,084 - error - url->http://localhost:3000/cms/log/search
2019-04-25 22:58:58,082 - error - url->http://localhost:3000/cms/log/search
2019-04-25 22:59:26,194 - error - url->http://localhost:3000/cms/log/search
2019-04-25 23:00:56,245 - error - url->http://localhost:3000/cms/log/search
2019-04-25 23:03:11,333 - error - url->http://localhost:3000/cms/log/search
2019-04-25 23:03:45,786 - error - url->http://localhost:3000/cms/log/search
2019-04-25 23:04:54,002 - error - url->http://localhost:3000/cms/log/search
2019-04-25 23:05:19,950 - error - url->http://localhost:3000/cms/log/search
2019-04-25 23:05:23,499 - error - url->http://localhost:3000/cms/log/search
2019-04-25 23:07:54,577 - error - url->http://localhost:3000/cms/log/search
2019-04-25 23:08:26,431 - error - url->http://localhost:3000/cms/log/search
2019-04-25 23:12:03,258 - error - url->http://localhost:3000/cms/log/search
2019-04-25 23:28:15,110 - error - url->http://localhost:3000/cms/log
2019-04-25 23:28:15,599 - logExceptions - Unknown column 'createTime' in 'order clause'
2019-04-25 23:28:15,624 - error - -------------------------------------------------
2019-04-25 23:28:15,625 - error - org.springframework.dao.InvalidDataAccessResourceUsageException: could not extract ResultSet; SQL [n/a]; nested exception is org.hibernate.exception.SQLGrammarException: could not extract ResultSet
2019-04-25 23:28:15,625 - error - -------------------------------------------------
2019-04-25 23:29:20,703 - error - url->http://localhost:3000/cms/log
2019-04-25 23:29:20,714 - logExceptions - Unknown column 'createTime' in 'order clause'
2019-04-25 23:29:20,714 - error - -------------------------------------------------
2019-04-25 23:29:20,715 - error - org.springframework.dao.InvalidDataAccessResourceUsageException: could not extract ResultSet; SQL [n/a]; nested exception is org.hibernate.exception.SQLGrammarException: could not extract ResultSet
2019-04-25 23:29:20,715 - error - -------------------------------------------------
2019-04-25 23:30:15,741 - error - url->http://localhost:3000/cms/log
2019-04-25 23:30:31,830 - error - url->http://localhost:3000/cms/log
2019-04-25 23:30:36,694 - error - url->http://localhost:3000/cms/log
2019-04-25 23:31:19,504 - error - url->http://localhost:3000/cms/log
2019-04-25 23:31:29,752 - error - url->http://localhost:3000/cms/log
2019-04-25 23:31:43,498 - error - url->http://localhost:3000/cms/log
2019-04-25 23:31:55,370 - error - url->http://localhost:3000/cms/log
2019-04-25 23:32:13,255 - error - url->http://localhost:3000/cms/log/search
2019-04-25 23:32:13,345 - logExceptions - Unknown column 'createTime' in 'order clause'
2019-04-25 23:32:13,357 - error - -------------------------------------------------
2019-04-25 23:32:13,357 - error - org.springframework.dao.InvalidDataAccessResourceUsageException: could not extract ResultSet; SQL [n/a]; nested exception is org.hibernate.exception.SQLGrammarException: could not extract ResultSet
2019-04-25 23:32:13,357 - error - -------------------------------------------------
2019-04-25 23:54:22,537 - error - url->http://localhost:3000/cms/admin/groups
2019-04-25 23:54:57,684 - error - url->http://localhost:3000/cms/user/login
2019-04-25 23:55:24,121 - error - url->http://localhost:3000/cms/admin/group
2019-04-25 23:55:34,466 - error - url->http://localhost:3000/cms/admin/group
2019-04-25 23:55:55,133 - error - url->http://localhost:3000/cms/admin/group
