2019-04-27 14:09:20,432 -- logStarting - Starting AppApplication on DESKTOP-2RE8KLJ with PID 2316 (E:\Tools\Java\WorkSpace\Shadow\app\target\classes started by HyZhan in E:\Tools\Java\WorkSpace\Shadow)
2019-04-27 14:09:20,435 -- logStartupProfileInfo - The following profiles are active: dev
2019-04-27 14:09:21,425 -- registerRepositoriesIn - Bootstrapping Spring Data repositories in DEFAULT mode.
2019-04-27 14:09:21,518 -- registerRepositoriesIn - Finished Spring Data repository scanning in 87ms. Found 6 repository interfaces.
2019-04-27 14:09:21,813 -- postProcessAfterInitialization - Bean 'org.springframework.transaction.annotation.ProxyTransactionManagementConfiguration' of type [org.springframework.transaction.annotation.ProxyTransactionManagementConfiguration$$EnhancerBySpringCGLIB$$39e1c174] is not eligible for getting processed by all BeanPostProcessors (for example: not eligible for auto-proxying)
2019-04-27 14:09:22,156 -- initialize - Tomcat initialized with port(s): 3000 (http)
2019-04-27 14:09:22,170 -- log - Initializing ProtocolHandler ["http-nio-3000"]
2019-04-27 14:09:22,177 -- log - Starting service [Tomcat]
2019-04-27 14:09:22,178 -- log - Starting Servlet engine: [Apache Tomcat/9.0.17]
2019-04-27 14:09:22,291 -- log - Initializing Spring embedded WebApplicationContext
2019-04-27 14:09:22,291 -- prepareWebApplicationContext - Root WebApplicationContext: initialization completed in 1789 ms
2019-04-27 14:09:22,432 -- getConnection - HikariPool-1 - Starting...
2019-04-27 14:09:22,604 -- getConnection - HikariPool-1 - Start completed.
2019-04-27 14:09:22,659 -- logPersistenceUnitInformation - HHH000204: Processing PersistenceUnitInfo [
	name: default
	...]
2019-04-27 14:09:22,731 -- logVersion - HHH000412: Hibernate Core {5.3.9.Final}
2019-04-27 14:09:22,732 -- <clinit> - HHH000206: hibernate.properties not found
2019-04-27 14:09:22,877 -- <clinit> - HCANN000001: Hibernate Commons Annotations {5.0.4.Final}
2019-04-27 14:09:23,127 -- <init> - HHH000400: Using dialect: org.hibernate.dialect.MySQL5Dialect
2019-04-27 14:09:24,124 -- buildNativeEntityManagerFactory - Initialized JPA EntityManagerFactory for persistence unit 'default'
2019-04-27 14:09:24,555 -- refresh - Exception encountered during context initialization - cancelling refresh attempt: org.springframework.beans.factory.UnsatisfiedDependencyException: Error creating bean with name 'bookController' defined in file [E:\Tools\Java\WorkSpace\Shadow\app\target\classes\com\example\app\controller\v1\BookController.class]: Unsatisfied dependency expressed through constructor parameter 0; nested exception is org.springframework.beans.factory.UnsatisfiedDependencyException: Error creating bean with name 'bookResource' defined in file [E:\Tools\Java\WorkSpace\Shadow\app\target\classes\com\example\app\resource\BookResource.class]: Unsatisfied dependency expressed through constructor parameter 0; nested exception is org.springframework.beans.factory.UnsatisfiedDependencyException: Error creating bean with name 'bookService' defined in file [E:\Tools\Java\WorkSpace\Shadow\app\target\classes\com\example\app\service\BookService.class]: Unsatisfied dependency expressed through constructor parameter 0; nested exception is org.springframework.beans.factory.BeanCreationException: Error creating bean with name 'bookRepository': Invocation of init method failed; nested exception is java.lang.IllegalArgumentException: Paging query needs to have a Pageable parameter! Offending method public abstract org.springframework.data.domain.Page BookRepository.findByTitleLike(java.lang.String)
2019-04-27 14:09:24,556 -- destroy - Closing JPA EntityManagerFactory for persistence unit 'default'
2019-04-27 14:09:24,558 -- close - HikariPool-1 - Shutdown initiated...
2019-04-27 14:09:24,562 -- close - HikariPool-1 - Shutdown completed.
2019-04-27 14:09:24,564 -- log - Stopping service [Tomcat]
2019-04-27 14:09:24,573 -- logMessage - 

Error starting ApplicationContext. To display the conditions report re-run your application with 'debug' enabled.
2019-04-27 14:10:15,046 -- logStarting - Starting AppApplication on DESKTOP-2RE8KLJ with PID 7512 (E:\Tools\Java\WorkSpace\Shadow\app\target\classes started by HyZhan in E:\Tools\Java\WorkSpace\Shadow)
2019-04-27 14:10:15,050 -- logStartupProfileInfo - The following profiles are active: dev
2019-04-27 14:10:15,881 -- registerRepositoriesIn - Bootstrapping Spring Data repositories in DEFAULT mode.
2019-04-27 14:10:15,967 -- registerRepositoriesIn - Finished Spring Data repository scanning in 81ms. Found 6 repository interfaces.
2019-04-27 14:10:16,236 -- postProcessAfterInitialization - Bean 'org.springframework.transaction.annotation.ProxyTransactionManagementConfiguration' of type [org.springframework.transaction.annotation.ProxyTransactionManagementConfiguration$$EnhancerBySpringCGLIB$$d98e107] is not eligible for getting processed by all BeanPostProcessors (for example: not eligible for auto-proxying)
2019-04-27 14:10:16,507 -- initialize - Tomcat initialized with port(s): 3000 (http)
2019-04-27 14:10:16,519 -- log - Initializing ProtocolHandler ["http-nio-3000"]
2019-04-27 14:10:16,526 -- log - Starting service [Tomcat]
2019-04-27 14:10:16,527 -- log - Starting Servlet engine: [Apache Tomcat/9.0.17]
2019-04-27 14:10:16,639 -- log - Initializing Spring embedded WebApplicationContext
2019-04-27 14:10:16,640 -- prepareWebApplicationContext - Root WebApplicationContext: initialization completed in 1513 ms
2019-04-27 14:10:16,769 -- getConnection - HikariPool-1 - Starting...
2019-04-27 14:10:16,857 -- getConnection - HikariPool-1 - Start completed.
2019-04-27 14:10:16,956 -- logPersistenceUnitInformation - HHH000204: Processing PersistenceUnitInfo [
	name: default
	...]
2019-04-27 14:10:17,020 -- logVersion - HHH000412: Hibernate Core {5.3.9.Final}
2019-04-27 14:10:17,021 -- <clinit> - HHH000206: hibernate.properties not found
2019-04-27 14:10:17,123 -- <clinit> - HCANN000001: Hibernate Commons Annotations {5.0.4.Final}
2019-04-27 14:10:17,236 -- <init> - HHH000400: Using dialect: org.hibernate.dialect.MySQL5Dialect
2019-04-27 14:10:17,933 -- buildNativeEntityManagerFactory - Initialized JPA EntityManagerFactory for persistence unit 'default'
2019-04-27 14:10:18,312 -- refresh - Exception encountered during context initialization - cancelling refresh attempt: org.springframework.beans.factory.UnsatisfiedDependencyException: Error creating bean with name 'bookController' defined in file [E:\Tools\Java\WorkSpace\Shadow\app\target\classes\com\example\app\controller\v1\BookController.class]: Unsatisfied dependency expressed through constructor parameter 0; nested exception is org.springframework.beans.factory.UnsatisfiedDependencyException: Error creating bean with name 'bookResource' defined in file [E:\Tools\Java\WorkSpace\Shadow\app\target\classes\com\example\app\resource\BookResource.class]: Unsatisfied dependency expressed through constructor parameter 0; nested exception is org.springframework.beans.factory.UnsatisfiedDependencyException: Error creating bean with name 'bookService' defined in file [E:\Tools\Java\WorkSpace\Shadow\app\target\classes\com\example\app\service\BookService.class]: Unsatisfied dependency expressed through constructor parameter 0; nested exception is org.springframework.beans.factory.BeanCreationException: Error creating bean with name 'bookRepository': Invocation of init method failed; nested exception is java.lang.IllegalArgumentException: Paging query needs to have a Pageable parameter! Offending method public abstract org.springframework.data.domain.Page BookRepository.findByTitleLike(java.lang.String)
2019-04-27 14:10:18,313 -- destroy - Closing JPA EntityManagerFactory for persistence unit 'default'
2019-04-27 14:10:18,316 -- close - HikariPool-1 - Shutdown initiated...
2019-04-27 14:10:18,319 -- close - HikariPool-1 - Shutdown completed.
2019-04-27 14:10:18,321 -- log - Stopping service [Tomcat]
2019-04-27 14:10:18,331 -- logMessage - 

Error starting ApplicationContext. To display the conditions report re-run your application with 'debug' enabled.
2019-04-27 14:13:15,525 -- logStarting - Starting AppApplication on DESKTOP-2RE8KLJ with PID 8400 (E:\Tools\Java\WorkSpace\Shadow\app\target\classes started by HyZhan in E:\Tools\Java\WorkSpace\Shadow)
2019-04-27 14:13:15,528 -- logStartupProfileInfo - The following profiles are active: dev
2019-04-27 14:13:16,234 -- registerRepositoriesIn - Bootstrapping Spring Data repositories in DEFAULT mode.
2019-04-27 14:13:16,326 -- registerRepositoriesIn - Finished Spring Data repository scanning in 85ms. Found 6 repository interfaces.
2019-04-27 14:13:16,595 -- postProcessAfterInitialization - Bean 'org.springframework.transaction.annotation.ProxyTransactionManagementConfiguration' of type [org.springframework.transaction.annotation.ProxyTransactionManagementConfiguration$$EnhancerBySpringCGLIB$$9791eecc] is not eligible for getting processed by all BeanPostProcessors (for example: not eligible for auto-proxying)
2019-04-27 14:13:16,874 -- initialize - Tomcat initialized with port(s): 3000 (http)
2019-04-27 14:13:16,885 -- log - Initializing ProtocolHandler ["http-nio-3000"]
2019-04-27 14:13:16,893 -- log - Starting service [Tomcat]
2019-04-27 14:13:16,893 -- log - Starting Servlet engine: [Apache Tomcat/9.0.17]
2019-04-27 14:13:16,995 -- log - Initializing Spring embedded WebApplicationContext
2019-04-27 14:13:16,996 -- prepareWebApplicationContext - Root WebApplicationContext: initialization completed in 1397 ms
2019-04-27 14:13:17,133 -- getConnection - HikariPool-1 - Starting...
2019-04-27 14:13:17,285 -- getConnection - HikariPool-1 - Start completed.
2019-04-27 14:13:17,334 -- logPersistenceUnitInformation - HHH000204: Processing PersistenceUnitInfo [
	name: default
	...]
2019-04-27 14:13:17,383 -- logVersion - HHH000412: Hibernate Core {5.3.9.Final}
2019-04-27 14:13:17,384 -- <clinit> - HHH000206: hibernate.properties not found
2019-04-27 14:13:17,488 -- <clinit> - HCANN000001: Hibernate Commons Annotations {5.0.4.Final}
2019-04-27 14:13:17,604 -- <init> - HHH000400: Using dialect: org.hibernate.dialect.MySQL5Dialect
2019-04-27 14:13:18,302 -- buildNativeEntityManagerFactory - Initialized JPA EntityManagerFactory for persistence unit 'default'
2019-04-27 14:13:18,899 -- initialize - Initializing ExecutorService 'applicationTaskExecutor'
2019-04-27 14:13:18,937 -- openEntityManagerInViewInterceptor - spring.jpa.open-in-view is enabled by default. Therefore, database queries may be performed during view rendering. Explicitly configure spring.jpa.open-in-view to disable this warning
2019-04-27 14:13:19,046 -- <init> - Adding welcome page: class path resource [doc/index.html]
2019-04-27 14:13:19,127 -- log - Starting ProtocolHandler ["http-nio-3000"]
2019-04-27 14:13:19,147 -- start - Tomcat started on port(s): 3000 (http) with context path ''
2019-04-27 14:13:19,149 -- logStarted - Started AppApplication in 4.229 seconds (JVM running for 4.778)
2019-04-27 14:13:40,450 -- log - Initializing Spring DispatcherServlet 'dispatcherServlet'
2019-04-27 14:13:40,451 -- initServletBean - Initializing Servlet 'dispatcherServlet'
2019-04-27 14:13:40,458 -- initServletBean - Completed initialization in 6 ms
2019-04-27 14:13:50,334 -- initiateService - HHH000397: Using ASTQueryTranslatorFactory
2019-04-27 14:14:22,936 -- logStarting - Starting AppApplication on DESKTOP-2RE8KLJ with PID 4156 (E:\Tools\Java\WorkSpace\Shadow\app\target\classes started by HyZhan in E:\Tools\Java\WorkSpace\Shadow)
2019-04-27 14:14:22,939 -- logStartupProfileInfo - The following profiles are active: dev
2019-04-27 14:14:23,674 -- registerRepositoriesIn - Bootstrapping Spring Data repositories in DEFAULT mode.
2019-04-27 14:14:23,764 -- registerRepositoriesIn - Finished Spring Data repository scanning in 83ms. Found 6 repository interfaces.
2019-04-27 14:14:24,032 -- postProcessAfterInitialization - Bean 'org.springframework.transaction.annotation.ProxyTransactionManagementConfiguration' of type [org.springframework.transaction.annotation.ProxyTransactionManagementConfiguration$$EnhancerBySpringCGLIB$$6ec011cf] is not eligible for getting processed by all BeanPostProcessors (for example: not eligible for auto-proxying)
2019-04-27 14:14:24,287 -- initialize - Tomcat initialized with port(s): 3000 (http)
2019-04-27 14:14:24,299 -- log - Initializing ProtocolHandler ["http-nio-3000"]
2019-04-27 14:14:24,306 -- log - Starting service [Tomcat]
2019-04-27 14:14:24,306 -- log - Starting Servlet engine: [Apache Tomcat/9.0.17]
2019-04-27 14:14:24,427 -- log - Initializing Spring embedded WebApplicationContext
2019-04-27 14:14:24,427 -- prepareWebApplicationContext - Root WebApplicationContext: initialization completed in 1405 ms
2019-04-27 14:14:24,655 -- getConnection - HikariPool-1 - Starting...
2019-04-27 14:14:24,815 -- getConnection - HikariPool-1 - Start completed.
2019-04-27 14:14:24,862 -- logPersistenceUnitInformation - HHH000204: Processing PersistenceUnitInfo [
	name: default
	...]
2019-04-27 14:14:24,909 -- logVersion - HHH000412: Hibernate Core {5.3.9.Final}
2019-04-27 14:14:24,911 -- <clinit> - HHH000206: hibernate.properties not found
2019-04-27 14:14:25,019 -- <clinit> - HCANN000001: Hibernate Commons Annotations {5.0.4.Final}
2019-04-27 14:14:25,132 -- <init> - HHH000400: Using dialect: org.hibernate.dialect.MySQL5Dialect
2019-04-27 14:14:25,784 -- buildNativeEntityManagerFactory - Initialized JPA EntityManagerFactory for persistence unit 'default'
2019-04-27 14:14:26,333 -- initialize - Initializing ExecutorService 'applicationTaskExecutor'
2019-04-27 14:14:26,370 -- openEntityManagerInViewInterceptor - spring.jpa.open-in-view is enabled by default. Therefore, database queries may be performed during view rendering. Explicitly configure spring.jpa.open-in-view to disable this warning
2019-04-27 14:14:26,475 -- <init> - Adding welcome page: class path resource [doc/index.html]
2019-04-27 14:14:26,560 -- log - Starting ProtocolHandler ["http-nio-3000"]
2019-04-27 14:14:26,582 -- start - Tomcat started on port(s): 3000 (http) with context path ''
2019-04-27 14:14:26,584 -- logStarted - Started AppApplication in 4.193 seconds (JVM running for 4.756)
2019-04-27 14:14:29,740 -- log - Initializing Spring DispatcherServlet 'dispatcherServlet'
2019-04-27 14:14:29,740 -- initServletBean - Initializing Servlet 'dispatcherServlet'
2019-04-27 14:14:29,747 -- initServletBean - Completed initialization in 7 ms
2019-04-27 14:14:29,846 -- initiateService - HHH000397: Using ASTQueryTranslatorFactory
2019-04-27 19:09:40,626 -- logStarting - Starting AppApplication on DESKTOP-2RE8KLJ with PID 13560 (E:\Tools\Java\WorkSpace\Shadow\app\target\classes started by HyZhan in E:\Tools\Java\WorkSpace\Shadow)
2019-04-27 19:09:40,629 -- logStartupProfileInfo - The following profiles are active: dev
2019-04-27 19:09:41,646 -- registerRepositoriesIn - Bootstrapping Spring Data repositories in DEFAULT mode.
2019-04-27 19:09:41,735 -- registerRepositoriesIn - Finished Spring Data repository scanning in 83ms. Found 6 repository interfaces.
2019-04-27 19:09:42,011 -- postProcessAfterInitialization - Bean 'org.springframework.transaction.annotation.ProxyTransactionManagementConfiguration' of type [org.springframework.transaction.annotation.ProxyTransactionManagementConfiguration$$EnhancerBySpringCGLIB$$b3a8a581] is not eligible for getting processed by all BeanPostProcessors (for example: not eligible for auto-proxying)
2019-04-27 19:09:42,278 -- initialize - Tomcat initialized with port(s): 3000 (http)
2019-04-27 19:09:42,289 -- log - Initializing ProtocolHandler ["http-nio-3000"]
2019-04-27 19:09:42,296 -- log - Starting service [Tomcat]
2019-04-27 19:09:42,297 -- log - Starting Servlet engine: [Apache Tomcat/9.0.17]
2019-04-27 19:09:42,394 -- log - Initializing Spring embedded WebApplicationContext
2019-04-27 19:09:42,395 -- prepareWebApplicationContext - Root WebApplicationContext: initialization completed in 1718 ms
2019-04-27 19:09:42,530 -- getConnection - HikariPool-1 - Starting...
2019-04-27 19:09:44,674 -- getDatabase - Unable to determine jdbc url from datasource
org.springframework.jdbc.support.MetaDataAccessException: Could not get Connection for extracting meta-data; nested exception is org.springframework.jdbc.CannotGetJdbcConnectionException: Failed to obtain JDBC Connection; nested exception is com.mysql.cj.jdbc.exceptions.CommunicationsException: Communications link failure

The last packet sent successfully to the server was 0 milliseconds ago. The driver has not received any packets from the server.
	at org.springframework.jdbc.support.JdbcUtils.extractDatabaseMetaData(JdbcUtils.java:328)
	at org.springframework.jdbc.support.JdbcUtils.extractDatabaseMetaData(JdbcUtils.java:356)
	at org.springframework.boot.autoconfigure.orm.jpa.DatabaseLookup.getDatabase(DatabaseLookup.java:73)
	at org.springframework.boot.autoconfigure.orm.jpa.JpaProperties.determineDatabase(JpaProperties.java:142)
	at org.springframework.boot.autoconfigure.orm.jpa.JpaBaseConfiguration.jpaVendorAdapter(JpaBaseConfiguration.java:113)
	at org.springframework.boot.autoconfigure.orm.jpa.HibernateJpaConfiguration$$EnhancerBySpringCGLIB$$d27f67f0.CGLIB$jpaVendorAdapter$5(<generated>)
	at org.springframework.boot.autoconfigure.orm.jpa.HibernateJpaConfiguration$$EnhancerBySpringCGLIB$$d27f67f0$$FastClassBySpringCGLIB$$cadd7e17.invoke(<generated>)
	at org.springframework.cglib.proxy.MethodProxy.invokeSuper(MethodProxy.java:244)
	at org.springframework.context.annotation.ConfigurationClassEnhancer$BeanMethodInterceptor.intercept(ConfigurationClassEnhancer.java:363)
	at org.springframework.boot.autoconfigure.orm.jpa.HibernateJpaConfiguration$$EnhancerBySpringCGLIB$$d27f67f0.jpaVendorAdapter(<generated>)
	at sun.reflect.NativeMethodAccessorImpl.invoke0(Native Method)
	at sun.reflect.NativeMethodAccessorImpl.invoke(NativeMethodAccessorImpl.java:62)
	at sun.reflect.DelegatingMethodAccessorImpl.invoke(DelegatingMethodAccessorImpl.java:43)
	at java.lang.reflect.Method.invoke(Method.java:498)
	at org.springframework.beans.factory.support.SimpleInstantiationStrategy.instantiate(SimpleInstantiationStrategy.java:154)
	at org.springframework.beans.factory.support.ConstructorResolver.instantiate(ConstructorResolver.java:622)
	at org.springframework.beans.factory.support.ConstructorResolver.instantiateUsingFactoryMethod(ConstructorResolver.java:456)
	at org.springframework.beans.factory.support.AbstractAutowireCapableBeanFactory.instantiateUsingFactoryMethod(AbstractAutowireCapableBeanFactory.java:1321)
	at org.springframework.beans.factory.support.AbstractAutowireCapableBeanFactory.createBeanInstance(AbstractAutowireCapableBeanFactory.java:1160)
	at org.springframework.beans.factory.support.AbstractAutowireCapableBeanFactory.doCreateBean(AbstractAutowireCapableBeanFactory.java:555)
	at org.springframework.beans.factory.support.AbstractAutowireCapableBeanFactory.createBean(AbstractAutowireCapableBeanFactory.java:515)
	at org.springframework.beans.factory.support.AbstractBeanFactory.lambda$doGetBean$0(AbstractBeanFactory.java:320)
	at org.springframework.beans.factory.support.DefaultSingletonBeanRegistry.getSingleton(DefaultSingletonBeanRegistry.java:222)
	at org.springframework.beans.factory.support.AbstractBeanFactory.doGetBean(AbstractBeanFactory.java:318)
	at org.springframework.beans.factory.support.AbstractBeanFactory.getBean(AbstractBeanFactory.java:199)
	at org.springframework.beans.factory.config.DependencyDescriptor.resolveCandidate(DependencyDescriptor.java:277)
	at org.springframework.beans.factory.support.DefaultListableBeanFactory.doResolveDependency(DefaultListableBeanFactory.java:1247)
	at org.springframework.beans.factory.support.DefaultListableBeanFactory.resolveDependency(DefaultListableBeanFactory.java:1167)
	at org.springframework.beans.factory.support.ConstructorResolver.resolveAutowiredArgument(ConstructorResolver.java:857)
	at org.springframework.beans.factory.support.ConstructorResolver.createArgumentArray(ConstructorResolver.java:760)
	at org.springframework.beans.factory.support.ConstructorResolver.instantiateUsingFactoryMethod(ConstructorResolver.java:509)
	at org.springframework.beans.factory.support.AbstractAutowireCapableBeanFactory.instantiateUsingFactoryMethod(AbstractAutowireCapableBeanFactory.java:1321)
	at org.springframework.beans.factory.support.AbstractAutowireCapableBeanFactory.createBeanInstance(AbstractAutowireCapableBeanFactory.java:1160)
	at org.springframework.beans.factory.support.AbstractAutowireCapableBeanFactory.doCreateBean(AbstractAutowireCapableBeanFactory.java:555)
	at org.springframework.beans.factory.support.AbstractAutowireCapableBeanFactory.createBean(AbstractAutowireCapableBeanFactory.java:515)
	at org.springframework.beans.factory.support.AbstractBeanFactory.lambda$doGetBean$0(AbstractBeanFactory.java:320)
	at org.springframework.beans.factory.support.DefaultSingletonBeanRegistry.getSingleton(DefaultSingletonBeanRegistry.java:222)
	at org.springframework.beans.factory.support.AbstractBeanFactory.doGetBean(AbstractBeanFactory.java:318)
	at org.springframework.beans.factory.support.AbstractBeanFactory.getBean(AbstractBeanFactory.java:199)
	at org.springframework.beans.factory.config.DependencyDescriptor.resolveCandidate(DependencyDescriptor.java:277)
	at org.springframework.beans.factory.support.DefaultListableBeanFactory.doResolveDependency(DefaultListableBeanFactory.java:1247)
	at org.springframework.beans.factory.support.DefaultListableBeanFactory.resolveDependency(DefaultListableBeanFactory.java:1167)
	at org.springframework.beans.factory.support.ConstructorResolver.resolveAutowiredArgument(ConstructorResolver.java:857)
	at org.springframework.beans.factory.support.ConstructorResolver.createArgumentArray(ConstructorResolver.java:760)
	at org.springframework.beans.factory.support.ConstructorResolver.instantiateUsingFactoryMethod(ConstructorResolver.java:509)
	at org.springframework.beans.factory.support.AbstractAutowireCapableBeanFactory.instantiateUsingFactoryMethod(AbstractAutowireCapableBeanFactory.java:1321)
	at org.springframework.beans.factory.support.AbstractAutowireCapableBeanFactory.createBeanInstance(AbstractAutowireCapableBeanFactory.java:1160)
	at org.springframework.beans.factory.support.AbstractAutowireCapableBeanFactory.doCreateBean(AbstractAutowireCapableBeanFactory.java:555)
	at org.springframework.beans.factory.support.AbstractAutowireCapableBeanFactory.createBean(AbstractAutowireCapableBeanFactory.java:515)
	at org.springframework.beans.factory.support.AbstractBeanFactory.lambda$doGetBean$0(AbstractBeanFactory.java:320)
	at org.springframework.beans.factory.support.DefaultSingletonBeanRegistry.getSingleton(DefaultSingletonBeanRegistry.java:222)
	at org.springframework.beans.factory.support.AbstractBeanFactory.doGetBean(AbstractBeanFactory.java:318)
	at org.springframework.beans.factory.support.AbstractBeanFactory.getBean(AbstractBeanFactory.java:199)
	at org.springframework.context.support.AbstractApplicationContext.getBean(AbstractApplicationContext.java:1105)
	at org.springframework.context.support.AbstractApplicationContext.finishBeanFactoryInitialization(AbstractApplicationContext.java:867)
	at org.springframework.context.support.AbstractApplicationContext.refresh(AbstractApplicationContext.java:549)
	at org.springframework.boot.web.servlet.context.ServletWebServerApplicationContext.refresh(ServletWebServerApplicationContext.java:142)
	at org.springframework.boot.SpringApplication.refresh(SpringApplication.java:775)
	at org.springframework.boot.SpringApplication.refreshContext(SpringApplication.java:397)
	at org.springframework.boot.SpringApplication.run(SpringApplication.java:316)
	at org.springframework.boot.SpringApplication.run(SpringApplication.java:1260)
	at org.springframework.boot.SpringApplication.run(SpringApplication.java:1248)
	at AppApplication.main(AppApplication.java:14)
Caused by: org.springframework.jdbc.CannotGetJdbcConnectionException: Failed to obtain JDBC Connection; nested exception is com.mysql.cj.jdbc.exceptions.CommunicationsException: Communications link failure

The last packet sent successfully to the server was 0 milliseconds ago. The driver has not received any packets from the server.
	at org.springframework.jdbc.datasource.DataSourceUtils.getConnection(DataSourceUtils.java:81)
	at org.springframework.jdbc.support.JdbcUtils.extractDatabaseMetaData(JdbcUtils.java:319)
	... 62 common frames omitted
Caused by: com.mysql.cj.jdbc.exceptions.CommunicationsException: Communications link failure

The last packet sent successfully to the server was 0 milliseconds ago. The driver has not received any packets from the server.
	at com.mysql.cj.jdbc.exceptions.SQLError.createCommunicationsException(SQLError.java:174)
	at com.mysql.cj.jdbc.exceptions.SQLExceptionsMapping.translateException(SQLExceptionsMapping.java:64)
	at com.mysql.cj.jdbc.ConnectionImpl.createNewIO(ConnectionImpl.java:835)
	at com.mysql.cj.jdbc.ConnectionImpl.<init>(ConnectionImpl.java:455)
	at com.mysql.cj.jdbc.ConnectionImpl.getInstance(ConnectionImpl.java:240)
	at com.mysql.cj.jdbc.NonRegisteringDriver.connect(NonRegisteringDriver.java:199)
	at com.zaxxer.hikari.util.DriverDataSource.getConnection(DriverDataSource.java:136)
	at com.zaxxer.hikari.pool.PoolBase.newConnection(PoolBase.java:369)
	at com.zaxxer.hikari.pool.PoolBase.newPoolEntry(PoolBase.java:198)
	at com.zaxxer.hikari.pool.HikariPool.createPoolEntry(HikariPool.java:467)
	at com.zaxxer.hikari.pool.HikariPool.checkFailFast(HikariPool.java:541)
	at com.zaxxer.hikari.pool.HikariPool.<init>(HikariPool.java:115)
	at com.zaxxer.hikari.HikariDataSource.getConnection(HikariDataSource.java:112)
	at org.springframework.jdbc.datasource.DataSourceUtils.fetchConnection(DataSourceUtils.java:157)
	at org.springframework.jdbc.datasource.DataSourceUtils.doGetConnection(DataSourceUtils.java:115)
	at org.springframework.jdbc.datasource.DataSourceUtils.getConnection(DataSourceUtils.java:78)
	... 63 common frames omitted
Caused by: com.mysql.cj.exceptions.CJCommunicationsException: Communications link failure

The last packet sent successfully to the server was 0 milliseconds ago. The driver has not received any packets from the server.
	at sun.reflect.NativeConstructorAccessorImpl.newInstance0(Native Method)
	at sun.reflect.NativeConstructorAccessorImpl.newInstance(NativeConstructorAccessorImpl.java:62)
	at sun.reflect.DelegatingConstructorAccessorImpl.newInstance(DelegatingConstructorAccessorImpl.java:45)
	at java.lang.reflect.Constructor.newInstance(Constructor.java:423)
	at com.mysql.cj.exceptions.ExceptionFactory.createException(ExceptionFactory.java:61)
	at com.mysql.cj.exceptions.ExceptionFactory.createException(ExceptionFactory.java:105)
	at com.mysql.cj.exceptions.ExceptionFactory.createException(ExceptionFactory.java:151)
	at com.mysql.cj.exceptions.ExceptionFactory.createCommunicationsException(ExceptionFactory.java:167)
	at com.mysql.cj.protocol.a.NativeSocketConnection.connect(NativeSocketConnection.java:91)
	at com.mysql.cj.NativeSession.connect(NativeSession.java:152)
	at com.mysql.cj.jdbc.ConnectionImpl.connectOneTryOnly(ConnectionImpl.java:955)
	at com.mysql.cj.jdbc.ConnectionImpl.createNewIO(ConnectionImpl.java:825)
	... 76 common frames omitted
Caused by: java.net.ConnectException: Connection refused: connect
	at java.net.DualStackPlainSocketImpl.waitForConnect(Native Method)
	at java.net.DualStackPlainSocketImpl.socketConnect(DualStackPlainSocketImpl.java:85)
	at java.net.AbstractPlainSocketImpl.doConnect(AbstractPlainSocketImpl.java:350)
	at java.net.AbstractPlainSocketImpl.connectToAddress(AbstractPlainSocketImpl.java:206)
	at java.net.AbstractPlainSocketImpl.connect(AbstractPlainSocketImpl.java:188)
	at java.net.PlainSocketImpl.connect(PlainSocketImpl.java:172)
	at java.net.SocksSocketImpl.connect(SocksSocketImpl.java:392)
	at java.net.Socket.connect(Socket.java:589)
	at com.mysql.cj.protocol.StandardSocketFactory.connect(StandardSocketFactory.java:155)
	at com.mysql.cj.protocol.a.NativeSocketConnection.connect(NativeSocketConnection.java:65)
	... 79 common frames omitted
2019-04-27 19:09:44,814 -- logPersistenceUnitInformation - HHH000204: Processing PersistenceUnitInfo [
	name: default
	...]
2019-04-27 19:09:44,865 -- logVersion - HHH000412: Hibernate Core {5.3.9.Final}
2019-04-27 19:09:44,866 -- <clinit> - HHH000206: hibernate.properties not found
2019-04-27 19:09:45,024 -- <clinit> - HCANN000001: Hibernate Commons Annotations {5.0.4.Final}
2019-04-27 19:09:45,221 -- getConnection - HikariPool-1 - Starting...
2019-04-27 19:09:47,227 -- initiateService - HHH000342: Could not obtain connection to query metadata : Communications link failure

The last packet sent successfully to the server was 0 milliseconds ago. The driver has not received any packets from the server.
2019-04-27 19:09:47,231 -- refresh - Exception encountered during context initialization - cancelling refresh attempt: org.springframework.beans.factory.BeanCreationException: Error creating bean with name 'entityManagerFactory' defined in class path resource [org/springframework/boot/autoconfigure/orm/jpa/HibernateJpaConfiguration.class]: Invocation of init method failed; nested exception is org.hibernate.service.spi.ServiceException: Unable to create requested service [org.hibernate.engine.jdbc.env.spi.JdbcEnvironment]
2019-04-27 19:09:47,238 -- log - Stopping service [Tomcat]
2019-04-27 19:09:47,262 -- logMessage - 

Error starting ApplicationContext. To display the conditions report re-run your application with 'debug' enabled.
2019-04-27 19:10:05,116 -- logStarting - Starting AppApplication on DESKTOP-2RE8KLJ with PID 3440 (E:\Tools\Java\WorkSpace\Shadow\app\target\classes started by HyZhan in E:\Tools\Java\WorkSpace\Shadow)
2019-04-27 19:10:05,118 -- logStartupProfileInfo - The following profiles are active: dev
2019-04-27 19:10:05,839 -- registerRepositoriesIn - Bootstrapping Spring Data repositories in DEFAULT mode.
2019-04-27 19:10:05,933 -- registerRepositoriesIn - Finished Spring Data repository scanning in 88ms. Found 6 repository interfaces.
2019-04-27 19:10:06,199 -- postProcessAfterInitialization - Bean 'org.springframework.transaction.annotation.ProxyTransactionManagementConfiguration' of type [org.springframework.transaction.annotation.ProxyTransactionManagementConfiguration$$EnhancerBySpringCGLIB$$dce80aed] is not eligible for getting processed by all BeanPostProcessors (for example: not eligible for auto-proxying)
2019-04-27 19:10:06,451 -- initialize - Tomcat initialized with port(s): 3000 (http)
2019-04-27 19:10:06,463 -- log - Initializing ProtocolHandler ["http-nio-3000"]
2019-04-27 19:10:06,470 -- log - Starting service [Tomcat]
2019-04-27 19:10:06,471 -- log - Starting Servlet engine: [Apache Tomcat/9.0.17]
2019-04-27 19:10:06,568 -- log - Initializing Spring embedded WebApplicationContext
2019-04-27 19:10:06,569 -- prepareWebApplicationContext - Root WebApplicationContext: initialization completed in 1412 ms
2019-04-27 19:10:06,695 -- getConnection - HikariPool-1 - Starting...
2019-04-27 19:10:06,932 -- getConnection - HikariPool-1 - Start completed.
2019-04-27 19:10:06,978 -- logPersistenceUnitInformation - HHH000204: Processing PersistenceUnitInfo [
	name: default
	...]
2019-04-27 19:10:07,023 -- logVersion - HHH000412: Hibernate Core {5.3.9.Final}
2019-04-27 19:10:07,024 -- <clinit> - HHH000206: hibernate.properties not found
2019-04-27 19:10:07,127 -- <clinit> - HCANN000001: Hibernate Commons Annotations {5.0.4.Final}
2019-04-27 19:10:07,248 -- <init> - HHH000400: Using dialect: org.hibernate.dialect.MySQL5Dialect
2019-04-27 19:10:08,187 -- buildNativeEntityManagerFactory - Initialized JPA EntityManagerFactory for persistence unit 'default'
2019-04-27 19:10:08,824 -- initialize - Initializing ExecutorService 'applicationTaskExecutor'
2019-04-27 19:10:08,868 -- openEntityManagerInViewInterceptor - spring.jpa.open-in-view is enabled by default. Therefore, database queries may be performed during view rendering. Explicitly configure spring.jpa.open-in-view to disable this warning
2019-04-27 19:10:08,972 -- <init> - Adding welcome page: class path resource [doc/index.html]
2019-04-27 19:10:09,055 -- log - Starting ProtocolHandler ["http-nio-3000"]
2019-04-27 19:10:09,093 -- start - Tomcat started on port(s): 3000 (http) with context path ''
2019-04-27 19:10:09,095 -- logStarted - Started AppApplication in 4.559 seconds (JVM running for 5.051)
2019-04-27 19:10:23,838 -- log - Initializing Spring DispatcherServlet 'dispatcherServlet'
2019-04-27 19:10:23,838 -- initServletBean - Initializing Servlet 'dispatcherServlet'
2019-04-27 19:10:23,854 -- initServletBean - Completed initialization in 14 ms
2019-04-27 19:11:08,182 -- logStarting - Starting AppApplication on DESKTOP-2RE8KLJ with PID 8328 (E:\Tools\Java\WorkSpace\Shadow\app\target\classes started by HyZhan in E:\Tools\Java\WorkSpace\Shadow)
2019-04-27 19:11:08,185 -- logStartupProfileInfo - The following profiles are active: dev
2019-04-27 19:11:09,009 -- registerRepositoriesIn - Bootstrapping Spring Data repositories in DEFAULT mode.
2019-04-27 19:11:09,103 -- registerRepositoriesIn - Finished Spring Data repository scanning in 88ms. Found 6 repository interfaces.
2019-04-27 19:11:09,361 -- postProcessAfterInitialization - Bean 'org.springframework.transaction.annotation.ProxyTransactionManagementConfiguration' of type [org.springframework.transaction.annotation.ProxyTransactionManagementConfiguration$$EnhancerBySpringCGLIB$$1813e886] is not eligible for getting processed by all BeanPostProcessors (for example: not eligible for auto-proxying)
2019-04-27 19:11:09,615 -- initialize - Tomcat initialized with port(s): 3000 (http)
2019-04-27 19:11:09,627 -- log - Initializing ProtocolHandler ["http-nio-3000"]
2019-04-27 19:11:09,635 -- log - Starting service [Tomcat]
2019-04-27 19:11:09,635 -- log - Starting Servlet engine: [Apache Tomcat/9.0.17]
2019-04-27 19:11:09,745 -- log - Initializing Spring embedded WebApplicationContext
2019-04-27 19:11:09,745 -- prepareWebApplicationContext - Root WebApplicationContext: initialization completed in 1478 ms
2019-04-27 19:11:09,873 -- getConnection - HikariPool-1 - Starting...
2019-04-27 19:11:09,958 -- getConnection - HikariPool-1 - Start completed.
2019-04-27 19:11:10,058 -- logPersistenceUnitInformation - HHH000204: Processing PersistenceUnitInfo [
	name: default
	...]
2019-04-27 19:11:10,117 -- logVersion - HHH000412: Hibernate Core {5.3.9.Final}
2019-04-27 19:11:10,118 -- <clinit> - HHH000206: hibernate.properties not found
2019-04-27 19:11:10,214 -- <clinit> - HCANN000001: Hibernate Commons Annotations {5.0.4.Final}
2019-04-27 19:11:10,326 -- <init> - HHH000400: Using dialect: org.hibernate.dialect.MySQL5Dialect
2019-04-27 19:11:10,969 -- buildNativeEntityManagerFactory - Initialized JPA EntityManagerFactory for persistence unit 'default'
2019-04-27 19:11:11,533 -- initialize - Initializing ExecutorService 'applicationTaskExecutor'
2019-04-27 19:11:11,569 -- openEntityManagerInViewInterceptor - spring.jpa.open-in-view is enabled by default. Therefore, database queries may be performed during view rendering. Explicitly configure spring.jpa.open-in-view to disable this warning
2019-04-27 19:11:11,680 -- <init> - Adding welcome page: class path resource [doc/index.html]
2019-04-27 19:11:11,756 -- log - Starting ProtocolHandler ["http-nio-3000"]
2019-04-27 19:11:11,776 -- start - Tomcat started on port(s): 3000 (http) with context path ''
2019-04-27 19:11:11,778 -- logStarted - Started AppApplication in 4.105 seconds (JVM running for 4.652)
2019-04-27 19:11:16,449 -- log - Initializing Spring DispatcherServlet 'dispatcherServlet'
2019-04-27 19:11:16,449 -- initServletBean - Initializing Servlet 'dispatcherServlet'
2019-04-27 19:11:16,455 -- initServletBean - Completed initialization in 6 ms
2019-04-27 19:17:36,299 -- logStarting - Starting AppApplication on DESKTOP-2RE8KLJ with PID 9792 (E:\Tools\Java\WorkSpace\Shadow\app\target\classes started by HyZhan in E:\Tools\Java\WorkSpace\Shadow)
2019-04-27 19:17:36,302 -- logStartupProfileInfo - The following profiles are active: dev
2019-04-27 19:17:37,001 -- registerRepositoriesIn - Bootstrapping Spring Data repositories in DEFAULT mode.
2019-04-27 19:17:37,090 -- registerRepositoriesIn - Finished Spring Data repository scanning in 82ms. Found 6 repository interfaces.
2019-04-27 19:17:37,357 -- postProcessAfterInitialization - Bean 'org.springframework.transaction.annotation.ProxyTransactionManagementConfiguration' of type [org.springframework.transaction.annotation.ProxyTransactionManagementConfiguration$$EnhancerBySpringCGLIB$$6e5ff379] is not eligible for getting processed by all BeanPostProcessors (for example: not eligible for auto-proxying)
2019-04-27 19:17:37,608 -- initialize - Tomcat initialized with port(s): 3000 (http)
2019-04-27 19:17:37,619 -- log - Initializing ProtocolHandler ["http-nio-3000"]
2019-04-27 19:17:37,627 -- log - Starting service [Tomcat]
2019-04-27 19:17:37,627 -- log - Starting Servlet engine: [Apache Tomcat/9.0.17]
2019-04-27 19:17:37,737 -- log - Initializing Spring embedded WebApplicationContext
2019-04-27 19:17:37,737 -- prepareWebApplicationContext - Root WebApplicationContext: initialization completed in 1350 ms
2019-04-27 19:17:37,883 -- getConnection - HikariPool-1 - Starting...
2019-04-27 19:17:38,045 -- getConnection - HikariPool-1 - Start completed.
2019-04-27 19:17:38,094 -- logPersistenceUnitInformation - HHH000204: Processing PersistenceUnitInfo [
	name: default
	...]
2019-04-27 19:17:38,141 -- logVersion - HHH000412: Hibernate Core {5.3.9.Final}
2019-04-27 19:17:38,143 -- <clinit> - HHH000206: hibernate.properties not found
2019-04-27 19:17:38,246 -- <clinit> - HCANN000001: Hibernate Commons Annotations {5.0.4.Final}
2019-04-27 19:17:38,362 -- <init> - HHH000400: Using dialect: org.hibernate.dialect.MySQL5Dialect
2019-04-27 19:17:39,102 -- buildNativeEntityManagerFactory - Initialized JPA EntityManagerFactory for persistence unit 'default'
2019-04-27 19:17:39,670 -- initialize - Initializing ExecutorService 'applicationTaskExecutor'
2019-04-27 19:17:39,704 -- openEntityManagerInViewInterceptor - spring.jpa.open-in-view is enabled by default. Therefore, database queries may be performed during view rendering. Explicitly configure spring.jpa.open-in-view to disable this warning
2019-04-27 19:17:39,796 -- <init> - Adding welcome page: class path resource [doc/index.html]
2019-04-27 19:17:39,871 -- log - Starting ProtocolHandler ["http-nio-3000"]
2019-04-27 19:17:39,893 -- start - Tomcat started on port(s): 3000 (http) with context path ''
2019-04-27 19:17:39,894 -- logStarted - Started AppApplication in 4.259 seconds (JVM running for 4.754)
2019-04-27 19:18:37,860 -- log - Initializing Spring DispatcherServlet 'dispatcherServlet'
2019-04-27 19:18:37,860 -- initServletBean - Initializing Servlet 'dispatcherServlet'
2019-04-27 19:18:37,866 -- initServletBean - Completed initialization in 6 ms
2019-04-27 19:24:09,349 -- logStarting - Starting AppApplication on DESKTOP-2RE8KLJ with PID 12420 (E:\Tools\Java\WorkSpace\Shadow\app\target\classes started by HyZhan in E:\Tools\Java\WorkSpace\Shadow)
2019-04-27 19:24:09,352 -- logStartupProfileInfo - The following profiles are active: dev
2019-04-27 19:24:10,171 -- registerRepositoriesIn - Bootstrapping Spring Data repositories in DEFAULT mode.
2019-04-27 19:24:10,260 -- registerRepositoriesIn - Finished Spring Data repository scanning in 84ms. Found 6 repository interfaces.
2019-04-27 19:24:10,529 -- postProcessAfterInitialization - Bean 'org.springframework.transaction.annotation.ProxyTransactionManagementConfiguration' of type [org.springframework.transaction.annotation.ProxyTransactionManagementConfiguration$$EnhancerBySpringCGLIB$$e188f483] is not eligible for getting processed by all BeanPostProcessors (for example: not eligible for auto-proxying)
2019-04-27 19:24:10,798 -- initialize - Tomcat initialized with port(s): 3000 (http)
2019-04-27 19:24:10,811 -- log - Initializing ProtocolHandler ["http-nio-3000"]
2019-04-27 19:24:10,818 -- log - Starting service [Tomcat]
2019-04-27 19:24:10,819 -- log - Starting Servlet engine: [Apache Tomcat/9.0.17]
2019-04-27 19:24:10,918 -- log - Initializing Spring embedded WebApplicationContext
2019-04-27 19:24:10,919 -- prepareWebApplicationContext - Root WebApplicationContext: initialization completed in 1432 ms
2019-04-27 19:24:11,054 -- getConnection - HikariPool-1 - Starting...
2019-04-27 19:24:11,218 -- getConnection - HikariPool-1 - Start completed.
2019-04-27 19:24:11,265 -- logPersistenceUnitInformation - HHH000204: Processing PersistenceUnitInfo [
	name: default
	...]
2019-04-27 19:24:11,311 -- logVersion - HHH000412: Hibernate Core {5.3.9.Final}
2019-04-27 19:24:11,312 -- <clinit> - HHH000206: hibernate.properties not found
2019-04-27 19:24:11,418 -- <clinit> - HCANN000001: Hibernate Commons Annotations {5.0.4.Final}
2019-04-27 19:24:11,539 -- <init> - HHH000400: Using dialect: org.hibernate.dialect.MySQL5Dialect
2019-04-27 19:24:12,187 -- buildNativeEntityManagerFactory - Initialized JPA EntityManagerFactory for persistence unit 'default'
2019-04-27 19:24:13,288 -- initialize - Initializing ExecutorService 'applicationTaskExecutor'
2019-04-27 19:24:13,331 -- openEntityManagerInViewInterceptor - spring.jpa.open-in-view is enabled by default. Therefore, database queries may be performed during view rendering. Explicitly configure spring.jpa.open-in-view to disable this warning
2019-04-27 19:24:13,443 -- <init> - Adding welcome page: class path resource [doc/index.html]
2019-04-27 19:24:13,549 -- log - Starting ProtocolHandler ["http-nio-3000"]
2019-04-27 19:24:13,570 -- start - Tomcat started on port(s): 3000 (http) with context path ''
2019-04-27 19:24:13,572 -- logStarted - Started AppApplication in 4.826 seconds (JVM running for 5.337)
2019-04-27 19:24:16,303 -- log - Initializing Spring DispatcherServlet 'dispatcherServlet'
2019-04-27 19:24:16,304 -- initServletBean - Initializing Servlet 'dispatcherServlet'
2019-04-27 19:24:16,310 -- initServletBean - Completed initialization in 6 ms
2019-04-27 19:51:10,688 -- buildExpressionFactory - Loaded expression factory via original TCCL
2019-04-27 19:51:10,764 -- logStarting - Starting AppApplication on DESKTOP-2RE8KLJ with PID 11644 (E:\Tools\Java\WorkSpace\Shadow\app\target\classes started by HyZhan in E:\Tools\Java\WorkSpace\Shadow)
2019-04-27 19:51:10,765 -- logStartupProfileInfo - The following profiles are active: dev
2019-04-27 19:51:11,540 -- registerRepositoriesIn - Bootstrapping Spring Data repositories in DEFAULT mode.
2019-04-27 19:51:11,629 -- registerRepositoriesIn - Finished Spring Data repository scanning in 82ms. Found 6 repository interfaces.
2019-04-27 19:51:11,887 -- postProcessAfterInitialization - Bean 'org.springframework.transaction.annotation.ProxyTransactionManagementConfiguration' of type [org.springframework.transaction.annotation.ProxyTransactionManagementConfiguration$$EnhancerBySpringCGLIB$$fbd32703] is not eligible for getting processed by all BeanPostProcessors (for example: not eligible for auto-proxying)
2019-04-27 19:51:12,150 -- initialize - Tomcat initialized with port(s): 3000 (http)
2019-04-27 19:51:12,163 -- log - Initializing ProtocolHandler ["http-nio-3000"]
2019-04-27 19:51:12,173 -- log - Starting service [Tomcat]
2019-04-27 19:51:12,173 -- log - Starting Servlet engine: [Apache Tomcat/9.0.17]
2019-04-27 19:51:12,280 -- log - Initializing Spring embedded WebApplicationContext
2019-04-27 19:51:12,280 -- prepareWebApplicationContext - Root WebApplicationContext: initialization completed in 1465 ms
2019-04-27 19:51:12,419 -- getConnection - HikariPool-1 - Starting...
2019-04-27 19:51:12,604 -- getConnection - HikariPool-1 - Start completed.
2019-04-27 19:51:12,653 -- logPersistenceUnitInformation - HHH000204: Processing PersistenceUnitInfo [
	name: default
	...]
2019-04-27 19:51:12,700 -- logVersion - HHH000412: Hibernate Core {5.3.9.Final}
2019-04-27 19:51:12,701 -- <clinit> - HHH000206: hibernate.properties not found
2019-04-27 19:51:12,814 -- <clinit> - HCANN000001: Hibernate Commons Annotations {5.0.4.Final}
2019-04-27 19:51:12,950 -- <init> - HHH000400: Using dialect: org.hibernate.dialect.MySQL5Dialect
2019-04-27 19:51:13,649 -- buildNativeEntityManagerFactory - Initialized JPA EntityManagerFactory for persistence unit 'default'
2019-04-27 19:51:14,236 -- initialize - Initializing ExecutorService 'applicationTaskExecutor'
2019-04-27 19:51:14,278 -- openEntityManagerInViewInterceptor - spring.jpa.open-in-view is enabled by default. Therefore, database queries may be performed during view rendering. Explicitly configure spring.jpa.open-in-view to disable this warning
2019-04-27 19:51:14,390 -- <init> - Adding welcome page: class path resource [doc/index.html]
2019-04-27 19:51:14,476 -- log - Starting ProtocolHandler ["http-nio-3000"]
2019-04-27 19:51:14,497 -- start - Tomcat started on port(s): 3000 (http) with context path ''
2019-04-27 19:51:14,500 -- logStarted - Started AppApplication in 4.286 seconds (JVM running for 4.895)
2019-04-27 19:51:37,581 -- log - Initializing Spring DispatcherServlet 'dispatcherServlet'
2019-04-27 19:51:37,582 -- initServletBean - Initializing Servlet 'dispatcherServlet'
2019-04-27 19:51:37,589 -- initServletBean - Completed initialization in 6 ms
2019-04-27 19:52:44,651 -- initiateService - HHH000397: Using ASTQueryTranslatorFactory
2019-04-27 19:54:00,061 -- logStarting - Starting AppApplication on DESKTOP-2RE8KLJ with PID 1716 (E:\Tools\Java\WorkSpace\Shadow\app\target\classes started by HyZhan in E:\Tools\Java\WorkSpace\Shadow)
2019-04-27 19:54:00,064 -- logStartupProfileInfo - The following profiles are active: dev
2019-04-27 19:54:00,860 -- registerRepositoriesIn - Bootstrapping Spring Data repositories in DEFAULT mode.
2019-04-27 19:54:00,955 -- registerRepositoriesIn - Finished Spring Data repository scanning in 89ms. Found 6 repository interfaces.
2019-04-27 19:54:01,234 -- postProcessAfterInitialization - Bean 'org.springframework.transaction.annotation.ProxyTransactionManagementConfiguration' of type [org.springframework.transaction.annotation.ProxyTransactionManagementConfiguration$$EnhancerBySpringCGLIB$$749846f7] is not eligible for getting processed by all BeanPostProcessors (for example: not eligible for auto-proxying)
2019-04-27 19:54:01,491 -- initialize - Tomcat initialized with port(s): 3000 (http)
2019-04-27 19:54:01,503 -- log - Initializing ProtocolHandler ["http-nio-3000"]
2019-04-27 19:54:01,511 -- log - Starting service [Tomcat]
2019-04-27 19:54:01,511 -- log - Starting Servlet engine: [Apache Tomcat/9.0.17]
2019-04-27 19:54:01,608 -- log - Initializing Spring embedded WebApplicationContext
2019-04-27 19:54:01,609 -- prepareWebApplicationContext - Root WebApplicationContext: initialization completed in 1447 ms
2019-04-27 19:54:01,736 -- getConnection - HikariPool-1 - Starting...
2019-04-27 19:54:01,909 -- getConnection - HikariPool-1 - Start completed.
2019-04-27 19:54:01,958 -- logPersistenceUnitInformation - HHH000204: Processing PersistenceUnitInfo [
	name: default
	...]
2019-04-27 19:54:02,004 -- logVersion - HHH000412: Hibernate Core {5.3.9.Final}
2019-04-27 19:54:02,006 -- <clinit> - HHH000206: hibernate.properties not found
2019-04-27 19:54:02,114 -- <clinit> - HCANN000001: Hibernate Commons Annotations {5.0.4.Final}
2019-04-27 19:54:02,234 -- <init> - HHH000400: Using dialect: org.hibernate.dialect.MySQL5Dialect
2019-04-27 19:54:02,969 -- buildNativeEntityManagerFactory - Initialized JPA EntityManagerFactory for persistence unit 'default'
2019-04-27 19:54:03,557 -- initialize - Initializing ExecutorService 'applicationTaskExecutor'
2019-04-27 19:54:03,595 -- openEntityManagerInViewInterceptor - spring.jpa.open-in-view is enabled by default. Therefore, database queries may be performed during view rendering. Explicitly configure spring.jpa.open-in-view to disable this warning
2019-04-27 19:54:03,697 -- <init> - Adding welcome page: class path resource [doc/index.html]
2019-04-27 19:54:03,788 -- log - Starting ProtocolHandler ["http-nio-3000"]
2019-04-27 19:54:03,811 -- start - Tomcat started on port(s): 3000 (http) with context path ''
2019-04-27 19:54:03,814 -- logStarted - Started AppApplication in 4.261 seconds (JVM running for 4.776)
2019-04-27 19:54:07,429 -- log - Initializing Spring DispatcherServlet 'dispatcherServlet'
2019-04-27 19:54:07,429 -- initServletBean - Initializing Servlet 'dispatcherServlet'
2019-04-27 19:54:07,435 -- initServletBean - Completed initialization in 5 ms
2019-04-27 19:54:07,548 -- initiateService - HHH000397: Using ASTQueryTranslatorFactory
2019-04-27 20:05:02,907 -- logStarting - Starting AppApplication on DESKTOP-2RE8KLJ with PID 12836 (E:\Tools\Java\WorkSpace\Shadow\app\target\classes started by HyZhan in E:\Tools\Java\WorkSpace\Shadow)
2019-04-27 20:05:02,917 -- logStartupProfileInfo - The following profiles are active: dev
2019-04-27 20:05:03,741 -- registerRepositoriesIn - Bootstrapping Spring Data repositories in DEFAULT mode.
2019-04-27 20:05:03,831 -- registerRepositoriesIn - Finished Spring Data repository scanning in 84ms. Found 6 repository interfaces.
2019-04-27 20:05:04,096 -- postProcessAfterInitialization - Bean 'org.springframework.transaction.annotation.ProxyTransactionManagementConfiguration' of type [org.springframework.transaction.annotation.ProxyTransactionManagementConfiguration$$EnhancerBySpringCGLIB$$5fa57716] is not eligible for getting processed by all BeanPostProcessors (for example: not eligible for auto-proxying)
2019-04-27 20:05:04,352 -- initialize - Tomcat initialized with port(s): 3000 (http)
2019-04-27 20:05:04,365 -- log - Initializing ProtocolHandler ["http-nio-3000"]
2019-04-27 20:05:04,372 -- log - Starting service [Tomcat]
2019-04-27 20:05:04,373 -- log - Starting Servlet engine: [Apache Tomcat/9.0.17]
2019-04-27 20:05:04,478 -- log - Initializing Spring embedded WebApplicationContext
2019-04-27 20:05:04,479 -- prepareWebApplicationContext - Root WebApplicationContext: initialization completed in 1480 ms
2019-04-27 20:05:04,608 -- getConnection - HikariPool-1 - Starting...
2019-04-27 20:05:04,696 -- getConnection - HikariPool-1 - Start completed.
2019-04-27 20:05:04,794 -- logPersistenceUnitInformation - HHH000204: Processing PersistenceUnitInfo [
	name: default
	...]
2019-04-27 20:05:04,855 -- logVersion - HHH000412: Hibernate Core {5.3.9.Final}
2019-04-27 20:05:04,857 -- <clinit> - HHH000206: hibernate.properties not found
2019-04-27 20:05:04,964 -- <clinit> - HCANN000001: Hibernate Commons Annotations {5.0.4.Final}
2019-04-27 20:05:05,078 -- <init> - HHH000400: Using dialect: org.hibernate.dialect.MySQL5Dialect
2019-04-27 20:05:05,712 -- buildNativeEntityManagerFactory - Initialized JPA EntityManagerFactory for persistence unit 'default'
2019-04-27 20:05:06,278 -- initialize - Initializing ExecutorService 'applicationTaskExecutor'
2019-04-27 20:05:06,314 -- openEntityManagerInViewInterceptor - spring.jpa.open-in-view is enabled by default. Therefore, database queries may be performed during view rendering. Explicitly configure spring.jpa.open-in-view to disable this warning
2019-04-27 20:05:06,413 -- <init> - Adding welcome page: class path resource [doc/index.html]
2019-04-27 20:05:06,506 -- log - Starting ProtocolHandler ["http-nio-3000"]
2019-04-27 20:05:06,527 -- start - Tomcat started on port(s): 3000 (http) with context path ''
2019-04-27 20:05:06,528 -- logStarted - Started AppApplication in 4.104 seconds (JVM running for 4.64)
2019-04-27 20:06:50,580 -- log - Initializing Spring DispatcherServlet 'dispatcherServlet'
2019-04-27 20:06:50,580 -- initServletBean - Initializing Servlet 'dispatcherServlet'
2019-04-27 20:06:50,586 -- initServletBean - Completed initialization in 6 ms
2019-04-27 20:16:13,140 -- logStarting - Starting AppApplication on DESKTOP-2RE8KLJ with PID 7004 (E:\Tools\Java\WorkSpace\Shadow\app\target\classes started by HyZhan in E:\Tools\Java\WorkSpace\Shadow)
2019-04-27 20:16:13,143 -- logStartupProfileInfo - The following profiles are active: dev
2019-04-27 20:16:13,906 -- registerRepositoriesIn - Bootstrapping Spring Data repositories in DEFAULT mode.
2019-04-27 20:16:14,000 -- registerRepositoriesIn - Finished Spring Data repository scanning in 87ms. Found 6 repository interfaces.
2019-04-27 20:16:14,271 -- postProcessAfterInitialization - Bean 'org.springframework.transaction.annotation.ProxyTransactionManagementConfiguration' of type [org.springframework.transaction.annotation.ProxyTransactionManagementConfiguration$$EnhancerBySpringCGLIB$$24160847] is not eligible for getting processed by all BeanPostProcessors (for example: not eligible for auto-proxying)
2019-04-27 20:16:14,530 -- initialize - Tomcat initialized with port(s): 3000 (http)
2019-04-27 20:16:14,542 -- log - Initializing ProtocolHandler ["http-nio-3000"]
2019-04-27 20:16:14,550 -- log - Starting service [Tomcat]
2019-04-27 20:16:14,550 -- log - Starting Servlet engine: [Apache Tomcat/9.0.17]
2019-04-27 20:16:14,647 -- log - Initializing Spring embedded WebApplicationContext
2019-04-27 20:16:14,648 -- prepareWebApplicationContext - Root WebApplicationContext: initialization completed in 1448 ms
2019-04-27 20:16:14,778 -- getConnection - HikariPool-1 - Starting...
2019-04-27 20:16:14,947 -- getConnection - HikariPool-1 - Start completed.
2019-04-27 20:16:14,996 -- logPersistenceUnitInformation - HHH000204: Processing PersistenceUnitInfo [
	name: default
	...]
2019-04-27 20:16:15,062 -- logVersion - HHH000412: Hibernate Core {5.3.9.Final}
2019-04-27 20:16:15,067 -- <clinit> - HHH000206: hibernate.properties not found
2019-04-27 20:16:15,180 -- <clinit> - HCANN000001: Hibernate Commons Annotations {5.0.4.Final}
2019-04-27 20:16:15,308 -- <init> - HHH000400: Using dialect: org.hibernate.dialect.MySQL5Dialect
2019-04-27 20:16:15,996 -- buildNativeEntityManagerFactory - Initialized JPA EntityManagerFactory for persistence unit 'default'
2019-04-27 20:16:16,584 -- initialize - Initializing ExecutorService 'applicationTaskExecutor'
2019-04-27 20:16:16,626 -- openEntityManagerInViewInterceptor - spring.jpa.open-in-view is enabled by default. Therefore, database queries may be performed during view rendering. Explicitly configure spring.jpa.open-in-view to disable this warning
2019-04-27 20:16:16,747 -- <init> - Adding welcome page: class path resource [doc/index.html]
2019-04-27 20:16:16,832 -- log - Starting ProtocolHandler ["http-nio-3000"]
2019-04-27 20:16:16,854 -- start - Tomcat started on port(s): 3000 (http) with context path ''
2019-04-27 20:16:16,855 -- logStarted - Started AppApplication in 4.234 seconds (JVM running for 4.771)
2019-04-27 20:16:33,076 -- log - Initializing Spring DispatcherServlet 'dispatcherServlet'
2019-04-27 20:16:33,076 -- initServletBean - Initializing Servlet 'dispatcherServlet'
2019-04-27 20:16:33,082 -- initServletBean - Completed initialization in 6 ms
2019-04-27 20:16:40,017 -- initiateService - HHH000397: Using ASTQueryTranslatorFactory
2019-04-27 20:19:18,709 -- logStarting - Starting AppApplication on DESKTOP-2RE8KLJ with PID 6324 (E:\Tools\Java\WorkSpace\Shadow\app\target\classes started by HyZhan in E:\Tools\Java\WorkSpace\Shadow)
2019-04-27 20:19:18,712 -- logStartupProfileInfo - The following profiles are active: dev
2019-04-27 20:19:19,452 -- registerRepositoriesIn - Bootstrapping Spring Data repositories in DEFAULT mode.
2019-04-27 20:19:19,561 -- registerRepositoriesIn - Finished Spring Data repository scanning in 102ms. Found 6 repository interfaces.
2019-04-27 20:19:19,889 -- postProcessAfterInitialization - Bean 'org.springframework.transaction.annotation.ProxyTransactionManagementConfiguration' of type [org.springframework.transaction.annotation.ProxyTransactionManagementConfiguration$$EnhancerBySpringCGLIB$$e4862655] is not eligible for getting processed by all BeanPostProcessors (for example: not eligible for auto-proxying)
2019-04-27 20:19:20,213 -- initialize - Tomcat initialized with port(s): 3000 (http)
2019-04-27 20:19:20,227 -- log - Initializing ProtocolHandler ["http-nio-3000"]
2019-04-27 20:19:20,236 -- log - Starting service [Tomcat]
2019-04-27 20:19:20,236 -- log - Starting Servlet engine: [Apache Tomcat/9.0.17]
2019-04-27 20:19:20,361 -- log - Initializing Spring embedded WebApplicationContext
2019-04-27 20:19:20,361 -- prepareWebApplicationContext - Root WebApplicationContext: initialization completed in 1571 ms
2019-04-27 20:19:20,531 -- getConnection - HikariPool-1 - Starting...
2019-04-27 20:19:20,704 -- getConnection - HikariPool-1 - Start completed.
2019-04-27 20:19:20,759 -- logPersistenceUnitInformation - HHH000204: Processing PersistenceUnitInfo [
	name: default
	...]
2019-04-27 20:19:20,826 -- logVersion - HHH000412: Hibernate Core {5.3.9.Final}
2019-04-27 20:19:20,828 -- <clinit> - HHH000206: hibernate.properties not found
2019-04-27 20:19:20,970 -- <clinit> - HCANN000001: Hibernate Commons Annotations {5.0.4.Final}
2019-04-27 20:19:21,127 -- <init> - HHH000400: Using dialect: org.hibernate.dialect.MySQL5Dialect
2019-04-27 20:19:21,937 -- buildNativeEntityManagerFactory - Initialized JPA EntityManagerFactory for persistence unit 'default'
2019-04-27 20:19:22,770 -- initialize - Initializing ExecutorService 'applicationTaskExecutor'
2019-04-27 20:19:22,843 -- openEntityManagerInViewInterceptor - spring.jpa.open-in-view is enabled by default. Therefore, database queries may be performed during view rendering. Explicitly configure spring.jpa.open-in-view to disable this warning
2019-04-27 20:19:22,984 -- <init> - Adding welcome page: class path resource [doc/index.html]
2019-04-27 20:19:23,076 -- log - Starting ProtocolHandler ["http-nio-3000"]
2019-04-27 20:19:23,101 -- start - Tomcat started on port(s): 3000 (http) with context path ''
2019-04-27 20:19:23,103 -- logStarted - Started AppApplication in 4.915 seconds (JVM running for 6.468)
2019-04-27 20:19:27,956 -- log - Initializing Spring DispatcherServlet 'dispatcherServlet'
2019-04-27 20:19:27,957 -- initServletBean - Initializing Servlet 'dispatcherServlet'
2019-04-27 20:19:27,972 -- initServletBean - Completed initialization in 14 ms
2019-04-27 20:19:28,114 -- initiateService - HHH000397: Using ASTQueryTranslatorFactory
