2019-05-05 21:01:59,195 - error - -------------------------------------------------
2019-05-05 21:01:59,197 - error - java.lang.NullPointerException
2019-05-05 21:01:59,197 - error - -------------------------------------------------
2019-05-05 21:06:58,379 - error - -------------------------------------------------
2019-05-05 21:06:58,380 - error - java.lang.NullPointerException
2019-05-05 21:06:58,381 - error - -------------------------------------------------
2019-05-05 21:07:48,046 - error - -------------------------------------------------
2019-05-05 21:07:48,047 - error - java.lang.NullPointerException
2019-05-05 21:07:48,047 - error - -------------------------------------------------
2019-05-05 21:10:03,246 - error - -------------------------------------------------
2019-05-05 21:10:03,248 - error - java.lang.NullPointerException
2019-05-05 21:10:03,249 - error - -------------------------------------------------
2019-05-05 21:10:14,609 - error - -------------------------------------------------
2019-05-05 21:10:14,610 - error - java.lang.NullPointerException
2019-05-05 21:10:14,610 - error - -------------------------------------------------
2019-05-05 21:11:13,287 - error - -------------------------------------------------
2019-05-05 21:11:13,288 - error - java.lang.NullPointerException
2019-05-05 21:11:13,288 - error - -------------------------------------------------
2019-05-05 21:11:53,406 - error - -------------------------------------------------
2019-05-05 21:11:53,407 - error - java.lang.NullPointerException
2019-05-05 21:11:53,407 - error - -------------------------------------------------
2019-05-05 21:17:49,099 - error - -------------------------------------------------
2019-05-05 21:17:49,100 - error - java.lang.NullPointerException
2019-05-05 21:17:49,101 - error - -------------------------------------------------
2019-05-05 21:19:40,914 - error - -------------------------------------------------
2019-05-05 21:19:40,915 - error - java.lang.NullPointerException
2019-05-05 21:19:40,915 - error - -------------------------------------------------
2019-05-05 21:19:54,688 - report - 

***************************
APPLICATION FAILED TO START
***************************

Description:

The bean 'setUserService', defined in class path resource [com/example/core/interceptor/handle/BaseHandle.class], could not be registered. A bean with that name has already been defined in class path resource [com/example/core/interceptor/handle/AdminHandle.class] and overriding is disabled.

Action:

Consider renaming one of the beans or enabling overriding by setting spring.main.allow-bean-definition-overriding=true

2019-05-05 21:20:43,383 - report - 

***************************
APPLICATION FAILED TO START
***************************

Description:

The bean 'setUserService', defined in class path resource [com/example/core/interceptor/handle/GroupHandle.class], could not be registered. A bean with that name has already been defined in class path resource [com/example/core/interceptor/handle/BaseHandle.class] and overriding is disabled.

Action:

Consider renaming one of the beans or enabling overriding by setting spring.main.allow-bean-definition-overriding=true

2019-05-05 21:21:10,265 - error - -------------------------------------------------
2019-05-05 21:21:10,266 - error - java.lang.NullPointerException
2019-05-05 21:21:10,267 - error - -------------------------------------------------
2019-05-05 21:26:18,381 - error - -------------------------------------------------
2019-05-05 21:26:18,382 - error - java.lang.NullPointerException
2019-05-05 21:26:18,382 - error - -------------------------------------------------
2019-05-05 21:26:47,801 - error - -------------------------------------------------
2019-05-05 21:26:47,803 - error - java.lang.NullPointerException
2019-05-05 21:26:47,804 - error - -------------------------------------------------
2019-05-05 22:15:58,500 - error - -------------------------------------------------
2019-05-05 22:15:58,501 - error - java.lang.NullPointerException
2019-05-05 22:15:58,502 - error - -------------------------------------------------
2019-05-05 22:20:44,110 - report - 

***************************
APPLICATION FAILED TO START
***************************

Description:

Field adminHandle in com.example.core.interceptor.AuthenticationInterceptor required a bean of type 'com.example.core.interceptor.auth.handle.AdminHandle' that could not be found.

The injection point has the following annotations:
	- @org.springframework.beans.factory.annotation.Autowired(required=true)


Action:

Consider defining a bean of type 'com.example.core.interceptor.auth.handle.AdminHandle' in your configuration.

2019-05-05 22:21:32,874 - error - -------------------------------------------------
2019-05-05 22:21:32,875 - error - java.lang.NullPointerException
2019-05-05 22:21:32,875 - error - -------------------------------------------------
2019-05-05 22:24:05,909 - error - -------------------------------------------------
2019-05-05 22:24:05,911 - error - java.lang.NullPointerException
2019-05-05 22:24:05,911 - error - -------------------------------------------------
